{"meta": {"format": 3, "version": "7.10.3", "timestamp": "2025-08-15T08:44:23.011422", "branch_coverage": false, "show_contexts": false}, "files": {"src/dnd5e/__init__.py": {"executed_lines": [1, 3, 4, 5], "summary": {"covered_lines": 3, "num_statements": 3, "percent_covered": 100.0, "percent_covered_display": "100", "missing_lines": 0, "excluded_lines": 0}, "missing_lines": [], "excluded_lines": [], "functions": {"": {"executed_lines": [1, 3, 4, 5], "summary": {"covered_lines": 3, "num_statements": 3, "percent_covered": 100.0, "percent_covered_display": "100", "missing_lines": 0, "excluded_lines": 0}, "missing_lines": [], "excluded_lines": []}}, "classes": {"": {"executed_lines": [1, 3, 4, 5], "summary": {"covered_lines": 3, "num_statements": 3, "percent_covered": 100.0, "percent_covered_display": "100", "missing_lines": 0, "excluded_lines": 0}, "missing_lines": [], "excluded_lines": []}}}, "src/dnd5e/cli/__init__.py": {"executed_lines": [1, 3, 5], "summary": {"covered_lines": 2, "num_statements": 2, "percent_covered": 100.0, "percent_covered_display": "100", "missing_lines": 0, "excluded_lines": 0}, "missing_lines": [], "excluded_lines": [], "functions": {"": {"executed_lines": [1, 3, 5], "summary": {"covered_lines": 2, "num_statements": 2, "percent_covered": 100.0, "percent_covered_display": "100", "missing_lines": 0, "excluded_lines": 0}, "missing_lines": [], "excluded_lines": []}}, "classes": {"": {"executed_lines": [1, 3, 5], "summary": {"covered_lines": 2, "num_statements": 2, "percent_covered": 100.0, "percent_covered_display": "100", "missing_lines": 0, "excluded_lines": 0}, "missing_lines": [], "excluded_lines": []}}}, "src/dnd5e/cli/commands/__init__.py": {"executed_lines": [1], "summary": {"covered_lines": 0, "num_statements": 0, "percent_covered": 100.0, "percent_covered_display": "100", "missing_lines": 0, "excluded_lines": 0}, "missing_lines": [], "excluded_lines": [], "functions": {"": {"executed_lines": [1], "summary": {"covered_lines": 0, "num_statements": 0, "percent_covered": 100.0, "percent_covered_display": "100", "missing_lines": 0, "excluded_lines": 0}, "missing_lines": [], "excluded_lines": []}}, "classes": {"": {"executed_lines": [1], "summary": {"covered_lines": 0, "num_statements": 0, "percent_covered": 100.0, "percent_covered_display": "100", "missing_lines": 0, "excluded_lines": 0}, "missing_lines": [], "excluded_lines": []}}}, "src/dnd5e/cli/commands/convert.py": {"executed_lines": [1, 3, 4, 5, 6, 7, 9, 10, 12, 28, 29, 30, 31, 32, 33, 34, 35, 36, 37, 38, 39, 40, 43, 44, 46, 47, 50, 51, 53, 54, 55, 56, 59, 60, 62, 63, 64, 65, 66, 69, 70, 73, 97, 113, 114, 119, 121, 122, 124, 126, 127, 131, 134, 137, 216, 220, 223, 230, 231, 232, 233, 234, 235, 236, 239, 250, 251, 502, 503, 571, 572, 573, 575, 733, 734, 736, 737, 740, 742, 745, 746, 1005, 1006, 1212, 1213, 1686, 1687, 2199, 2200, 2745, 2818, 2920, 2999, 3044, 3053], "summary": {"covered_lines": 91, "num_statements": 975, "percent_covered": 9.333333333333334, "percent_covered_display": "9", "missing_lines": 884, "excluded_lines": 0}, "missing_lines": [79, 82, 94, 115, 125, 129, 132, 141, 142, 143, 145, 146, 149, 150, 152, 154, 155, 156, 157, 159, 160, 161, 163, 165, 166, 167, 168, 171, 172, 175, 176, 177, 178, 179, 181, 184, 185, 186, 187, 193, 196, 207, 210, 213, 221, 224, 225, 226, 227, 228, 242, 243, 244, 247, 324, 325, 326, 328, 333, 334, 336, 339, 340, 342, 345, 346, 349, 350, 351, 354, 356, 357, 360, 365, 370, 375, 382, 387, 394, 401, 410, 412, 423, 426, 428, 450, 466, 467, 468, 471, 472, 475, 476, 477, 478, 479, 483, 484, 487, 488, 490, 491, 493, 494, 496, 497, 499, 580, 581, 583, 586, 587, 589, 592, 593, 596, 597, 598, 601, 603, 604, 607, 612, 617, 622, 629, 634, 641, 648, 657, 659, 670, 673, 679, 680, 681, 682, 684, 686, 694, 709, 710, 711, 714, 715, 718, 719, 720, 721, 722, 726, 727, 730, 731, 739, 806, 807, 808, 810, 811, 812, 815, 816, 820, 823, 824, 827, 828, 829, 832, 833, 834, 837, 840, 841, 842, 845, 856, 857, 858, 859, 860, 861, 863, 864, 870, 873, 874, 878, 879, 880, 883, 885, 886, 889, 894, 899, 904, 911, 916, 923, 930, 939, 941, 952, 955, 969, 970, 971, 974, 975, 978, 979, 980, 981, 982, 986, 987, 990, 991, 993, 994, 996, 997, 999, 1000, 1002, 1041, 1042, 1044, 1045, 1048, 1049, 1050, 1051, 1054, 1055, 1060, 1061, 1062, 1063, 1064, 1066, 1067, 1069, 1078, 1080, 1081, 1083, 1084, 1086, 1089, 1090, 1092, 1093, 1096, 1097, 1098, 1099, 1101, 1102, 1103, 1106, 1109, 1111, 1115, 1116, 1117, 1118, 1119, 1121, 1122, 1125, 1137, 1138, 1141, 1142, 1145, 1146, 1148, 1149, 1150, 1151, 1154, 1155, 1161, 1166, 1167, 1168, 1169, 1170, 1171, 1172, 1174, 1177, 1180, 1184, 1185, 1186, 1187, 1188, 1190, 1191, 1192, 1193, 1195, 1196, 1197, 1198, 1200, 1201, 1203, 1204, 1206, 1207, 1209, 1358, 1359, 1361, 1362, 1363, 1366, 1367, 1370, 1371, 1372, 1375, 1378, 1379, 1382, 1383, 1384, 1385, 1387, 1388, 1389, 1394, 1395, 1396, 1397, 1400, 1401, 1402, 1403, 1406, 1407, 1408, 1411, 1416, 1417, 1418, 1419, 1420, 1423, 1424, 1425, 1426, 1427, 1430, 1431, 1449, 1450, 1451, 1454, 1456, 1457, 1460, 1461, 1464, 1465, 1468, 1469, 1470, 1471, 1474, 1476, 1477, 1478, 1479, 1482, 1485, 1487, 1492, 1493, 1494, 1495, 1496, 1497, 1500, 1503, 1505, 1506, 1507, 1508, 1509, 1512, 1513, 1515, 1518, 1520, 1521, 1524, 1529, 1534, 1539, 1546, 1551, 1558, 1565, 1573, 1575, 1586, 1589, 1594, 1595, 1596, 1597, 1598, 1603, 1625, 1646, 1647, 1650, 1658, 1661, 1662, 1663, 1664, 1665, 1667, 1668, 1671, 1672, 1674, 1675, 1677, 1678, 1680, 1681, 1683, 1841, 1842, 1844, 1845, 1846, 1849, 1850, 1853, 1854, 1855, 1858, 1861, 1862, 1865, 1866, 1867, 1868, 1870, 1871, 1872, 1877, 1878, 1879, 1880, 1883, 1884, 1885, 1886, 1889, 1890, 1891, 1894, 1899, 1900, 1901, 1902, 1903, 1906, 1907, 1908, 1909, 1910, 1915, 1916, 1917, 1918, 1919, 1922, 1923, 1944, 1945, 1946, 1949, 1951, 1952, 1955, 1956, 1959, 1960, 1963, 1964, 1965, 1966, 1969, 1971, 1972, 1973, 1974, 1977, 1980, 1982, 1986, 1988, 1996, 2003, 2005, 2007, 2008, 2010, 2013, 2015, 2016, 2017, 2018, 2019, 2020, 2023, 2024, 2026, 2029, 2031, 2032, 2035, 2040, 2045, 2050, 2057, 2062, 2069, 2076, 2084, 2086, 2097, 2100, 2105, 2106, 2107, 2108, 2109, 2110, 2111, 2112, 2113, 2114, 2115, 2117, 2139, 2160, 2161, 2164, 2171, 2174, 2175, 2176, 2177, 2178, 2180, 2181, 2184, 2185, 2187, 2188, 2190, 2191, 2193, 2194, 2196, 2372, 2373, 2375, 2376, 2381, 2384, 2385, 2388, 2389, 2390, 2393, 2396, 2397, 2400, 2401, 2402, 2403, 2405, 2406, 2407, 2408, 2411, 2412, 2413, 2416, 2417, 2418, 2419, 2420, 2423, 2424, 2425, 2428, 2429, 2430, 2431, 2432, 2433, 2434, 2437, 2438, 2441, 2442, 2443, 2444, 2445, 2447, 2448, 2449, 2450, 2451, 2455, 2456, 2457, 2458, 2459, 2463, 2464, 2465, 2466, 2467, 2469, 2470, 2471, 2472, 2473, 2475, 2476, 2477, 2478, 2479, 2483, 2484, 2485, 2486, 2487, 2490, 2491, 2518, 2519, 2520, 2523, 2525, 2526, 2529, 2530, 2533, 2534, 2537, 2538, 2539, 2540, 2543, 2545, 2546, 2547, 2548, 2551, 2554, 2555, 2556, 2557, 2558, 2559, 2560, 2561, 2564, 2566, 2567, 2568, 2569, 2570, 2571, 2574, 2575, 2577, 2580, 2582, 2583, 2586, 2591, 2596, 2601, 2608, 2613, 2620, 2627, 2635, 2637, 2648, 2651, 2656, 2657, 2658, 2659, 2660, 2661, 2663, 2685, 2706, 2707, 2710, 2717, 2720, 2721, 2722, 2723, 2724, 2726, 2727, 2730, 2731, 2733, 2734, 2736, 2737, 2739, 2740, 2742, 2749, 2751, 2752, 2753, 2754, 2755, 2756, 2757, 2758, 2760, 2761, 2762, 2763, 2765, 2767, 2769, 2770, 2771, 2772, 2773, 2775, 2776, 2778, 2780, 2782, 2791, 2792, 2793, 2794, 2795, 2796, 2798, 2800, 2802, 2803, 2804, 2805, 2806, 2808, 2809, 2811, 2815, 2826, 2829, 2831, 2833, 2844, 2845, 2846, 2847, 2848, 2849, 2850, 2851, 2853, 2854, 2855, 2857, 2858, 2859, 2860, 2861, 2862, 2863, 2864, 2865, 2866, 2867, 2868, 2869, 2870, 2872, 2875, 2877, 2879, 2880, 2881, 2882, 2883, 2885, 2887, 2888, 2889, 2890, 2893, 2896, 2897, 2900, 2917, 2928, 2931, 2933, 2934, 2935, 2936, 2937, 2938, 2941, 2943, 2945, 2946, 2955, 2956, 2957, 2958, 2959, 2962, 2963, 2964, 2965, 2967, 2968, 2969, 2972, 2975, 2976, 2979, 2996, 3008, 3011, 3013, 3016, 3019, 3020, 3023, 3041, 3046, 3047, 3049, 3050, 3055, 3057, 3058, 3061, 3062, 3064, 3065, 3070, 3076, 3078, 3079, 3081, 3085, 3086, 3087, 3088, 3089, 3090], "excluded_lines": [], "functions": {"_create_latex_compiler": {"executed_lines": [], "summary": {"covered_lines": 0, "num_statements": 3, "percent_covered": 0.0, "percent_covered_display": "0", "missing_lines": 3, "excluded_lines": 0}, "missing_lines": [79, 82, 94], "excluded_lines": []}, "resolve_content_or_file": {"executed_lines": [113, 114, 119, 121, 122, 124, 126, 127, 131, 134], "summary": {"covered_lines": 10, "num_statements": 14, "percent_covered": 71.42857142857143, "percent_covered_display": "71", "missing_lines": 4, "excluded_lines": 0}, "missing_lines": [115, 125, 129, 132], "excluded_lines": []}, "_load_from_file": {"executed_lines": [], "summary": {"covered_lines": 0, "num_statements": 37, "percent_covered": 0.0, "percent_covered_display": "0", "missing_lines": 37, "excluded_lines": 0}, "missing_lines": [141, 142, 143, 145, 146, 149, 150, 152, 154, 155, 156, 157, 159, 160, 161, 163, 165, 166, 167, 168, 171, 172, 175, 176, 177, 178, 179, 181, 184, 185, 186, 187, 193, 196, 207, 210, 213], "excluded_lines": []}, "_handle_resolution_result": {"executed_lines": [220, 223, 230, 231, 232, 233, 234, 235, 236, 239], "summary": {"covered_lines": 10, "num_statements": 20, "percent_covered": 50.0, "percent_covered_display": "50", "missing_lines": 10, "excluded_lines": 0}, "missing_lines": [221, 224, 225, 226, 227, 228, 242, 243, 244, 247], "excluded_lines": []}, "convert_adventure": {"executed_lines": [], "summary": {"covered_lines": 0, "num_statements": 2, "percent_covered": 0.0, "percent_covered_display": "0", "missing_lines": 2, "excluded_lines": 0}, "missing_lines": [324, 499], "excluded_lines": []}, "convert_adventure._convert": {"executed_lines": [], "summary": {"covered_lines": 0, "num_statements": 51, "percent_covered": 0.0, "percent_covered_display": "0", "missing_lines": 51, "excluded_lines": 0}, "missing_lines": [325, 326, 328, 333, 334, 336, 339, 340, 342, 345, 346, 349, 350, 351, 354, 356, 357, 360, 365, 370, 375, 382, 387, 394, 401, 410, 412, 423, 426, 428, 450, 466, 467, 468, 471, 472, 475, 476, 477, 478, 479, 483, 484, 487, 488, 490, 491, 493, 494, 496, 497], "excluded_lines": []}, "convert_book": {"executed_lines": [571, 742], "summary": {"covered_lines": 2, "num_statements": 2, "percent_covered": 100.0, "percent_covered_display": "100", "missing_lines": 0, "excluded_lines": 0}, "missing_lines": [], "excluded_lines": []}, "convert_book._convert": {"executed_lines": [572, 573, 575, 733, 734, 736, 737, 740], "summary": {"covered_lines": 8, "num_statements": 56, "percent_covered": 14.285714285714286, "percent_covered_display": "14", "missing_lines": 48, "excluded_lines": 0}, "missing_lines": [580, 581, 583, 586, 587, 589, 592, 593, 596, 597, 598, 601, 603, 604, 607, 612, 617, 622, 629, 634, 641, 648, 657, 659, 670, 673, 679, 680, 681, 682, 684, 686, 694, 709, 710, 711, 714, 715, 718, 719, 720, 721, 722, 726, 727, 730, 731, 739], "excluded_lines": []}, "convert_supplement": {"executed_lines": [], "summary": {"covered_lines": 0, "num_statements": 2, "percent_covered": 0.0, "percent_covered_display": "0", "missing_lines": 2, "excluded_lines": 0}, "missing_lines": [806, 1002], "excluded_lines": []}, "convert_supplement._convert": {"executed_lines": [], "summary": {"covered_lines": 0, "num_statements": 70, "percent_covered": 0.0, "percent_covered_display": "0", "missing_lines": 70, "excluded_lines": 0}, "missing_lines": [807, 808, 810, 811, 812, 815, 816, 820, 823, 824, 827, 828, 829, 832, 833, 834, 837, 840, 841, 842, 845, 856, 857, 858, 859, 860, 861, 863, 864, 870, 873, 874, 878, 879, 880, 883, 885, 886, 889, 894, 899, 904, 911, 916, 923, 930, 939, 941, 952, 955, 969, 970, 971, 974, 975, 978, 979, 980, 981, 982, 986, 987, 990, 991, 993, 994, 996, 997, 999, 1000], "excluded_lines": []}, "convert_bulk": {"executed_lines": [], "summary": {"covered_lines": 0, "num_statements": 2, "percent_covered": 0.0, "percent_covered_display": "0", "missing_lines": 2, "excluded_lines": 0}, "missing_lines": [1041, 1209], "excluded_lines": []}, "convert_bulk._bulk_convert": {"executed_lines": [], "summary": {"covered_lines": 0, "num_statements": 63, "percent_covered": 0.0, "percent_covered_display": "0", "missing_lines": 63, "excluded_lines": 0}, "missing_lines": [1042, 1044, 1045, 1048, 1049, 1050, 1051, 1054, 1055, 1060, 1061, 1062, 1063, 1064, 1066, 1067, 1069, 1078, 1080, 1081, 1083, 1084, 1086, 1089, 1090, 1092, 1093, 1096, 1097, 1098, 1099, 1101, 1102, 1103, 1106, 1109, 1111, 1154, 1155, 1161, 1166, 1174, 1177, 1180, 1184, 1185, 1186, 1187, 1188, 1190, 1191, 1192, 1193, 1195, 1196, 1197, 1198, 1200, 1201, 1203, 1204, 1206, 1207], "excluded_lines": []}, "convert_bulk._bulk_convert.convert_single_item": {"executed_lines": [], "summary": {"covered_lines": 0, "num_statements": 18, "percent_covered": 0.0, "percent_covered_display": "0", "missing_lines": 18, "excluded_lines": 0}, "missing_lines": [1115, 1116, 1117, 1118, 1119, 1121, 1122, 1125, 1137, 1138, 1141, 1142, 1145, 1146, 1148, 1149, 1150, 1151], "excluded_lines": []}, "convert_bulk._bulk_convert.process_conversions": {"executed_lines": [], "summary": {"covered_lines": 0, "num_statements": 6, "percent_covered": 0.0, "percent_covered_display": "0", "missing_lines": 6, "excluded_lines": 0}, "missing_lines": [1167, 1168, 1169, 1170, 1171, 1172], "excluded_lines": []}, "convert_spells": {"executed_lines": [], "summary": {"covered_lines": 0, "num_statements": 2, "percent_covered": 0.0, "percent_covered_display": "0", "missing_lines": 2, "excluded_lines": 0}, "missing_lines": [1358, 1683], "excluded_lines": []}, "convert_spells._convert": {"executed_lines": [], "summary": {"covered_lines": 0, "num_statements": 122, "percent_covered": 0.0, "percent_covered_display": "0", "missing_lines": 122, "excluded_lines": 0}, "missing_lines": [1359, 1361, 1362, 1363, 1366, 1367, 1370, 1371, 1372, 1375, 1378, 1379, 1382, 1383, 1384, 1385, 1387, 1388, 1389, 1394, 1395, 1396, 1397, 1400, 1401, 1402, 1403, 1406, 1407, 1408, 1411, 1416, 1417, 1418, 1419, 1420, 1423, 1424, 1425, 1426, 1427, 1430, 1431, 1449, 1450, 1451, 1454, 1456, 1457, 1460, 1461, 1464, 1465, 1468, 1469, 1470, 1471, 1474, 1476, 1477, 1478, 1479, 1482, 1485, 1487, 1492, 1493, 1494, 1495, 1496, 1497, 1500, 1503, 1505, 1506, 1507, 1508, 1509, 1512, 1513, 1515, 1518, 1520, 1521, 1524, 1529, 1534, 1539, 1546, 1551, 1558, 1565, 1573, 1575, 1586, 1589, 1594, 1595, 1596, 1597, 1598, 1603, 1625, 1646, 1647, 1650, 1658, 1661, 1662, 1663, 1664, 1665, 1667, 1668, 1671, 1672, 1674, 1675, 1677, 1678, 1680, 1681], "excluded_lines": []}, "convert_items": {"executed_lines": [], "summary": {"covered_lines": 0, "num_statements": 2, "percent_covered": 0.0, "percent_covered_display": "0", "missing_lines": 2, "excluded_lines": 0}, "missing_lines": [1841, 2196], "excluded_lines": []}, "convert_items._convert": {"executed_lines": [], "summary": {"covered_lines": 0, "num_statements": 135, "percent_covered": 0.0, "percent_covered_display": "0", "missing_lines": 135, "excluded_lines": 0}, "missing_lines": [1842, 1844, 1845, 1846, 1849, 1850, 1853, 1854, 1855, 1858, 1861, 1862, 1865, 1866, 1867, 1868, 1870, 1871, 1872, 1877, 1878, 1879, 1880, 1883, 1884, 1885, 1886, 1889, 1890, 1891, 1894, 1899, 1900, 1901, 1902, 1903, 1906, 1907, 1908, 1909, 1910, 1915, 1916, 1917, 1918, 1919, 1922, 1923, 1944, 1945, 1946, 1949, 1951, 1952, 1955, 1956, 1959, 1960, 1963, 1964, 1965, 1966, 1969, 1971, 1972, 1973, 1974, 1977, 1980, 1982, 1986, 1988, 1996, 2003, 2005, 2007, 2008, 2010, 2013, 2015, 2016, 2017, 2018, 2019, 2020, 2023, 2024, 2026, 2029, 2031, 2032, 2035, 2040, 2045, 2050, 2057, 2062, 2069, 2076, 2084, 2086, 2097, 2100, 2105, 2106, 2107, 2108, 2109, 2110, 2111, 2112, 2113, 2114, 2115, 2117, 2139, 2160, 2161, 2164, 2171, 2174, 2175, 2176, 2177, 2178, 2180, 2181, 2184, 2185, 2187, 2188, 2190, 2191, 2193, 2194], "excluded_lines": []}, "convert_creatures": {"executed_lines": [], "summary": {"covered_lines": 0, "num_statements": 2, "percent_covered": 0.0, "percent_covered_display": "0", "missing_lines": 2, "excluded_lines": 0}, "missing_lines": [2372, 2742], "excluded_lines": []}, "convert_creatures._convert": {"executed_lines": [], "summary": {"covered_lines": 0, "num_statements": 157, "percent_covered": 0.0, "percent_covered_display": "0", "missing_lines": 157, "excluded_lines": 0}, "missing_lines": [2373, 2375, 2376, 2381, 2384, 2385, 2388, 2389, 2390, 2393, 2396, 2397, 2400, 2401, 2402, 2403, 2405, 2406, 2407, 2408, 2411, 2412, 2413, 2416, 2417, 2418, 2419, 2420, 2423, 2424, 2425, 2428, 2429, 2430, 2431, 2432, 2433, 2434, 2437, 2438, 2441, 2442, 2443, 2444, 2445, 2447, 2448, 2449, 2450, 2451, 2455, 2456, 2457, 2458, 2459, 2463, 2464, 2465, 2466, 2467, 2469, 2470, 2471, 2472, 2473, 2475, 2476, 2477, 2478, 2479, 2483, 2484, 2485, 2486, 2487, 2490, 2491, 2518, 2519, 2520, 2523, 2525, 2526, 2529, 2530, 2533, 2534, 2537, 2538, 2539, 2540, 2543, 2545, 2546, 2547, 2548, 2551, 2554, 2555, 2556, 2557, 2558, 2559, 2560, 2561, 2564, 2566, 2567, 2568, 2569, 2570, 2571, 2574, 2575, 2577, 2580, 2582, 2583, 2586, 2591, 2596, 2601, 2608, 2613, 2620, 2627, 2635, 2637, 2648, 2651, 2656, 2657, 2658, 2659, 2660, 2661, 2663, 2685, 2706, 2707, 2710, 2717, 2720, 2721, 2722, 2723, 2724, 2726, 2727, 2730, 2731, 2733, 2734, 2736, 2737, 2739, 2740], "excluded_lines": []}, "_sort_creatures": {"executed_lines": [], "summary": {"covered_lines": 0, "num_statements": 31, "percent_covered": 0.0, "percent_covered_display": "0", "missing_lines": 31, "excluded_lines": 0}, "missing_lines": [2749, 2751, 2765, 2767, 2769, 2770, 2771, 2772, 2773, 2775, 2776, 2778, 2780, 2782, 2791, 2792, 2793, 2794, 2795, 2796, 2798, 2800, 2802, 2803, 2804, 2805, 2806, 2808, 2809, 2811, 2815], "excluded_lines": []}, "_sort_creatures.cr_sort_key": {"executed_lines": [], "summary": {"covered_lines": 0, "num_statements": 11, "percent_covered": 0.0, "percent_covered_display": "0", "missing_lines": 11, "excluded_lines": 0}, "missing_lines": [2752, 2753, 2754, 2755, 2756, 2757, 2758, 2760, 2761, 2762, 2763], "excluded_lines": []}, "_render_bestiary": {"executed_lines": [], "summary": {"covered_lines": 0, "num_statements": 47, "percent_covered": 0.0, "percent_covered_display": "0", "missing_lines": 47, "excluded_lines": 0}, "missing_lines": [2826, 2829, 2831, 2833, 2844, 2845, 2846, 2847, 2848, 2849, 2850, 2851, 2853, 2854, 2855, 2857, 2858, 2859, 2860, 2861, 2862, 2863, 2864, 2865, 2866, 2867, 2868, 2869, 2870, 2872, 2875, 2877, 2879, 2880, 2881, 2882, 2883, 2885, 2887, 2888, 2889, 2890, 2893, 2896, 2897, 2900, 2917], "excluded_lines": []}, "_render_itemcompendium": {"executed_lines": [], "summary": {"covered_lines": 0, "num_statements": 29, "percent_covered": 0.0, "percent_covered_display": "0", "missing_lines": 29, "excluded_lines": 0}, "missing_lines": [2928, 2931, 2933, 2934, 2935, 2936, 2937, 2938, 2941, 2943, 2945, 2946, 2955, 2956, 2957, 2958, 2959, 2962, 2963, 2964, 2965, 2967, 2968, 2969, 2972, 2975, 2976, 2979, 2996], "excluded_lines": []}, "_render_spellbook": {"executed_lines": [], "summary": {"covered_lines": 0, "num_statements": 8, "percent_covered": 0.0, "percent_covered_display": "0", "missing_lines": 8, "excluded_lines": 0}, "missing_lines": [3008, 3011, 3013, 3016, 3019, 3020, 3023, 3041], "excluded_lines": []}, "_ordinal_number": {"executed_lines": [], "summary": {"covered_lines": 0, "num_statements": 4, "percent_covered": 0.0, "percent_covered_display": "0", "missing_lines": 4, "excluded_lines": 0}, "missing_lines": [3046, 3047, 3049, 3050], "excluded_lines": []}, "_compile_pdf": {"executed_lines": [], "summary": {"covered_lines": 0, "num_statements": 18, "percent_covered": 0.0, "percent_covered_display": "0", "missing_lines": 18, "excluded_lines": 0}, "missing_lines": [3055, 3057, 3058, 3061, 3062, 3064, 3065, 3070, 3076, 3078, 3079, 3081, 3085, 3086, 3087, 3088, 3089, 3090], "excluded_lines": []}, "": {"executed_lines": [1, 3, 4, 5, 6, 7, 9, 10, 12, 28, 29, 30, 31, 32, 33, 34, 35, 36, 37, 38, 39, 40, 43, 44, 46, 47, 50, 51, 53, 54, 55, 56, 59, 60, 62, 63, 64, 65, 66, 69, 70, 73, 97, 137, 216, 250, 251, 502, 503, 745, 746, 1005, 1006, 1212, 1213, 1686, 1687, 2199, 2200, 2745, 2818, 2920, 2999, 3044, 3053], "summary": {"covered_lines": 61, "num_statements": 61, "percent_covered": 100.0, "percent_covered_display": "100", "missing_lines": 0, "excluded_lines": 0}, "missing_lines": [], "excluded_lines": []}}, "classes": {"SpellSortMode": {"executed_lines": [], "summary": {"covered_lines": 0, "num_statements": 0, "percent_covered": 100.0, "percent_covered_display": "100", "missing_lines": 0, "excluded_lines": 0}, "missing_lines": [], "excluded_lines": []}, "ItemSortMode": {"executed_lines": [], "summary": {"covered_lines": 0, "num_statements": 0, "percent_covered": 100.0, "percent_covered_display": "100", "missing_lines": 0, "excluded_lines": 0}, "missing_lines": [], "excluded_lines": []}, "CreatureSortMode": {"executed_lines": [], "summary": {"covered_lines": 0, "num_statements": 0, "percent_covered": 100.0, "percent_covered_display": "100", "missing_lines": 0, "excluded_lines": 0}, "missing_lines": [], "excluded_lines": []}, "": {"executed_lines": [1, 3, 4, 5, 6, 7, 9, 10, 12, 28, 29, 30, 31, 32, 33, 34, 35, 36, 37, 38, 39, 40, 43, 44, 46, 47, 50, 51, 53, 54, 55, 56, 59, 60, 62, 63, 64, 65, 66, 69, 70, 73, 97, 113, 114, 119, 121, 122, 124, 126, 127, 131, 134, 137, 216, 220, 223, 230, 231, 232, 233, 234, 235, 236, 239, 250, 251, 502, 503, 571, 572, 573, 575, 733, 734, 736, 737, 740, 742, 745, 746, 1005, 1006, 1212, 1213, 1686, 1687, 2199, 2200, 2745, 2818, 2920, 2999, 3044, 3053], "summary": {"covered_lines": 91, "num_statements": 975, "percent_covered": 9.333333333333334, "percent_covered_display": "9", "missing_lines": 884, "excluded_lines": 0}, "missing_lines": [79, 82, 94, 115, 125, 129, 132, 141, 142, 143, 145, 146, 149, 150, 152, 154, 155, 156, 157, 159, 160, 161, 163, 165, 166, 167, 168, 171, 172, 175, 176, 177, 178, 179, 181, 184, 185, 186, 187, 193, 196, 207, 210, 213, 221, 224, 225, 226, 227, 228, 242, 243, 244, 247, 324, 325, 326, 328, 333, 334, 336, 339, 340, 342, 345, 346, 349, 350, 351, 354, 356, 357, 360, 365, 370, 375, 382, 387, 394, 401, 410, 412, 423, 426, 428, 450, 466, 467, 468, 471, 472, 475, 476, 477, 478, 479, 483, 484, 487, 488, 490, 491, 493, 494, 496, 497, 499, 580, 581, 583, 586, 587, 589, 592, 593, 596, 597, 598, 601, 603, 604, 607, 612, 617, 622, 629, 634, 641, 648, 657, 659, 670, 673, 679, 680, 681, 682, 684, 686, 694, 709, 710, 711, 714, 715, 718, 719, 720, 721, 722, 726, 727, 730, 731, 739, 806, 807, 808, 810, 811, 812, 815, 816, 820, 823, 824, 827, 828, 829, 832, 833, 834, 837, 840, 841, 842, 845, 856, 857, 858, 859, 860, 861, 863, 864, 870, 873, 874, 878, 879, 880, 883, 885, 886, 889, 894, 899, 904, 911, 916, 923, 930, 939, 941, 952, 955, 969, 970, 971, 974, 975, 978, 979, 980, 981, 982, 986, 987, 990, 991, 993, 994, 996, 997, 999, 1000, 1002, 1041, 1042, 1044, 1045, 1048, 1049, 1050, 1051, 1054, 1055, 1060, 1061, 1062, 1063, 1064, 1066, 1067, 1069, 1078, 1080, 1081, 1083, 1084, 1086, 1089, 1090, 1092, 1093, 1096, 1097, 1098, 1099, 1101, 1102, 1103, 1106, 1109, 1111, 1115, 1116, 1117, 1118, 1119, 1121, 1122, 1125, 1137, 1138, 1141, 1142, 1145, 1146, 1148, 1149, 1150, 1151, 1154, 1155, 1161, 1166, 1167, 1168, 1169, 1170, 1171, 1172, 1174, 1177, 1180, 1184, 1185, 1186, 1187, 1188, 1190, 1191, 1192, 1193, 1195, 1196, 1197, 1198, 1200, 1201, 1203, 1204, 1206, 1207, 1209, 1358, 1359, 1361, 1362, 1363, 1366, 1367, 1370, 1371, 1372, 1375, 1378, 1379, 1382, 1383, 1384, 1385, 1387, 1388, 1389, 1394, 1395, 1396, 1397, 1400, 1401, 1402, 1403, 1406, 1407, 1408, 1411, 1416, 1417, 1418, 1419, 1420, 1423, 1424, 1425, 1426, 1427, 1430, 1431, 1449, 1450, 1451, 1454, 1456, 1457, 1460, 1461, 1464, 1465, 1468, 1469, 1470, 1471, 1474, 1476, 1477, 1478, 1479, 1482, 1485, 1487, 1492, 1493, 1494, 1495, 1496, 1497, 1500, 1503, 1505, 1506, 1507, 1508, 1509, 1512, 1513, 1515, 1518, 1520, 1521, 1524, 1529, 1534, 1539, 1546, 1551, 1558, 1565, 1573, 1575, 1586, 1589, 1594, 1595, 1596, 1597, 1598, 1603, 1625, 1646, 1647, 1650, 1658, 1661, 1662, 1663, 1664, 1665, 1667, 1668, 1671, 1672, 1674, 1675, 1677, 1678, 1680, 1681, 1683, 1841, 1842, 1844, 1845, 1846, 1849, 1850, 1853, 1854, 1855, 1858, 1861, 1862, 1865, 1866, 1867, 1868, 1870, 1871, 1872, 1877, 1878, 1879, 1880, 1883, 1884, 1885, 1886, 1889, 1890, 1891, 1894, 1899, 1900, 1901, 1902, 1903, 1906, 1907, 1908, 1909, 1910, 1915, 1916, 1917, 1918, 1919, 1922, 1923, 1944, 1945, 1946, 1949, 1951, 1952, 1955, 1956, 1959, 1960, 1963, 1964, 1965, 1966, 1969, 1971, 1972, 1973, 1974, 1977, 1980, 1982, 1986, 1988, 1996, 2003, 2005, 2007, 2008, 2010, 2013, 2015, 2016, 2017, 2018, 2019, 2020, 2023, 2024, 2026, 2029, 2031, 2032, 2035, 2040, 2045, 2050, 2057, 2062, 2069, 2076, 2084, 2086, 2097, 2100, 2105, 2106, 2107, 2108, 2109, 2110, 2111, 2112, 2113, 2114, 2115, 2117, 2139, 2160, 2161, 2164, 2171, 2174, 2175, 2176, 2177, 2178, 2180, 2181, 2184, 2185, 2187, 2188, 2190, 2191, 2193, 2194, 2196, 2372, 2373, 2375, 2376, 2381, 2384, 2385, 2388, 2389, 2390, 2393, 2396, 2397, 2400, 2401, 2402, 2403, 2405, 2406, 2407, 2408, 2411, 2412, 2413, 2416, 2417, 2418, 2419, 2420, 2423, 2424, 2425, 2428, 2429, 2430, 2431, 2432, 2433, 2434, 2437, 2438, 2441, 2442, 2443, 2444, 2445, 2447, 2448, 2449, 2450, 2451, 2455, 2456, 2457, 2458, 2459, 2463, 2464, 2465, 2466, 2467, 2469, 2470, 2471, 2472, 2473, 2475, 2476, 2477, 2478, 2479, 2483, 2484, 2485, 2486, 2487, 2490, 2491, 2518, 2519, 2520, 2523, 2525, 2526, 2529, 2530, 2533, 2534, 2537, 2538, 2539, 2540, 2543, 2545, 2546, 2547, 2548, 2551, 2554, 2555, 2556, 2557, 2558, 2559, 2560, 2561, 2564, 2566, 2567, 2568, 2569, 2570, 2571, 2574, 2575, 2577, 2580, 2582, 2583, 2586, 2591, 2596, 2601, 2608, 2613, 2620, 2627, 2635, 2637, 2648, 2651, 2656, 2657, 2658, 2659, 2660, 2661, 2663, 2685, 2706, 2707, 2710, 2717, 2720, 2721, 2722, 2723, 2724, 2726, 2727, 2730, 2731, 2733, 2734, 2736, 2737, 2739, 2740, 2742, 2749, 2751, 2752, 2753, 2754, 2755, 2756, 2757, 2758, 2760, 2761, 2762, 2763, 2765, 2767, 2769, 2770, 2771, 2772, 2773, 2775, 2776, 2778, 2780, 2782, 2791, 2792, 2793, 2794, 2795, 2796, 2798, 2800, 2802, 2803, 2804, 2805, 2806, 2808, 2809, 2811, 2815, 2826, 2829, 2831, 2833, 2844, 2845, 2846, 2847, 2848, 2849, 2850, 2851, 2853, 2854, 2855, 2857, 2858, 2859, 2860, 2861, 2862, 2863, 2864, 2865, 2866, 2867, 2868, 2869, 2870, 2872, 2875, 2877, 2879, 2880, 2881, 2882, 2883, 2885, 2887, 2888, 2889, 2890, 2893, 2896, 2897, 2900, 2917, 2928, 2931, 2933, 2934, 2935, 2936, 2937, 2938, 2941, 2943, 2945, 2946, 2955, 2956, 2957, 2958, 2959, 2962, 2963, 2964, 2965, 2967, 2968, 2969, 2972, 2975, 2976, 2979, 2996, 3008, 3011, 3013, 3016, 3019, 3020, 3023, 3041, 3046, 3047, 3049, 3050, 3055, 3057, 3058, 3061, 3062, 3064, 3065, 3070, 3076, 3078, 3079, 3081, 3085, 3086, 3087, 3088, 3089, 3090], "excluded_lines": []}}}, "src/dnd5e/cli/commands/info.py": {"executed_lines": [1, 3, 4, 5, 7, 8, 9, 10, 11, 12, 13, 15, 16, 19, 20, 21, 22, 23, 26, 27, 133, 134, 205, 232, 258, 291, 310], "summary": {"covered_lines": 26, "num_statements": 147, "percent_covered": 17.687074829931973, "percent_covered_display": "18", "missing_lines": 121, "excluded_lines": 0}, "missing_lines": [53, 54, 56, 57, 60, 61, 66, 67, 70, 72, 75, 76, 77, 78, 81, 84, 85, 86, 89, 90, 91, 92, 93, 94, 95, 98, 101, 104, 105, 106, 107, 109, 110, 111, 112, 115, 116, 119, 120, 121, 124, 126, 127, 128, 130, 143, 144, 146, 147, 148, 149, 150, 153, 154, 157, 158, 160, 161, 162, 163, 164, 165, 166, 169, 177, 178, 180, 187, 188, 189, 190, 191, 192, 193, 194, 195, 197, 198, 199, 200, 201, 202, 208, 211, 216, 217, 219, 224, 225, 226, 227, 228, 229, 234, 243, 246, 247, 248, 251, 252, 253, 260, 261, 263, 272, 277, 286, 293, 294, 296, 297, 298, 300, 305, 306, 307, 312, 313, 314, 315, 317], "excluded_lines": [], "functions": {"show_content_info": {"executed_lines": [], "summary": {"covered_lines": 0, "num_statements": 2, "percent_covered": 0.0, "percent_covered_display": "0", "missing_lines": 2, "excluded_lines": 0}, "missing_lines": [53, 130], "excluded_lines": []}, "show_content_info._show_info": {"executed_lines": [], "summary": {"covered_lines": 0, "num_statements": 43, "percent_covered": 0.0, "percent_covered_display": "0", "missing_lines": 43, "excluded_lines": 0}, "missing_lines": [54, 56, 57, 60, 61, 66, 67, 70, 72, 75, 76, 77, 78, 81, 84, 85, 86, 89, 90, 91, 92, 93, 94, 95, 98, 101, 104, 105, 106, 107, 109, 110, 111, 112, 115, 116, 119, 120, 121, 124, 126, 127, 128], "excluded_lines": []}, "show_file_info": {"executed_lines": [], "summary": {"covered_lines": 0, "num_statements": 37, "percent_covered": 0.0, "percent_covered_display": "0", "missing_lines": 37, "excluded_lines": 0}, "missing_lines": [143, 144, 146, 147, 148, 149, 150, 153, 154, 157, 158, 160, 161, 162, 163, 164, 165, 166, 169, 177, 178, 180, 187, 188, 189, 190, 191, 192, 193, 194, 195, 197, 198, 199, 200, 201, 202], "excluded_lines": []}, "_display_content_details": {"executed_lines": [], "summary": {"covered_lines": 0, "num_statements": 11, "percent_covered": 0.0, "percent_covered_display": "0", "missing_lines": 11, "excluded_lines": 0}, "missing_lines": [208, 211, 216, 217, 219, 224, 225, 226, 227, 228, 229], "excluded_lines": []}, "_display_spell_details": {"executed_lines": [], "summary": {"covered_lines": 0, "num_statements": 8, "percent_covered": 0.0, "percent_covered_display": "0", "missing_lines": 8, "excluded_lines": 0}, "missing_lines": [234, 243, 246, 247, 248, 251, 252, 253], "excluded_lines": []}, "_display_creature_details": {"executed_lines": [], "summary": {"covered_lines": 0, "num_statements": 6, "percent_covered": 0.0, "percent_covered_display": "0", "missing_lines": 6, "excluded_lines": 0}, "missing_lines": [260, 261, 263, 272, 277, 286], "excluded_lines": []}, "_display_item_details": {"executed_lines": [], "summary": {"covered_lines": 0, "num_statements": 9, "percent_covered": 0.0, "percent_covered_display": "0", "missing_lines": 9, "excluded_lines": 0}, "missing_lines": [293, 294, 296, 297, 298, 300, 305, 306, 307], "excluded_lines": []}, "_format_file_size": {"executed_lines": [], "summary": {"covered_lines": 0, "num_statements": 5, "percent_covered": 0.0, "percent_covered_display": "0", "missing_lines": 5, "excluded_lines": 0}, "missing_lines": [312, 313, 314, 315, 317], "excluded_lines": []}, "": {"executed_lines": [1, 3, 4, 5, 7, 8, 9, 10, 11, 12, 13, 15, 16, 19, 20, 21, 22, 23, 26, 27, 133, 134, 205, 232, 258, 291, 310], "summary": {"covered_lines": 26, "num_statements": 26, "percent_covered": 100.0, "percent_covered_display": "100", "missing_lines": 0, "excluded_lines": 0}, "missing_lines": [], "excluded_lines": []}}, "classes": {"": {"executed_lines": [1, 3, 4, 5, 7, 8, 9, 10, 11, 12, 13, 15, 16, 19, 20, 21, 22, 23, 26, 27, 133, 134, 205, 232, 258, 291, 310], "summary": {"covered_lines": 26, "num_statements": 147, "percent_covered": 17.687074829931973, "percent_covered_display": "18", "missing_lines": 121, "excluded_lines": 0}, "missing_lines": [53, 54, 56, 57, 60, 61, 66, 67, 70, 72, 75, 76, 77, 78, 81, 84, 85, 86, 89, 90, 91, 92, 93, 94, 95, 98, 101, 104, 105, 106, 107, 109, 110, 111, 112, 115, 116, 119, 120, 121, 124, 126, 127, 128, 130, 143, 144, 146, 147, 148, 149, 150, 153, 154, 157, 158, 160, 161, 162, 163, 164, 165, 166, 169, 177, 178, 180, 187, 188, 189, 190, 191, 192, 193, 194, 195, 197, 198, 199, 200, 201, 202, 208, 211, 216, 217, 219, 224, 225, 226, 227, 228, 229, 234, 243, 246, 247, 248, 251, 252, 253, 260, 261, 263, 272, 277, 286, 293, 294, 296, 297, 298, 300, 305, 306, 307, 312, 313, 314, 315, 317], "excluded_lines": []}}}, "src/dnd5e/cli/commands/list_content.py": {"executed_lines": [1, 3, 4, 6, 7, 8, 10, 11, 12, 14, 15, 18, 19, 22, 23, 73, 74, 161, 162, 199, 200, 245, 246, 289, 299], "summary": {"covered_lines": 24, "num_statements": 172, "percent_covered": 13.953488372093023, "percent_covered_display": "14", "missing_lines": 148, "excluded_lines": 0}, "missing_lines": [37, 39, 45, 47, 48, 49, 50, 52, 54, 55, 56, 57, 58, 59, 60, 61, 62, 64, 65, 66, 67, 69, 70, 91, 92, 94, 97, 98, 99, 100, 101, 102, 103, 104, 107, 108, 109, 110, 113, 114, 120, 121, 122, 127, 129, 130, 131, 134, 135, 136, 137, 138, 140, 141, 142, 143, 147, 149, 150, 154, 155, 156, 158, 169, 170, 172, 175, 177, 178, 179, 182, 183, 184, 186, 187, 189, 190, 192, 193, 194, 196, 208, 209, 211, 214, 216, 217, 218, 219, 222, 223, 224, 225, 227, 230, 231, 232, 233, 235, 236, 238, 239, 240, 242, 254, 255, 257, 260, 262, 263, 264, 265, 268, 269, 270, 271, 273, 274, 275, 276, 277, 279, 280, 282, 283, 284, 286, 291, 292, 293, 294, 296, 301, 302, 303, 305, 306, 307, 308, 309, 310, 311, 312, 313, 314, 315, 316, 318], "excluded_lines": [], "functions": {"list_files": {"executed_lines": [], "summary": {"covered_lines": 0, "num_statements": 23, "percent_covered": 0.0, "percent_covered_display": "0", "missing_lines": 23, "excluded_lines": 0}, "missing_lines": [37, 39, 45, 47, 48, 49, 50, 52, 54, 55, 56, 57, 58, 59, 60, 61, 62, 64, 65, 66, 67, 69, 70], "excluded_lines": []}, "list_content": {"executed_lines": [], "summary": {"covered_lines": 0, "num_statements": 2, "percent_covered": 0.0, "percent_covered_display": "0", "missing_lines": 2, "excluded_lines": 0}, "missing_lines": [91, 158], "excluded_lines": []}, "list_content._list_content": {"executed_lines": [], "summary": {"covered_lines": 0, "num_statements": 38, "percent_covered": 0.0, "percent_covered_display": "0", "missing_lines": 38, "excluded_lines": 0}, "missing_lines": [92, 94, 97, 98, 99, 100, 101, 102, 103, 104, 107, 108, 109, 110, 113, 114, 120, 121, 122, 127, 129, 130, 131, 134, 135, 136, 137, 138, 140, 141, 142, 143, 147, 149, 150, 154, 155, 156], "excluded_lines": []}, "list_sources": {"executed_lines": [], "summary": {"covered_lines": 0, "num_statements": 2, "percent_covered": 0.0, "percent_covered_display": "0", "missing_lines": 2, "excluded_lines": 0}, "missing_lines": [169, 196], "excluded_lines": []}, "list_sources._list_sources": {"executed_lines": [], "summary": {"covered_lines": 0, "num_statements": 16, "percent_covered": 0.0, "percent_covered_display": "0", "missing_lines": 16, "excluded_lines": 0}, "missing_lines": [170, 172, 175, 177, 178, 179, 182, 183, 184, 186, 187, 189, 190, 192, 193, 194], "excluded_lines": []}, "list_adventures": {"executed_lines": [], "summary": {"covered_lines": 0, "num_statements": 2, "percent_covered": 0.0, "percent_covered_display": "0", "missing_lines": 2, "excluded_lines": 0}, "missing_lines": [208, 242], "excluded_lines": []}, "list_adventures._list_adventures": {"executed_lines": [], "summary": {"covered_lines": 0, "num_statements": 21, "percent_covered": 0.0, "percent_covered_display": "0", "missing_lines": 21, "excluded_lines": 0}, "missing_lines": [209, 211, 214, 216, 217, 218, 219, 222, 223, 224, 225, 227, 230, 231, 232, 233, 235, 236, 238, 239, 240], "excluded_lines": []}, "list_books": {"executed_lines": [], "summary": {"covered_lines": 0, "num_statements": 2, "percent_covered": 0.0, "percent_covered_display": "0", "missing_lines": 2, "excluded_lines": 0}, "missing_lines": [254, 286], "excluded_lines": []}, "list_books._list_books": {"executed_lines": [], "summary": {"covered_lines": 0, "num_statements": 21, "percent_covered": 0.0, "percent_covered_display": "0", "missing_lines": 21, "excluded_lines": 0}, "missing_lines": [255, 257, 260, 262, 263, 264, 265, 268, 269, 270, 271, 273, 274, 275, 276, 277, 279, 280, 282, 283, 284], "excluded_lines": []}, "_format_file_size": {"executed_lines": [], "summary": {"covered_lines": 0, "num_statements": 5, "percent_covered": 0.0, "percent_covered_display": "0", "missing_lines": 5, "excluded_lines": 0}, "missing_lines": [291, 292, 293, 294, 296], "excluded_lines": []}, "_get_content_details": {"executed_lines": [], "summary": {"covered_lines": 0, "num_statements": 16, "percent_covered": 0.0, "percent_covered_display": "0", "missing_lines": 16, "excluded_lines": 0}, "missing_lines": [301, 302, 303, 305, 306, 307, 308, 309, 310, 311, 312, 313, 314, 315, 316, 318], "excluded_lines": []}, "": {"executed_lines": [1, 3, 4, 6, 7, 8, 10, 11, 12, 14, 15, 18, 19, 22, 23, 73, 74, 161, 162, 199, 200, 245, 246, 289, 299], "summary": {"covered_lines": 24, "num_statements": 24, "percent_covered": 100.0, "percent_covered_display": "100", "missing_lines": 0, "excluded_lines": 0}, "missing_lines": [], "excluded_lines": []}}, "classes": {"": {"executed_lines": [1, 3, 4, 6, 7, 8, 10, 11, 12, 14, 15, 18, 19, 22, 23, 73, 74, 161, 162, 199, 200, 245, 246, 289, 299], "summary": {"covered_lines": 24, "num_statements": 172, "percent_covered": 13.953488372093023, "percent_covered_display": "14", "missing_lines": 148, "excluded_lines": 0}, "missing_lines": [37, 39, 45, 47, 48, 49, 50, 52, 54, 55, 56, 57, 58, 59, 60, 61, 62, 64, 65, 66, 67, 69, 70, 91, 92, 94, 97, 98, 99, 100, 101, 102, 103, 104, 107, 108, 109, 110, 113, 114, 120, 121, 122, 127, 129, 130, 131, 134, 135, 136, 137, 138, 140, 141, 142, 143, 147, 149, 150, 154, 155, 156, 158, 169, 170, 172, 175, 177, 178, 179, 182, 183, 184, 186, 187, 189, 190, 192, 193, 194, 196, 208, 209, 211, 214, 216, 217, 218, 219, 222, 223, 224, 225, 227, 230, 231, 232, 233, 235, 236, 238, 239, 240, 242, 254, 255, 257, 260, 262, 263, 264, 265, 268, 269, 270, 271, 273, 274, 275, 276, 277, 279, 280, 282, 283, 284, 286, 291, 292, 293, 294, 296, 301, 302, 303, 305, 306, 307, 308, 309, 310, 311, 312, 313, 314, 315, 316, 318], "excluded_lines": []}}}, "src/dnd5e/cli/commands/setup.py": {"executed_lines": [1, 3, 4, 6, 7, 8, 9, 11, 12, 18, 20, 21, 24, 25, 91, 108, 136, 184, 244, 283, 284, 339, 340], "summary": {"covered_lines": 22, "num_statements": 179, "percent_covered": 12.29050279329609, "percent_covered_display": "12", "missing_lines": 157, "excluded_lines": 0}, "missing_lines": [27, 37, 38, 41, 42, 46, 47, 48, 49, 51, 52, 53, 55, 57, 58, 61, 63, 64, 67, 68, 69, 70, 72, 74, 75, 76, 77, 78, 79, 82, 84, 85, 87, 88, 93, 95, 97, 98, 99, 100, 102, 103, 105, 110, 112, 115, 116, 127, 130, 131, 133, 138, 140, 142, 143, 147, 148, 150, 152, 153, 154, 156, 157, 158, 160, 162, 163, 173, 174, 175, 177, 178, 179, 181, 186, 188, 189, 190, 192, 194, 195, 196, 198, 199, 210, 211, 212, 213, 214, 216, 217, 218, 220, 221, 222, 224, 225, 235, 236, 237, 238, 239, 241, 246, 248, 249, 251, 252, 253, 255, 256, 258, 260, 261, 262, 263, 265, 266, 272, 273, 277, 278, 280, 286, 288, 289, 290, 291, 293, 298, 300, 301, 302, 304, 305, 307, 309, 314, 315, 316, 317, 319, 324, 327, 329, 331, 332, 333, 334, 336, 342, 343, 344, 346, 347, 349, 350], "excluded_lines": [], "functions": {"setup_wizard": {"executed_lines": [], "summary": {"covered_lines": 0, "num_statements": 34, "percent_covered": 0.0, "percent_covered_display": "0", "missing_lines": 34, "excluded_lines": 0}, "missing_lines": [27, 37, 38, 41, 42, 46, 47, 48, 49, 51, 52, 53, 55, 57, 58, 61, 63, 64, 67, 68, 69, 70, 72, 74, 75, 76, 77, 78, 79, 82, 84, 85, 87, 88], "excluded_lines": []}, "_setup_defaults": {"executed_lines": [], "summary": {"covered_lines": 0, "num_statements": 9, "percent_covered": 0.0, "percent_covered_display": "0", "missing_lines": 9, "excluded_lines": 0}, "missing_lines": [93, 95, 97, 98, 99, 100, 102, 103, 105], "excluded_lines": []}, "_setup_custom": {"executed_lines": [], "summary": {"covered_lines": 0, "num_statements": 8, "percent_covered": 0.0, "percent_covered_display": "0", "missing_lines": 8, "excluded_lines": 0}, "missing_lines": [110, 112, 115, 116, 127, 130, 131, 133], "excluded_lines": []}, "_setup_local": {"executed_lines": [], "summary": {"covered_lines": 0, "num_statements": 23, "percent_covered": 0.0, "percent_covered_display": "0", "missing_lines": 23, "excluded_lines": 0}, "missing_lines": [138, 140, 142, 143, 147, 148, 150, 152, 153, 154, 156, 157, 158, 160, 162, 163, 173, 174, 175, 177, 178, 179, 181], "excluded_lines": []}, "_add_source_interactive": {"executed_lines": [], "summary": {"covered_lines": 0, "num_statements": 29, "percent_covered": 0.0, "percent_covered_display": "0", "missing_lines": 29, "excluded_lines": 0}, "missing_lines": [186, 188, 189, 190, 192, 194, 195, 196, 198, 199, 210, 211, 212, 213, 214, 216, 217, 218, 220, 221, 222, 224, 225, 235, 236, 237, 238, 239, 241], "excluded_lines": []}, "_scan_content": {"executed_lines": [], "summary": {"covered_lines": 0, "num_statements": 5, "percent_covered": 0.0, "percent_covered_display": "0", "missing_lines": 5, "excluded_lines": 0}, "missing_lines": [246, 248, 249, 251, 280], "excluded_lines": []}, "_scan_content._do_scan": {"executed_lines": [], "summary": {"covered_lines": 0, "num_statements": 15, "percent_covered": 0.0, "percent_covered_display": "0", "missing_lines": 15, "excluded_lines": 0}, "missing_lines": [252, 253, 255, 256, 258, 260, 261, 262, 263, 265, 266, 272, 273, 277, 278], "excluded_lines": []}, "check_setup": {"executed_lines": [], "summary": {"covered_lines": 0, "num_statements": 9, "percent_covered": 0.0, "percent_covered_display": "0", "missing_lines": 9, "excluded_lines": 0}, "missing_lines": [286, 288, 289, 290, 291, 293, 298, 300, 336], "excluded_lines": []}, "check_setup._check": {"executed_lines": [], "summary": {"covered_lines": 0, "num_statements": 18, "percent_covered": 0.0, "percent_covered_display": "0", "missing_lines": 18, "excluded_lines": 0}, "missing_lines": [301, 302, 304, 305, 307, 309, 314, 315, 316, 317, 319, 324, 327, 329, 331, 332, 333, 334], "excluded_lines": []}, "reset_setup": {"executed_lines": [], "summary": {"covered_lines": 0, "num_statements": 7, "percent_covered": 0.0, "percent_covered_display": "0", "missing_lines": 7, "excluded_lines": 0}, "missing_lines": [342, 343, 344, 346, 347, 349, 350], "excluded_lines": []}, "": {"executed_lines": [1, 3, 4, 6, 7, 8, 9, 11, 12, 18, 20, 21, 24, 25, 91, 108, 136, 184, 244, 283, 284, 339, 340], "summary": {"covered_lines": 22, "num_statements": 22, "percent_covered": 100.0, "percent_covered_display": "100", "missing_lines": 0, "excluded_lines": 0}, "missing_lines": [], "excluded_lines": []}}, "classes": {"": {"executed_lines": [1, 3, 4, 6, 7, 8, 9, 11, 12, 18, 20, 21, 24, 25, 91, 108, 136, 184, 244, 283, 284, 339, 340], "summary": {"covered_lines": 22, "num_statements": 179, "percent_covered": 12.29050279329609, "percent_covered_display": "12", "missing_lines": 157, "excluded_lines": 0}, "missing_lines": [27, 37, 38, 41, 42, 46, 47, 48, 49, 51, 52, 53, 55, 57, 58, 61, 63, 64, 67, 68, 69, 70, 72, 74, 75, 76, 77, 78, 79, 82, 84, 85, 87, 88, 93, 95, 97, 98, 99, 100, 102, 103, 105, 110, 112, 115, 116, 127, 130, 131, 133, 138, 140, 142, 143, 147, 148, 150, 152, 153, 154, 156, 157, 158, 160, 162, 163, 173, 174, 175, 177, 178, 179, 181, 186, 188, 189, 190, 192, 194, 195, 196, 198, 199, 210, 211, 212, 213, 214, 216, 217, 218, 220, 221, 222, 224, 225, 235, 236, 237, 238, 239, 241, 246, 248, 249, 251, 252, 253, 255, 256, 258, 260, 261, 262, 263, 265, 266, 272, 273, 277, 278, 280, 286, 288, 289, 290, 291, 293, 298, 300, 301, 302, 304, 305, 307, 309, 314, 315, 316, 317, 319, 324, 327, 329, 331, 332, 333, 334, 336, 342, 343, 344, 346, 347, 349, 350], "excluded_lines": []}}}, "src/dnd5e/cli/commands/sources.py": {"executed_lines": [1, 3, 4, 6, 7, 8, 10, 11, 17, 19, 20, 23, 24, 55, 56, 153, 154, 196, 197, 231, 232, 285, 286, 319, 320], "summary": {"covered_lines": 24, "num_statements": 189, "percent_covered": 12.698412698412698, "percent_covered_display": "13", "missing_lines": 165, "excluded_lines": 0}, "missing_lines": [26, 28, 29, 30, 31, 33, 34, 35, 36, 37, 38, 40, 41, 42, 44, 52, 78, 79, 80, 81, 84, 87, 88, 89, 91, 92, 93, 96, 97, 98, 99, 100, 101, 102, 103, 104, 107, 108, 117, 118, 119, 122, 123, 125, 126, 127, 129, 132, 133, 134, 136, 137, 138, 139, 141, 142, 143, 144, 146, 148, 149, 150, 161, 162, 165, 166, 167, 168, 171, 172, 173, 176, 177, 178, 179, 180, 181, 182, 183, 188, 189, 190, 192, 193, 201, 202, 204, 205, 207, 208, 209, 210, 211, 213, 214, 217, 218, 219, 220, 221, 222, 223, 224, 226, 227, 228, 236, 237, 240, 241, 242, 244, 246, 247, 248, 251, 252, 253, 256, 257, 260, 262, 263, 264, 265, 266, 267, 268, 269, 270, 271, 272, 273, 275, 282, 288, 289, 291, 292, 293, 295, 296, 299, 301, 302, 303, 304, 306, 307, 311, 312, 316, 322, 324, 325, 326, 328, 329, 330, 331, 333, 334, 336, 337, 341], "excluded_lines": [], "functions": {"list_sources": {"executed_lines": [], "summary": {"covered_lines": 0, "num_statements": 16, "percent_covered": 0.0, "percent_covered_display": "0", "missing_lines": 16, "excluded_lines": 0}, "missing_lines": [26, 28, 29, 30, 31, 33, 34, 35, 36, 37, 38, 40, 41, 42, 44, 52], "excluded_lines": []}, "add_source": {"executed_lines": [], "summary": {"covered_lines": 0, "num_statements": 46, "percent_covered": 0.0, "percent_covered_display": "0", "missing_lines": 46, "excluded_lines": 0}, "missing_lines": [78, 79, 80, 81, 84, 87, 88, 89, 91, 92, 93, 96, 97, 98, 99, 100, 101, 102, 103, 104, 107, 108, 117, 118, 119, 122, 123, 125, 126, 127, 129, 132, 133, 134, 136, 137, 138, 139, 141, 142, 143, 144, 146, 148, 149, 150], "excluded_lines": []}, "remove_source": {"executed_lines": [], "summary": {"covered_lines": 0, "num_statements": 22, "percent_covered": 0.0, "percent_covered_display": "0", "missing_lines": 22, "excluded_lines": 0}, "missing_lines": [161, 162, 165, 166, 167, 168, 171, 172, 173, 176, 177, 178, 179, 180, 181, 182, 183, 188, 189, 190, 192, 193], "excluded_lines": []}, "update_sources": {"executed_lines": [], "summary": {"covered_lines": 0, "num_statements": 6, "percent_covered": 0.0, "percent_covered_display": "0", "missing_lines": 6, "excluded_lines": 0}, "missing_lines": [201, 202, 204, 226, 227, 228], "excluded_lines": []}, "update_sources._update": {"executed_lines": [], "summary": {"covered_lines": 0, "num_statements": 16, "percent_covered": 0.0, "percent_covered_display": "0", "missing_lines": 16, "excluded_lines": 0}, "missing_lines": [205, 207, 208, 209, 210, 211, 213, 214, 217, 218, 219, 220, 221, 222, 223, 224], "excluded_lines": []}, "source_info": {"executed_lines": [], "summary": {"covered_lines": 0, "num_statements": 27, "percent_covered": 0.0, "percent_covered_display": "0", "missing_lines": 27, "excluded_lines": 0}, "missing_lines": [236, 237, 240, 244, 246, 247, 248, 251, 252, 253, 256, 257, 260, 262, 263, 264, 265, 266, 267, 268, 269, 270, 271, 272, 273, 275, 282], "excluded_lines": []}, "source_info._get_info": {"executed_lines": [], "summary": {"covered_lines": 0, "num_statements": 2, "percent_covered": 0.0, "percent_covered_display": "0", "missing_lines": 2, "excluded_lines": 0}, "missing_lines": [241, 242], "excluded_lines": []}, "scan_content": {"executed_lines": [], "summary": {"covered_lines": 0, "num_statements": 4, "percent_covered": 0.0, "percent_covered_display": "0", "missing_lines": 4, "excluded_lines": 0}, "missing_lines": [288, 289, 291, 316], "excluded_lines": []}, "scan_content._scan": {"executed_lines": [], "summary": {"covered_lines": 0, "num_statements": 13, "percent_covered": 0.0, "percent_covered_display": "0", "missing_lines": 13, "excluded_lines": 0}, "missing_lines": [292, 293, 295, 296, 299, 301, 302, 303, 304, 306, 307, 311, 312], "excluded_lines": []}, "setup_defaults": {"executed_lines": [], "summary": {"covered_lines": 0, "num_statements": 13, "percent_covered": 0.0, "percent_covered_display": "0", "missing_lines": 13, "excluded_lines": 0}, "missing_lines": [322, 324, 325, 326, 328, 329, 330, 331, 333, 334, 336, 337, 341], "excluded_lines": []}, "": {"executed_lines": [1, 3, 4, 6, 7, 8, 10, 11, 17, 19, 20, 23, 24, 55, 56, 153, 154, 196, 197, 231, 232, 285, 286, 319, 320], "summary": {"covered_lines": 24, "num_statements": 24, "percent_covered": 100.0, "percent_covered_display": "100", "missing_lines": 0, "excluded_lines": 0}, "missing_lines": [], "excluded_lines": []}}, "classes": {"": {"executed_lines": [1, 3, 4, 6, 7, 8, 10, 11, 17, 19, 20, 23, 24, 55, 56, 153, 154, 196, 197, 231, 232, 285, 286, 319, 320], "summary": {"covered_lines": 24, "num_statements": 189, "percent_covered": 12.698412698412698, "percent_covered_display": "13", "missing_lines": 165, "excluded_lines": 0}, "missing_lines": [26, 28, 29, 30, 31, 33, 34, 35, 36, 37, 38, 40, 41, 42, 44, 52, 78, 79, 80, 81, 84, 87, 88, 89, 91, 92, 93, 96, 97, 98, 99, 100, 101, 102, 103, 104, 107, 108, 117, 118, 119, 122, 123, 125, 126, 127, 129, 132, 133, 134, 136, 137, 138, 139, 141, 142, 143, 144, 146, 148, 149, 150, 161, 162, 165, 166, 167, 168, 171, 172, 173, 176, 177, 178, 179, 180, 181, 182, 183, 188, 189, 190, 192, 193, 201, 202, 204, 205, 207, 208, 209, 210, 211, 213, 214, 217, 218, 219, 220, 221, 222, 223, 224, 226, 227, 228, 236, 237, 240, 241, 242, 244, 246, 247, 248, 251, 252, 253, 256, 257, 260, 262, 263, 264, 265, 266, 267, 268, 269, 270, 271, 272, 273, 275, 282, 288, 289, 291, 292, 293, 295, 296, 299, 301, 302, 303, 304, 306, 307, 311, 312, 316, 322, 324, 325, 326, 328, 329, 330, 331, 333, 334, 336, 337, 341], "excluded_lines": []}}}, "src/dnd5e/cli/commands/stats.py": {"executed_lines": [1, 3, 4, 5, 6, 8, 9, 10, 12, 13, 16, 17, 95, 96, 163, 164, 236, 280, 354, 400], "summary": {"covered_lines": 19, "num_statements": 225, "percent_covered": 8.444444444444445, "percent_covered_display": "8", "missing_lines": 206, "excluded_lines": 0}, "missing_lines": [25, 26, 28, 29, 32, 33, 34, 37, 40, 47, 54, 55, 56, 57, 58, 60, 61, 62, 63, 67, 70, 71, 72, 73, 75, 78, 79, 81, 83, 84, 88, 89, 90, 92, 106, 107, 109, 110, 113, 114, 115, 118, 119, 120, 121, 122, 123, 126, 128, 129, 130, 133, 137, 146, 147, 148, 149, 150, 151, 154, 156, 157, 158, 160, 172, 173, 175, 176, 179, 180, 181, 184, 186, 187, 188, 191, 192, 193, 194, 195, 197, 198, 202, 203, 206, 207, 208, 209, 210, 211, 212, 214, 215, 217, 223, 227, 229, 230, 231, 233, 238, 241, 242, 244, 245, 246, 247, 250, 251, 252, 253, 255, 256, 257, 258, 259, 260, 262, 265, 266, 267, 269, 270, 272, 274, 282, 285, 286, 287, 289, 290, 291, 292, 294, 295, 296, 298, 299, 302, 303, 304, 307, 308, 309, 311, 312, 313, 314, 316, 318, 319, 320, 322, 325, 326, 327, 329, 330, 339, 340, 341, 342, 343, 345, 347, 356, 359, 360, 362, 363, 364, 365, 367, 368, 371, 372, 373, 375, 376, 377, 379, 382, 383, 384, 386, 387, 388, 389, 390, 392, 394, 402, 404, 405, 406, 408, 409, 410, 411, 412, 414, 415, 417, 418, 419, 421], "excluded_lines": [], "functions": {"show_overview": {"executed_lines": [], "summary": {"covered_lines": 0, "num_statements": 2, "percent_covered": 0.0, "percent_covered_display": "0", "missing_lines": 2, "excluded_lines": 0}, "missing_lines": [25, 92], "excluded_lines": []}, "show_overview._show_overview": {"executed_lines": [], "summary": {"covered_lines": 0, "num_statements": 32, "percent_covered": 0.0, "percent_covered_display": "0", "missing_lines": 32, "excluded_lines": 0}, "missing_lines": [26, 28, 29, 32, 33, 34, 37, 40, 47, 54, 55, 56, 57, 58, 60, 61, 62, 63, 67, 70, 71, 72, 73, 75, 78, 79, 81, 83, 84, 88, 89, 90], "excluded_lines": []}, "show_content_stats": {"executed_lines": [], "summary": {"covered_lines": 0, "num_statements": 2, "percent_covered": 0.0, "percent_covered_display": "0", "missing_lines": 2, "excluded_lines": 0}, "missing_lines": [106, 160], "excluded_lines": []}, "show_content_stats._show_content_stats": {"executed_lines": [], "summary": {"covered_lines": 0, "num_statements": 28, "percent_covered": 0.0, "percent_covered_display": "0", "missing_lines": 28, "excluded_lines": 0}, "missing_lines": [107, 109, 110, 113, 114, 115, 118, 119, 120, 121, 122, 123, 126, 128, 129, 130, 133, 137, 146, 147, 148, 149, 150, 151, 154, 156, 157, 158], "excluded_lines": []}, "show_source_stats": {"executed_lines": [], "summary": {"covered_lines": 0, "num_statements": 2, "percent_covered": 0.0, "percent_covered_display": "0", "missing_lines": 2, "excluded_lines": 0}, "missing_lines": [172, 233], "excluded_lines": []}, "show_source_stats._show_source_stats": {"executed_lines": [], "summary": {"covered_lines": 0, "num_statements": 34, "percent_covered": 0.0, "percent_covered_display": "0", "missing_lines": 34, "excluded_lines": 0}, "missing_lines": [173, 175, 176, 179, 180, 181, 184, 186, 187, 188, 191, 192, 193, 194, 195, 197, 198, 202, 203, 206, 207, 208, 209, 210, 211, 212, 214, 215, 217, 223, 227, 229, 230, 231], "excluded_lines": []}, "_analyze_spells": {"executed_lines": [], "summary": {"covered_lines": 0, "num_statements": 25, "percent_covered": 0.0, "percent_covered_display": "0", "missing_lines": 25, "excluded_lines": 0}, "missing_lines": [238, 241, 242, 244, 245, 246, 247, 250, 251, 252, 253, 255, 256, 257, 258, 259, 260, 262, 265, 266, 267, 269, 270, 272, 274], "excluded_lines": []}, "_analyze_creatures": {"executed_lines": [], "summary": {"covered_lines": 0, "num_statements": 33, "percent_covered": 0.0, "percent_covered_display": "0", "missing_lines": 33, "excluded_lines": 0}, "missing_lines": [282, 285, 286, 287, 289, 290, 291, 292, 294, 295, 296, 298, 299, 302, 303, 304, 307, 318, 319, 320, 322, 325, 326, 327, 329, 330, 339, 340, 341, 342, 343, 345, 347], "excluded_lines": []}, "_analyze_creatures.sort_cr": {"executed_lines": [], "summary": {"covered_lines": 0, "num_statements": 7, "percent_covered": 0.0, "percent_covered_display": "0", "missing_lines": 7, "excluded_lines": 0}, "missing_lines": [308, 309, 311, 312, 313, 314, 316], "excluded_lines": []}, "_analyze_items": {"executed_lines": [], "summary": {"covered_lines": 0, "num_statements": 26, "percent_covered": 0.0, "percent_covered_display": "0", "missing_lines": 26, "excluded_lines": 0}, "missing_lines": [356, 359, 360, 362, 363, 364, 365, 367, 368, 371, 372, 373, 375, 376, 377, 379, 382, 383, 384, 386, 387, 388, 389, 390, 392, 394], "excluded_lines": []}, "_show_source_breakdown": {"executed_lines": [], "summary": {"covered_lines": 0, "num_statements": 15, "percent_covered": 0.0, "percent_covered_display": "0", "missing_lines": 15, "excluded_lines": 0}, "missing_lines": [402, 404, 405, 406, 408, 409, 410, 411, 412, 414, 415, 417, 418, 419, 421], "excluded_lines": []}, "": {"executed_lines": [1, 3, 4, 5, 6, 8, 9, 10, 12, 13, 16, 17, 95, 96, 163, 164, 236, 280, 354, 400], "summary": {"covered_lines": 19, "num_statements": 19, "percent_covered": 100.0, "percent_covered_display": "100", "missing_lines": 0, "excluded_lines": 0}, "missing_lines": [], "excluded_lines": []}}, "classes": {"": {"executed_lines": [1, 3, 4, 5, 6, 8, 9, 10, 12, 13, 16, 17, 95, 96, 163, 164, 236, 280, 354, 400], "summary": {"covered_lines": 19, "num_statements": 225, "percent_covered": 8.444444444444445, "percent_covered_display": "8", "missing_lines": 206, "excluded_lines": 0}, "missing_lines": [25, 26, 28, 29, 32, 33, 34, 37, 40, 47, 54, 55, 56, 57, 58, 60, 61, 62, 63, 67, 70, 71, 72, 73, 75, 78, 79, 81, 83, 84, 88, 89, 90, 92, 106, 107, 109, 110, 113, 114, 115, 118, 119, 120, 121, 122, 123, 126, 128, 129, 130, 133, 137, 146, 147, 148, 149, 150, 151, 154, 156, 157, 158, 160, 172, 173, 175, 176, 179, 180, 181, 184, 186, 187, 188, 191, 192, 193, 194, 195, 197, 198, 202, 203, 206, 207, 208, 209, 210, 211, 212, 214, 215, 217, 223, 227, 229, 230, 231, 233, 238, 241, 242, 244, 245, 246, 247, 250, 251, 252, 253, 255, 256, 257, 258, 259, 260, 262, 265, 266, 267, 269, 270, 272, 274, 282, 285, 286, 287, 289, 290, 291, 292, 294, 295, 296, 298, 299, 302, 303, 304, 307, 308, 309, 311, 312, 313, 314, 316, 318, 319, 320, 322, 325, 326, 327, 329, 330, 339, 340, 341, 342, 343, 345, 347, 356, 359, 360, 362, 363, 364, 365, 367, 368, 371, 372, 373, 375, 376, 377, 379, 382, 383, 384, 386, 387, 388, 389, 390, 392, 394, 402, 404, 405, 406, 408, 409, 410, 411, 412, 414, 415, 417, 418, 419, 421], "excluded_lines": []}}}, "src/dnd5e/cli/config_factory.py": {"executed_lines": [1, 3, 5, 8, 33, 40, 42, 45, 50, 55, 60, 65, 70, 72, 75, 77, 80, 82, 85, 87, 90, 92, 95, 97, 100, 102, 105], "summary": {"covered_lines": 26, "num_statements": 36, "percent_covered": 72.22222222222223, "percent_covered_display": "72", "missing_lines": 10, "excluded_lines": 0}, "missing_lines": [10, 11, 35, 36, 47, 52, 57, 62, 67, 107], "excluded_lines": [], "functions": {"get_cli_defaults": {"executed_lines": [], "summary": {"covered_lines": 0, "num_statements": 2, "percent_covered": 0.0, "percent_covered_display": "0", "missing_lines": 2, "excluded_lines": 0}, "missing_lines": [10, 11], "excluded_lines": []}, "get_config_default": {"executed_lines": [], "summary": {"covered_lines": 0, "num_statements": 2, "percent_covered": 0.0, "percent_covered_display": "0", "missing_lines": 2, "excluded_lines": 0}, "missing_lines": [35, 36], "excluded_lines": []}, "get_document_class_default": {"executed_lines": [42], "summary": {"covered_lines": 1, "num_statements": 1, "percent_covered": 100.0, "percent_covered_display": "100", "missing_lines": 0, "excluded_lines": 0}, "missing_lines": [], "excluded_lines": []}, "get_font_size_default": {"executed_lines": [], "summary": {"covered_lines": 0, "num_statements": 1, "percent_covered": 0.0, "percent_covered_display": "0", "missing_lines": 1, "excluded_lines": 0}, "missing_lines": [47], "excluded_lines": []}, "get_background_default": {"executed_lines": [], "summary": {"covered_lines": 0, "num_statements": 1, "percent_covered": 0.0, "percent_covered_display": "0", "missing_lines": 1, "excluded_lines": 0}, "missing_lines": [52], "excluded_lines": []}, "get_high_contrast_default": {"executed_lines": [], "summary": {"covered_lines": 0, "num_statements": 1, "percent_covered": 0.0, "percent_covered_display": "0", "missing_lines": 1, "excluded_lines": 0}, "missing_lines": [57], "excluded_lines": []}, "get_two_column_default": {"executed_lines": [], "summary": {"covered_lines": 0, "num_statements": 1, "percent_covered": 0.0, "percent_covered_display": "0", "missing_lines": 1, "excluded_lines": 0}, "missing_lines": [62], "excluded_lines": []}, "get_justified_default": {"executed_lines": [], "summary": {"covered_lines": 0, "num_statements": 1, "percent_covered": 0.0, "percent_covered_display": "0", "missing_lines": 1, "excluded_lines": 0}, "missing_lines": [67], "excluded_lines": []}, "get_with_images_default": {"executed_lines": [72], "summary": {"covered_lines": 1, "num_statements": 1, "percent_covered": 100.0, "percent_covered_display": "100", "missing_lines": 0, "excluded_lines": 0}, "missing_lines": [], "excluded_lines": []}, "get_with_items_default": {"executed_lines": [77], "summary": {"covered_lines": 1, "num_statements": 1, "percent_covered": 100.0, "percent_covered_display": "100", "missing_lines": 0, "excluded_lines": 0}, "missing_lines": [], "excluded_lines": []}, "get_with_creatures_default": {"executed_lines": [82], "summary": {"covered_lines": 1, "num_statements": 1, "percent_covered": 100.0, "percent_covered_display": "100", "missing_lines": 0, "excluded_lines": 0}, "missing_lines": [], "excluded_lines": []}, "get_with_index_default": {"executed_lines": [87], "summary": {"covered_lines": 1, "num_statements": 1, "percent_covered": 100.0, "percent_covered_display": "100", "missing_lines": 0, "excluded_lines": 0}, "missing_lines": [], "excluded_lines": []}, "get_compile_pdf_default": {"executed_lines": [92], "summary": {"covered_lines": 1, "num_statements": 1, "percent_covered": 100.0, "percent_covered_display": "100", "missing_lines": 0, "excluded_lines": 0}, "missing_lines": [], "excluded_lines": []}, "get_concurrent_limit_default": {"executed_lines": [97], "summary": {"covered_lines": 1, "num_statements": 1, "percent_covered": 100.0, "percent_covered_display": "100", "missing_lines": 0, "excluded_lines": 0}, "missing_lines": [], "excluded_lines": []}, "get_fonts_default": {"executed_lines": [102], "summary": {"covered_lines": 1, "num_statements": 1, "percent_covered": 100.0, "percent_covered_display": "100", "missing_lines": 0, "excluded_lines": 0}, "missing_lines": [], "excluded_lines": []}, "get_no_outline_default": {"executed_lines": [], "summary": {"covered_lines": 0, "num_statements": 1, "percent_covered": 0.0, "percent_covered_display": "0", "missing_lines": 1, "excluded_lines": 0}, "missing_lines": [107], "excluded_lines": []}, "": {"executed_lines": [1, 3, 5, 8, 33, 40, 45, 50, 55, 60, 65, 70, 75, 80, 85, 90, 95, 100, 105], "summary": {"covered_lines": 18, "num_statements": 18, "percent_covered": 100.0, "percent_covered_display": "100", "missing_lines": 0, "excluded_lines": 0}, "missing_lines": [], "excluded_lines": []}}, "classes": {"": {"executed_lines": [1, 3, 5, 8, 33, 40, 42, 45, 50, 55, 60, 65, 70, 72, 75, 77, 80, 82, 85, 87, 90, 92, 95, 97, 100, 102, 105], "summary": {"covered_lines": 26, "num_statements": 36, "percent_covered": 72.22222222222223, "percent_covered_display": "72", "missing_lines": 10, "excluded_lines": 0}, "missing_lines": [10, 11, 35, 36, 47, 52, 57, 62, 67, 107], "excluded_lines": []}}}, "src/dnd5e/cli/display_manager.py": {"executed_lines": [1, 8, 10, 11, 12, 14, 15, 18, 19, 25, 27, 28, 29, 30, 32, 33, 34, 36, 37, 38, 39, 41, 42, 54, 59, 60, 61, 62, 64, 65, 67, 80, 85, 86, 87, 89, 113, 116, 127, 138, 147, 156, 157, 162, 173], "summary": {"covered_lines": 43, "num_statements": 52, "percent_covered": 82.6923076923077, "percent_covered_display": "83", "missing_lines": 9, "excluded_lines": 0}, "missing_lines": [56, 57, 81, 114, 136, 145, 154, 159, 169], "excluded_lines": [], "functions": {"DisplayManager.__new__": {"executed_lines": [28, 29, 30], "summary": {"covered_lines": 3, "num_statements": 3, "percent_covered": 100.0, "percent_covered_display": "100", "missing_lines": 0, "excluded_lines": 0}, "missing_lines": [], "excluded_lines": []}, "DisplayManager.__init__": {"executed_lines": [33, 34, 36, 37, 38, 39], "summary": {"covered_lines": 6, "num_statements": 6, "percent_covered": 100.0, "percent_covered_display": "100", "missing_lines": 0, "excluded_lines": 0}, "missing_lines": [], "excluded_lines": []}, "DisplayManager.progress": {"executed_lines": [54, 59, 60, 61, 62, 64, 65], "summary": {"covered_lines": 7, "num_statements": 9, "percent_covered": 77.77777777777777, "percent_covered_display": "78", "missing_lines": 2, "excluded_lines": 0}, "missing_lines": [56, 57], "excluded_lines": []}, "DisplayManager.add_task": {"executed_lines": [80, 85, 86, 87], "summary": {"covered_lines": 4, "num_statements": 5, "percent_covered": 80.0, "percent_covered_display": "80", "missing_lines": 1, "excluded_lines": 0}, "missing_lines": [81], "excluded_lines": []}, "DisplayManager.update_task": {"executed_lines": [113, 116], "summary": {"covered_lines": 2, "num_statements": 3, "percent_covered": 66.66666666666667, "percent_covered_display": "67", "missing_lines": 1, "excluded_lines": 0}, "missing_lines": [114], "excluded_lines": []}, "DisplayManager.get_task": {"executed_lines": [], "summary": {"covered_lines": 0, "num_statements": 1, "percent_covered": 0.0, "percent_covered_display": "0", "missing_lines": 1, "excluded_lines": 0}, "missing_lines": [136], "excluded_lines": []}, "DisplayManager.print": {"executed_lines": [], "summary": {"covered_lines": 0, "num_statements": 1, "percent_covered": 0.0, "percent_covered_display": "0", "missing_lines": 1, "excluded_lines": 0}, "missing_lines": [145], "excluded_lines": []}, "DisplayManager.log": {"executed_lines": [], "summary": {"covered_lines": 0, "num_statements": 1, "percent_covered": 0.0, "percent_covered_display": "0", "missing_lines": 1, "excluded_lines": 0}, "missing_lines": [154], "excluded_lines": []}, "DisplayManager.has_active_progress": {"executed_lines": [], "summary": {"covered_lines": 0, "num_statements": 1, "percent_covered": 0.0, "percent_covered_display": "0", "missing_lines": 1, "excluded_lines": 0}, "missing_lines": [159], "excluded_lines": []}, "reset_display_manager": {"executed_lines": [], "summary": {"covered_lines": 0, "num_statements": 1, "percent_covered": 0.0, "percent_covered_display": "0", "missing_lines": 1, "excluded_lines": 0}, "missing_lines": [169], "excluded_lines": []}, "": {"executed_lines": [1, 8, 10, 11, 12, 14, 15, 18, 19, 25, 27, 32, 41, 42, 67, 89, 127, 138, 147, 156, 157, 162, 173], "summary": {"covered_lines": 21, "num_statements": 21, "percent_covered": 100.0, "percent_covered_display": "100", "missing_lines": 0, "excluded_lines": 0}, "missing_lines": [], "excluded_lines": []}}, "classes": {"DisplayManager": {"executed_lines": [28, 29, 30, 33, 34, 36, 37, 38, 39, 54, 59, 60, 61, 62, 64, 65, 80, 85, 86, 87, 113, 116], "summary": {"covered_lines": 22, "num_statements": 30, "percent_covered": 73.33333333333333, "percent_covered_display": "73", "missing_lines": 8, "excluded_lines": 0}, "missing_lines": [56, 57, 81, 114, 136, 145, 154, 159], "excluded_lines": []}, "": {"executed_lines": [1, 8, 10, 11, 12, 14, 15, 18, 19, 25, 27, 32, 41, 42, 67, 89, 127, 138, 147, 156, 157, 162, 173], "summary": {"covered_lines": 21, "num_statements": 22, "percent_covered": 95.45454545454545, "percent_covered_display": "95", "missing_lines": 1, "excluded_lines": 0}, "missing_lines": [169], "excluded_lines": []}}}, "src/dnd5e/cli/main.py": {"executed_lines": [1, 3, 4, 5, 6, 8, 9, 11, 12, 13, 14, 15, 16, 17, 18, 19, 20, 22, 25, 32, 38, 62, 63, 69, 70, 84, 86, 89, 91, 92, 102, 104, 107, 109, 111, 113, 117, 119, 121, 122, 125, 127, 129, 130, 134, 135, 136, 137, 138, 139, 140, 143, 144, 145, 146, 147, 148, 156, 157, 167, 168, 319, 325, 327, 330], "summary": {"covered_lines": 64, "num_statements": 152, "percent_covered": 42.10526315789474, "percent_covered_display": "42", "missing_lines": 88, "excluded_lines": 0}, "missing_lines": [44, 47, 59, 65, 66, 93, 94, 95, 96, 97, 98, 99, 103, 105, 112, 114, 149, 152, 153, 163, 164, 186, 187, 189, 190, 191, 194, 195, 197, 200, 201, 204, 205, 206, 209, 210, 211, 214, 215, 216, 217, 219, 220, 226, 227, 229, 230, 231, 233, 234, 235, 237, 239, 240, 241, 244, 256, 257, 258, 261, 262, 265, 266, 267, 269, 274, 275, 276, 278, 279, 282, 283, 286, 288, 296, 297, 301, 305, 306, 307, 308, 309, 310, 312, 313, 314, 316, 331], "excluded_lines": [], "functions": {"_create_latex_compiler": {"executed_lines": [], "summary": {"covered_lines": 0, "num_statements": 3, "percent_covered": 0.0, "percent_covered_display": "0", "missing_lines": 3, "excluded_lines": 0}, "missing_lines": [44, 47, 59], "excluded_lines": []}, "show_version": {"executed_lines": [], "summary": {"covered_lines": 0, "num_statements": 2, "percent_covered": 0.0, "percent_covered_display": "0", "missing_lines": 2, "excluded_lines": 0}, "missing_lines": [65, 66], "excluded_lines": []}, "main": {"executed_lines": [84, 86, 89, 91, 92, 102, 104, 107, 109, 111, 113], "summary": {"covered_lines": 11, "num_statements": 22, "percent_covered": 50.0, "percent_covered_display": "50", "missing_lines": 11, "excluded_lines": 0}, "missing_lines": [93, 94, 95, 96, 97, 98, 99, 103, 105, 112, 114], "excluded_lines": []}, "get_omnidexer": {"executed_lines": [119, 121, 122], "summary": {"covered_lines": 3, "num_statements": 3, "percent_covered": 100.0, "percent_covered_display": "100", "missing_lines": 0, "excluded_lines": 0}, "missing_lines": [], "excluded_lines": []}, "get_tag_resolver": {"executed_lines": [127, 129, 130], "summary": {"covered_lines": 3, "num_statements": 3, "percent_covered": 100.0, "percent_covered_display": "100", "missing_lines": 0, "excluded_lines": 0}, "missing_lines": [], "excluded_lines": []}, "serve_api": {"executed_lines": [], "summary": {"covered_lines": 0, "num_statements": 2, "percent_covered": 0.0, "percent_covered_display": "0", "missing_lines": 2, "excluded_lines": 0}, "missing_lines": [163, 164], "excluded_lines": []}, "quick_convert": {"executed_lines": [], "summary": {"covered_lines": 0, "num_statements": 2, "percent_covered": 0.0, "percent_covered_display": "0", "missing_lines": 2, "excluded_lines": 0}, "missing_lines": [186, 316], "excluded_lines": []}, "quick_convert._quick_convert": {"executed_lines": [], "summary": {"covered_lines": 0, "num_statements": 64, "percent_covered": 0.0, "percent_covered_display": "0", "missing_lines": 64, "excluded_lines": 0}, "missing_lines": [187, 189, 190, 191, 194, 195, 197, 200, 201, 204, 205, 206, 209, 210, 211, 214, 215, 216, 217, 219, 220, 226, 227, 229, 230, 231, 233, 234, 235, 237, 239, 240, 241, 244, 256, 257, 258, 261, 262, 265, 266, 267, 269, 274, 275, 276, 278, 279, 282, 283, 286, 288, 296, 297, 301, 305, 306, 307, 308, 309, 310, 312, 313, 314], "excluded_lines": []}, "reset_cli_globals": {"executed_lines": [325, 327], "summary": {"covered_lines": 2, "num_statements": 2, "percent_covered": 100.0, "percent_covered_display": "100", "missing_lines": 0, "excluded_lines": 0}, "missing_lines": [], "excluded_lines": []}, "": {"executed_lines": [1, 3, 4, 5, 6, 8, 9, 11, 12, 13, 14, 15, 16, 17, 18, 19, 20, 22, 25, 32, 38, 62, 63, 69, 70, 117, 125, 134, 135, 136, 137, 138, 139, 140, 143, 144, 145, 146, 147, 148, 156, 157, 167, 168, 319, 330], "summary": {"covered_lines": 45, "num_statements": 49, "percent_covered": 91.83673469387755, "percent_covered_display": "92", "missing_lines": 4, "excluded_lines": 0}, "missing_lines": [149, 152, 153, 331], "excluded_lines": []}}, "classes": {"": {"executed_lines": [1, 3, 4, 5, 6, 8, 9, 11, 12, 13, 14, 15, 16, 17, 18, 19, 20, 22, 25, 32, 38, 62, 63, 69, 70, 84, 86, 89, 91, 92, 102, 104, 107, 109, 111, 113, 117, 119, 121, 122, 125, 127, 129, 130, 134, 135, 136, 137, 138, 139, 140, 143, 144, 145, 146, 147, 148, 156, 157, 167, 168, 319, 325, 327, 330], "summary": {"covered_lines": 64, "num_statements": 152, "percent_covered": 42.10526315789474, "percent_covered_display": "42", "missing_lines": 88, "excluded_lines": 0}, "missing_lines": [44, 47, 59, 65, 66, 93, 94, 95, 96, 97, 98, 99, 103, 105, 112, 114, 149, 152, 153, 163, 164, 186, 187, 189, 190, 191, 194, 195, 197, 200, 201, 204, 205, 206, 209, 210, 211, 214, 215, 216, 217, 219, 220, 226, 227, 229, 230, 231, 233, 234, 235, 237, 239, 240, 241, 244, 256, 257, 258, 261, 262, 265, 266, 267, 269, 274, 275, 276, 278, 279, 282, 283, 286, 288, 296, 297, 301, 305, 306, 307, 308, 309, 310, 312, 313, 314, 316, 331], "excluded_lines": []}}}, "src/dnd5e/core/__init__.py": {"executed_lines": [0], "summary": {"covered_lines": 0, "num_statements": 0, "percent_covered": 100.0, "percent_covered_display": "100", "missing_lines": 0, "excluded_lines": 0}, "missing_lines": [], "excluded_lines": [], "functions": {"": {"executed_lines": [], "summary": {"covered_lines": 0, "num_statements": 0, "percent_covered": 100.0, "percent_covered_display": "100", "missing_lines": 0, "excluded_lines": 0}, "missing_lines": [], "excluded_lines": []}}, "classes": {"": {"executed_lines": [], "summary": {"covered_lines": 0, "num_statements": 0, "percent_covered": 100.0, "percent_covered_display": "100", "missing_lines": 0, "excluded_lines": 0}, "missing_lines": [], "excluded_lines": []}}}, "src/dnd5e/core/assets/__init__.py": {"executed_lines": [1, 3, 5], "summary": {"covered_lines": 2, "num_statements": 2, "percent_covered": 100.0, "percent_covered_display": "100", "missing_lines": 0, "excluded_lines": 0}, "missing_lines": [], "excluded_lines": [], "functions": {"": {"executed_lines": [1, 3, 5], "summary": {"covered_lines": 2, "num_statements": 2, "percent_covered": 100.0, "percent_covered_display": "100", "missing_lines": 0, "excluded_lines": 0}, "missing_lines": [], "excluded_lines": []}}, "classes": {"": {"executed_lines": [1, 3, 5], "summary": {"covered_lines": 2, "num_statements": 2, "percent_covered": 100.0, "percent_covered_display": "100", "missing_lines": 0, "excluded_lines": 0}, "missing_lines": [], "excluded_lines": []}}}, "src/dnd5e/core/assets/image_manager.py": {"executed_lines": [1, 3, 5, 6, 7, 8, 9, 11, 12, 14, 15, 18, 19, 21, 22, 23, 24, 29, 30, 32, 33, 34, 35, 36, 37, 40, 41, 47, 74, 101, 138, 185, 214, 244, 255, 265, 281, 311], "summary": {"covered_lines": 34, "num_statements": 127, "percent_covered": 26.771653543307085, "percent_covered_display": "27", "missing_lines": 93, "excluded_lines": 0}, "missing_lines": [53, 54, 55, 58, 72, 87, 88, 91, 93, 94, 95, 96, 99, 114, 117, 118, 119, 122, 123, 124, 127, 128, 131, 132, 133, 134, 136, 147, 150, 151, 152, 153, 155, 158, 160, 162, 163, 164, 165, 166, 168, 176, 177, 179, 181, 183, 198, 201, 203, 204, 205, 206, 209, 210, 212, 224, 225, 226, 227, 228, 230, 233, 234, 235, 237, 239, 241, 242, 253, 261, 263, 273, 279, 287, 289, 290, 293, 294, 295, 296, 297, 298, 299, 300, 303, 304, 305, 306, 308, 309, 317, 318, 322], "excluded_lines": [], "functions": {"ImageManager.__init__": {"executed_lines": [], "summary": {"covered_lines": 0, "num_statements": 5, "percent_covered": 0.0, "percent_covered_display": "0", "missing_lines": 5, "excluded_lines": 0}, "missing_lines": [53, 54, 55, 58, 72], "excluded_lines": []}, "ImageManager.resolve_image": {"executed_lines": [], "summary": {"covered_lines": 0, "num_statements": 8, "percent_covered": 0.0, "percent_covered_display": "0", "missing_lines": 8, "excluded_lines": 0}, "missing_lines": [87, 88, 91, 93, 94, 95, 96, 99], "excluded_lines": []}, "ImageManager._resolve_local_path": {"executed_lines": [], "summary": {"covered_lines": 0, "num_statements": 14, "percent_covered": 0.0, "percent_covered_display": "0", "missing_lines": 14, "excluded_lines": 0}, "missing_lines": [114, 117, 118, 119, 122, 123, 124, 127, 128, 131, 132, 133, 134, 136], "excluded_lines": []}, "ImageManager._download_and_cache": {"executed_lines": [], "summary": {"covered_lines": 0, "num_statements": 19, "percent_covered": 0.0, "percent_covered_display": "0", "missing_lines": 19, "excluded_lines": 0}, "missing_lines": [147, 150, 151, 152, 153, 155, 158, 160, 162, 163, 164, 165, 166, 168, 176, 177, 179, 181, 183], "excluded_lines": []}, "ImageManager._construct_source_url": {"executed_lines": [], "summary": {"covered_lines": 0, "num_statements": 9, "percent_covered": 0.0, "percent_covered_display": "0", "missing_lines": 9, "excluded_lines": 0}, "missing_lines": [198, 201, 203, 204, 205, 206, 209, 210, 212], "excluded_lines": []}, "ImageManager._download_from_url": {"executed_lines": [], "summary": {"covered_lines": 0, "num_statements": 13, "percent_covered": 0.0, "percent_covered_display": "0", "missing_lines": 13, "excluded_lines": 0}, "missing_lines": [224, 225, 226, 227, 228, 230, 233, 234, 235, 237, 239, 241, 242], "excluded_lines": []}, "ImageManager._generate_cache_key": {"executed_lines": [], "summary": {"covered_lines": 0, "num_statements": 1, "percent_covered": 0.0, "percent_covered_display": "0", "missing_lines": 1, "excluded_lines": 0}, "missing_lines": [253], "excluded_lines": []}, "ImageManager.add_source": {"executed_lines": [], "summary": {"covered_lines": 0, "num_statements": 2, "percent_covered": 0.0, "percent_covered_display": "0", "missing_lines": 2, "excluded_lines": 0}, "missing_lines": [261, 263], "excluded_lines": []}, "ImageManager.add_local_source": {"executed_lines": [], "summary": {"covered_lines": 0, "num_statements": 2, "percent_covered": 0.0, "percent_covered_display": "0", "missing_lines": 2, "excluded_lines": 0}, "missing_lines": [273, 279], "excluded_lines": []}, "ImageManager.cleanup_cache": {"executed_lines": [], "summary": {"covered_lines": 0, "num_statements": 17, "percent_covered": 0.0, "percent_covered_display": "0", "missing_lines": 17, "excluded_lines": 0}, "missing_lines": [287, 289, 290, 293, 294, 295, 296, 297, 298, 299, 300, 303, 304, 305, 306, 308, 309], "excluded_lines": []}, "ImageManager.get_cache_info": {"executed_lines": [], "summary": {"covered_lines": 0, "num_statements": 3, "percent_covered": 0.0, "percent_covered_display": "0", "missing_lines": 3, "excluded_lines": 0}, "missing_lines": [317, 318, 322], "excluded_lines": []}, "": {"executed_lines": [1, 3, 5, 6, 7, 8, 9, 11, 12, 14, 15, 18, 19, 21, 22, 23, 24, 29, 30, 32, 33, 34, 35, 36, 37, 40, 41, 47, 74, 101, 138, 185, 214, 244, 255, 265, 281, 311], "summary": {"covered_lines": 34, "num_statements": 34, "percent_covered": 100.0, "percent_covered_display": "100", "missing_lines": 0, "excluded_lines": 0}, "missing_lines": [], "excluded_lines": []}}, "classes": {"ImageSource": {"executed_lines": [], "summary": {"covered_lines": 0, "num_statements": 0, "percent_covered": 100.0, "percent_covered_display": "100", "missing_lines": 0, "excluded_lines": 0}, "missing_lines": [], "excluded_lines": []}, "ImageAsset": {"executed_lines": [], "summary": {"covered_lines": 0, "num_statements": 0, "percent_covered": 100.0, "percent_covered_display": "100", "missing_lines": 0, "excluded_lines": 0}, "missing_lines": [], "excluded_lines": []}, "ImageManager": {"executed_lines": [], "summary": {"covered_lines": 0, "num_statements": 93, "percent_covered": 0.0, "percent_covered_display": "0", "missing_lines": 93, "excluded_lines": 0}, "missing_lines": [53, 54, 55, 58, 72, 87, 88, 91, 93, 94, 95, 96, 99, 114, 117, 118, 119, 122, 123, 124, 127, 128, 131, 132, 133, 134, 136, 147, 150, 151, 152, 153, 155, 158, 160, 162, 163, 164, 165, 166, 168, 176, 177, 179, 181, 183, 198, 201, 203, 204, 205, 206, 209, 210, 212, 224, 225, 226, 227, 228, 230, 233, 234, 235, 237, 239, 241, 242, 253, 261, 263, 273, 279, 287, 289, 290, 293, 294, 295, 296, 297, 298, 299, 300, 303, 304, 305, 306, 308, 309, 317, 318, 322], "excluded_lines": []}, "": {"executed_lines": [1, 3, 5, 6, 7, 8, 9, 11, 12, 14, 15, 18, 19, 21, 22, 23, 24, 29, 30, 32, 33, 34, 35, 36, 37, 40, 41, 47, 74, 101, 138, 185, 214, 244, 255, 265, 281, 311], "summary": {"covered_lines": 34, "num_statements": 34, "percent_covered": 100.0, "percent_covered_display": "100", "missing_lines": 0, "excluded_lines": 0}, "missing_lines": [], "excluded_lines": []}}}, "src/dnd5e/core/base_context.py": {"executed_lines": [1, 7, 9, 10, 12, 14, 16, 19, 20, 27, 28, 32, 33, 37, 38, 43, 44, 46, 50, 65, 66, 72, 75, 78, 79, 82, 84, 85, 86, 90, 91, 100, 104, 121, 122, 129, 130, 131, 134, 135, 136, 139, 142, 144, 145, 149, 150, 157, 158, 161, 165, 166, 169, 173, 180, 181, 188, 194, 195, 196, 197, 199, 200, 203, 207, 218, 249, 274], "summary": {"covered_lines": 61, "num_statements": 91, "percent_covered": 67.03296703296704, "percent_covered_display": "67", "missing_lines": 30, "excluded_lines": 7}, "missing_lines": [47, 48, 51, 52, 53, 55, 56, 57, 60, 62, 88, 93, 102, 112, 118, 146, 167, 171, 175, 176, 177, 201, 205, 209, 210, 211, 212, 239, 266, 289], "excluded_lines": [30, 31, 35, 36, 40, 41, 42], "functions": {"BaseContext.content_type": {"executed_lines": [], "summary": {"covered_lines": 0, "num_statements": 0, "percent_covered": 100.0, "percent_covered_display": "100", "missing_lines": 0, "excluded_lines": 1}, "missing_lines": [], "excluded_lines": [30]}, "BaseContext.source_info": {"executed_lines": [], "summary": {"covered_lines": 0, "num_statements": 0, "percent_covered": 100.0, "percent_covered_display": "100", "missing_lines": 0, "excluded_lines": 1}, "missing_lines": [], "excluded_lines": [35]}, "BaseContext.omnidexer": {"executed_lines": [], "summary": {"covered_lines": 0, "num_statements": 0, "percent_covered": 100.0, "percent_covered_display": "100", "missing_lines": 0, "excluded_lines": 1}, "missing_lines": [], "excluded_lines": [40]}, "ContextualError.__init__": {"executed_lines": [], "summary": {"covered_lines": 0, "num_statements": 2, "percent_covered": 0.0, "percent_covered_display": "0", "missing_lines": 2, "excluded_lines": 0}, "missing_lines": [47, 48], "excluded_lines": []}, "ContextualError.__str__": {"executed_lines": [], "summary": {"covered_lines": 0, "num_statements": 8, "percent_covered": 0.0, "percent_covered_display": "0", "missing_lines": 8, "excluded_lines": 0}, "missing_lines": [51, 52, 53, 55, 56, 57, 60, 62], "excluded_lines": []}, "Context.content_type": {"executed_lines": [], "summary": {"covered_lines": 0, "num_statements": 1, "percent_covered": 0.0, "percent_covered_display": "0", "missing_lines": 1, "excluded_lines": 0}, "missing_lines": [88], "excluded_lines": []}, "Context.source_info": {"executed_lines": [], "summary": {"covered_lines": 0, "num_statements": 1, "percent_covered": 0.0, "percent_covered_display": "0", "missing_lines": 1, "excl
[...]
LaTeXTagRenderer._escape_latex": {"executed_lines": [], "summary": {"covered_lines": 0, "num_statements": 1, "percent_covered": 0.0, "percent_covered_display": "0", "missing_lines": 1, "excluded_lines": 0}, "missing_lines": [159], "excluded_lines": []}, "LaTeXTagRenderer._escape_latex_basic": {"executed_lines": [], "summary": {"covered_lines": 0, "num_statements": 10, "percent_covered": 0.0, "percent_covered_display": "0", "missing_lines": 10, "excluded_lines": 0}, "missing_lines": [163, 164, 167, 179, 180, 181, 184, 197, 198, 200], "excluded_lines": []}, "LaTeXTagRenderer._is_dnd_text": {"executed_lines": [], "summary": {"covered_lines": 0, "num_statements": 7, "percent_covered": 0.0, "percent_covered_display": "0", "missing_lines": 7, "excluded_lines": 0}, "missing_lines": [204, 207, 211, 216, 217, 218, 220], "excluded_lines": []}, "LaTeXTagRenderer._format_dnd_text": {"executed_lines": [], "summary": {"covered_lines": 0, "num_statements": 4, "percent_covered": 0.0, "percent_covered_display": "0", "missing_lines": 4, "excluded_lines": 0}, "missing_lines": [224, 228, 236, 238], "excluded_lines": []}, "ContentTypeStyleConfig.__init__": {"executed_lines": [], "summary": {"covered_lines": 0, "num_statements": 1, "percent_covered": 0.0, "percent_covered_display": "0", "missing_lines": 1, "excluded_lines": 0}, "missing_lines": [249], "excluded_lines": []}, "ContentTypeStyleConfig._build_dynamic_styles": {"executed_lines": [], "summary": {"covered_lines": 0, "num_statements": 21, "percent_covered": 0.0, "percent_covered_display": "0", "missing_lines": 21, "excluded_lines": 0}, "missing_lines": [257, 258, 261, 274, 276, 277, 278, 279, 281, 282, 283, 285, 287, 289, 291, 292, 293, 294, 295, 296, 298], "excluded_lines": []}, "ContentTypeStyleConfig.get_style": {"executed_lines": [], "summary": {"covered_lines": 0, "num_statements": 1, "percent_covered": 0.0, "percent_covered_display": "0", "missing_lines": 1, "excluded_lines": 0}, "missing_lines": [302], "excluded_lines": []}, "ContentTypeStyleConfig.set_style": {"executed_lines": [], "summary": {"covered_lines": 0, "num_statements": 3, "percent_covered": 0.0, "percent_covered_display": "0", "missing_lines": 3, "excluded_lines": 0}, "missing_lines": [306, 307, 308], "excluded_lines": []}, "ConfigurableLaTeXTagRenderer.__init__": {"executed_lines": [], "summary": {"covered_lines": 0, "num_statements": 2, "percent_covered": 0.0, "percent_covered_display": "0", "missing_lines": 2, "excluded_lines": 0}, "missing_lines": [315, 316], "excluded_lines": []}, "ConfigurableLaTeXTagRenderer._render_content_reference": {"executed_lines": [], "summary": {"covered_lines": 0, "num_statements": 14, "percent_covered": 0.0, "percent_covered_display": "0", "missing_lines": 14, "excluded_lines": 0}, "missing_lines": [320, 321, 324, 325, 326, 327, 329, 332, 333, 334, 335, 336, 337, 339], "excluded_lines": []}, "": {"executed_lines": [1, 3, 4, 12, 13, 15, 18, 19, 26, 30, 51, 90, 124, 157, 161, 202, 222, 241, 242, 248, 251, 300, 304, 311, 312, 314, 318], "summary": {"covered_lines": 23, "num_statements": 23, "percent_covered": 100.0, "percent_covered_display": "100", "missing_lines": 0, "excluded_lines": 0}, "missing_lines": [], "excluded_lines": []}}, "classes": {"LaTeXTagRenderer": {"executed_lines": [], "summary": {"covered_lines": 0, "num_statements": 88, "percent_covered": 0.0, "percent_covered_display": "0", "missing_lines": 88, "excluded_lines": 0}, "missing_lines": [28, 39, 40, 41, 42, 43, 44, 45, 46, 48, 49, 61, 64, 66, 67, 68, 69, 70, 71, 73, 75, 78, 81, 82, 83, 84, 85, 86, 88, 93, 95, 97, 98, 102, 107, 110, 112, 113, 114, 115, 116, 117, 118, 119, 121, 122, 126, 128, 129, 131, 132, 134, 135, 137, 138, 140, 141, 143, 144, 146, 147, 149, 150, 152, 154, 155, 159, 163, 164, 167, 179, 180, 181, 184, 197, 198, 200, 204, 207, 211, 216, 217, 218, 220, 224, 228, 236, 238], "excluded_lines": []}, "ContentTypeStyleConfig": {"executed_lines": [], "summary": {"covered_lines": 0, "num_statements": 26, "percent_covered": 0.0, "percent_covered_display": "0", "missing_lines": 26, "excluded_lines": 0}, "missing_lines": [249, 257, 258, 261, 274, 276, 277, 278, 279, 281, 282, 283, 285, 287, 289, 291, 292, 293, 294, 295, 296, 298, 302, 306, 307, 308], "excluded_lines": []}, "ConfigurableLaTeXTagRenderer": {"executed_lines": [], "summary": {"covered_lines": 0, "num_statements": 16, "percent_covered": 0.0, "percent_covered_display": "0", "missing_lines": 16, "excluded_lines": 0}, "missing_lines": [315, 316, 320, 321, 324, 325, 326, 327, 329, 332, 333, 334, 335, 336, 337, 339], "excluded_lines": []}, "": {"executed_lines": [1, 3, 4, 12, 13, 15, 18, 19, 26, 30, 51, 90, 124, 157, 161, 202, 222, 241, 242, 248, 251, 300, 304, 311, 312, 314, 318], "summary": {"covered_lines": 23, "num_statements": 23, "percent_covered": 100.0, "percent_covered_display": "100", "missing_lines": 0, "excluded_lines": 0}, "missing_lines": [], "excluded_lines": []}}}, "src/dnd5e/renderers/latex/template_engine.py": {"executed_lines": [1, 3, 4, 5, 7, 8, 10, 16, 17, 18, 21, 22, 41, 47, 49, 50, 54, 55, 58, 61, 63, 69, 73, 76, 79, 98, 101, 103, 106, 108, 110, 112, 118, 124, 130, 136, 142, 161, 170, 183, 200, 245, 271, 312, 313, 314, 315, 316, 317, 318, 319, 320, 321, 322, 323, 324, 326, 340, 342, 343, 346, 349, 352, 365, 374, 375, 376, 378, 388, 391, 392, 395, 397, 399, 416, 429, 433, 446, 457, 466, 470, 471, 473, 481, 505, 518, 521, 524, 535, 536, 553, 555, 572, 579, 582, 584, 592], "summary": {"covered_lines": 95, "num_statements": 222, "percent_covered": 42.792792792792795, "percent_covered_display": "43", "missing_lines": 127, "excluded_lines": 0}, "missing_lines": [51, 70, 109, 114, 115, 116, 120, 121, 122, 126, 127, 128, 132, 133, 134, 138, 139, 140, 144, 145, 147, 150, 152, 153, 157, 159, 163, 164, 165, 166, 167, 168, 172, 173, 174, 175, 176, 177, 179, 180, 181, 185, 186, 187, 188, 189, 190, 191, 192, 193, 194, 196, 197, 198, 202, 203, 206, 209, 212, 215, 216, 217, 218, 220, 221, 222, 223, 224, 225, 227, 230, 232, 233, 234, 235, 236, 238, 239, 241, 243, 247, 248, 251, 254, 258, 259, 262, 264, 267, 269, 273, 274, 278, 306, 307, 309, 354, 355, 358, 359, 360, 361, 408, 409, 410, 411, 412, 413, 414, 422, 423, 425, 426, 427, 431, 442, 443, 444, 455, 479, 487, 490, 491, 495, 573, 590, 594], "excluded_lines": [], "functions": {"LaTeXTemplateEngine.__init__": {"executed_lines": [47, 49, 50, 54, 55, 58, 61], "summary": {"covered_lines": 7, "num_statements": 8, "percent_covered": 87.5, "percent_covered_display": "88", "missing_lines": 1, "excluded_lines": 0}, "missing_lines": [51], "excluded_lines": []}, "LaTeXTemplateEngine.update_latex_config": {"executed_lines": [69, 73, 76, 79, 98, 101], "summary": {"covered_lines": 6, "num_statements": 7, "percent_covered": 85.71428571428571, "percent_covered_display": "86", "missing_lines": 1, "excluded_lines": 0}, "missing_lines": [70], "excluded_lines": []}, "LaTeXTemplateEngine._add_latex_filters": {"executed_lines": [106, 112, 118, 124, 130, 136, 142, 161, 170, 183, 200, 245, 271, 312, 313, 314, 315, 316, 317, 318, 319, 320, 321, 322, 323, 324], "summary": {"covered_lines": 26, "num_statements": 26, "percent_covered": 100.0, "percent_covered_display": "100", "missing_lines": 0, "excluded_lines": 0}, "missing_lines": [], "excluded_lines": []}, "LaTeXTemplateEngine._add_latex_filters.latex_escape": {"executed_lines": [108, 110], "summary": {"covered_lines": 2, "num_statements": 3, "percent_covered": 66.66666666666667, "percent_covered_display": "67", "missing_lines": 1, "excluded_lines": 0}, "missing_lines": [109], "excluded_lines": []}, "LaTeXTemplateEngine._add_latex_filters.latex_newlines": {"executed_lines": [], "summary": {"covered_lines": 0, "num_statements": 3, "percent_covered": 0.0, "percent_covered_display": "0", "missing_lines": 3, "excluded_lines": 0}, "missing_lines": [114, 115, 116], "excluded_lines": []}, "LaTeXTemplateEngine._add_latex_filters.latex_bold": {"executed_lines": [], "summary": {"covered_lines": 0, "num_statements": 3, "percent_covered": 0.0, "percent_covered_display": "0", "missing_lines": 3, "excluded_lines": 0}, "missing_lines": [120, 121, 122], "excluded_lines": []}, "LaTeXTemplateEngine._add_latex_filters.latex_italic": {"executed_lines": [], "summary": {"covered_lines": 0, "num_statements": 3, "percent_covered": 0.0, "percent_covered_display": "0", "missing_lines": 3, "excluded_lines": 0}, "missing_lines": [126, 127, 128], "excluded_lines": []}, "LaTeXTemplateEngine._add_latex_filters.latex_underline": {"executed_lines": [], "summary": {"covered_lines": 0, "num_statements": 3, "percent_covered": 0.0, "percent_covered_display": "0", "missing_lines": 3, "excluded_lines": 0}, "missing_lines": [132, 133, 134], "excluded_lines": []}, "LaTeXTemplateEngine._add_latex_filters.latex_verbatim": {"executed_lines": [], "summary": {"covered_lines": 0, "num_statements": 3, "percent_covered": 0.0, "percent_covered_display": "0", "missing_lines": 3, "excluded_lines": 0}, "missing_lines": [138, 139, 140], "excluded_lines": []}, "LaTeXTemplateEngine._add_latex_filters.latex_safe_check": {"executed_lines": [], "summary": {"covered_lines": 0, "num_statements": 8, "percent_covered": 0.0, "percent_covered_display": "0", "missing_lines": 8, "excluded_lines": 0}, "missing_lines": [144, 145, 147, 150, 152, 153, 157, 159], "excluded_lines": []}, "LaTeXTemplateEngine._add_latex_filters.dnd_ability_modifier": {"executed_lines": [], "summary": {"covered_lines": 0, "num_statements": 6, "percent_covered": 0.0, "percent_covered_display": "0", "missing_lines": 6, "excluded_lines": 0}, "missing_lines": [163, 164, 165, 166, 167, 168], "excluded_lines": []}, "LaTeXTemplateEngine._add_latex_filters.dnd_challenge_rating": {"executed_lines": [], "summary": {"covered_lines": 0, "num_statements": 9, "percent_covered": 0.0, "percent_covered_display": "0", "missing_lines": 9, "excluded_lines": 0}, "missing_lines": [172, 173, 174, 175, 176, 177, 179, 180, 181], "excluded_lines": []}, "LaTeXTemplateEngine._add_latex_filters.dnd_spell_level": {"executed_lines": [], "summary": {"covered_lines": 0, "num_statements": 13, "percent_covered": 0.0, "percent_covered_display": "0", "missing_lines": 13, "excluded_lines": 0}, "missing_lines": [185, 186, 187, 188, 189, 190, 191, 192, 193, 194, 196, 197, 198], "excluded_lines": []}, "LaTeXTemplateEngine._add_latex_filters.markdown_to_latex": {"executed_lines": [], "summary": {"covered_lines": 0, "num_statements": 26, "percent_covered": 0.0, "percent_covered_display": "0", "missing_lines": 26, "excluded_lines": 0}, "missing_lines": [202, 203, 206, 209, 212, 215, 216, 217, 218, 220, 221, 222, 223, 224, 225, 227, 230, 232, 233, 234, 235, 236, 238, 239, 241, 243], "excluded_lines": []}, "LaTeXTemplateEngine._add_latex_filters.clean_jinja_comments": {"executed_lines": [], "summary": {"covered_lines": 0, "num_statements": 10, "percent_covered": 0.0, "percent_covered_display": "0", "missing_lines": 10, "excluded_lines": 0}, "missing_lines": [247, 248, 251, 254, 258, 259, 262, 264, 267, 269], "excluded_lines": []}, "LaTeXTemplateEngine._add_latex_filters.dnd_smallcaps": {"executed_lines": [], "summary": {"covered_lines": 0, "num_statements": 6, "percent_covered": 0.0, "percent_covered_display": "0", "missing_lines": 6, "excluded_lines": 0}, "missing_lines": [273, 274, 278, 306, 307, 309], "excluded_lines": []}, "LaTeXTemplateEngine.render_template": {"executed_lines": [340, 342, 343, 346, 349, 352], "summary": {"covered_lines": 6, "num_statements": 12, "percent_covered": 50.0, "percent_covered_display": "50", "missing_lines": 6, "excluded_lines": 0}, "missing_lines": [354, 355, 358, 359, 360, 361], "excluded_lines": []}, "LaTeXTemplateEngine._get_template": {"executed_lines": [374, 375, 376], "summary": {"covered_lines": 3, "num_statements": 3, "percent_covered": 100.0, "percent_covered_display": "100", "missing_lines": 0, "excluded_lines": 0}, "missing_lines": [], "excluded_lines": []}, "LaTeXTemplateEngine._post_process_output": {"executed_lines": [388, 391, 392, 395, 397], "summary": {"covered_lines": 5, "num_statements": 5, "percent_covered": 100.0, "percent_covered_display": "100", "missing_lines": 0, "excluded_lines": 0}, "missing_lines": [], "excluded_lines": []}, "LaTeXTemplateEngine.validate_template": {"executed_lines": [], "summary": {"covered_lines": 0, "num_statements": 7, "percent_covered": 0.0, "percent_covered_display": "0", "missing_lines": 7, "excluded_lines": 0}, "missing_lines": [408, 409, 410, 411, 412, 413, 414], "excluded_lines": []}, "LaTeXTemplateEngine.list_templates": {"executed_lines": [], "summary": {"covered_lines": 0, "num_statements": 5, "percent_covered": 0.0, "percent_covered_display": "0", "missing_lines": 5, "excluded_lines": 0}, "missing_lines": [422, 423, 425, 426, 427], "excluded_lines": []}, "LaTeXTemplateEngine.clear_cache": {"executed_lines": [], "summary": {"covered_lines": 0, "num_statements": 1, "percent_covered": 0.0, "percent_covered_display": "0", "missing_lines": 1, "excluded_lines": 0}, "missing_lines": [431], "excluded_lines": []}, "LaTeXTemplateEngine.get_template_path": {"executed_lines": [], "summary": {"covered_lines": 0, "num_statements": 3, "percent_covered": 0.0, "percent_covered_display": "0", "missing_lines": 3, "excluded_lines": 0}, "missing_lines": [442, 443, 444], "excluded_lines": []}, "LaTeXTemplateEngine.template_exists": {"executed_lines": [], "summary": {"covered_lines": 0, "num_statements": 1, "percent_covered": 0.0, "percent_covered_display": "0", "missing_lines": 1, "excluded_lines": 0}, "missing_lines": [455], "excluded_lines": []}, "LaTeXTemplateEngine.create_template_context": {"executed_lines": [466, 470, 471], "summary": {"covered_lines": 3, "num_statements": 3, "percent_covered": 100.0, "percent_covered_display": "100", "missing_lines": 0, "excluded_lines": 0}, "missing_lines": [], "excluded_lines": []}, "LaTeXTemplateEngine.check_dnd_template_availability": {"executed_lines": [], "summary": {"covered_lines": 0, "num_statements": 1, "percent_covered": 0.0, "percent_covered_display": "0", "missing_lines": 1, "excluded_lines": 0}, "missing_lines": [479], "excluded_lines": []}, "LaTeXTemplateEngine.get_dnd_template_status": {"executed_lines": [], "summary": {"covered_lines": 0, "num_statements": 4, "percent_covered": 0.0, "percent_covered_display": "0", "missing_lines": 4, "excluded_lines": 0}, "missing_lines": [487, 490, 491, 495], "excluded_lines": []}, "LaTeXTemplateEngine.create_dnd_template_context": {"executed_lines": [518, 521, 524, 535, 536, 553], "summary": {"covered_lines": 6, "num_statements": 6, "percent_covered": 100.0, "percent_covered_display": "100", "missing_lines": 0, "excluded_lines": 0}, "missing_lines": [], "excluded_lines": []}, "LaTeXTemplateEngine.render_dnd_template": {"executed_lines": [572, 579, 582], "summary": {"covered_lines": 3, "num_statements": 4, "percent_covered": 75.0, "percent_covered_display": "75", "missing_lines": 1, "excluded_lines": 0}, "missing_lines": [573], "excluded_lines": []}, "LaTeXTemplateEngine.get_installation_guide": {"executed_lines": [], "summary": {"covered_lines": 0, "num_statements": 1, "percent_covered": 0.0, "percent_covered_display": "0", "missing_lines": 1, "excluded_lines": 0}, "missing_lines": [590], "excluded_lines": []}, "LaTeXTemplateEngine.print_dnd_status_report": {"executed_lines": [], "summary": {"covered_lines": 0, "num_statements": 1, "percent_covered": 0.0, "percent_covered_display": "0", "missing_lines": 1, "excluded_lines": 0}, "missing_lines": [594], "excluded_lines": []}, "": {"executed_lines": [1, 3, 4, 5, 7, 8, 10, 16, 17, 18, 21, 22, 41, 63, 103, 326, 365, 378, 399, 416, 429, 433, 446, 457, 473, 481, 505, 555, 584, 592], "summary": {"covered_lines": 28, "num_statements": 28, "percent_covered": 100.0, "percent_covered_display": "100", "missing_lines": 0, "excluded_lines": 0}, "missing_lines": [], "excluded_lines": []}}, "classes": {"LaTeXTemplateEngine": {"executed_lines": [47, 49, 50, 54, 55, 58, 61, 69, 73, 76, 79, 98, 101, 106, 108, 110, 112, 118, 124, 130, 136, 142, 161, 170, 183, 200, 245, 271, 312, 313, 314, 315, 316, 317, 318, 319, 320, 321, 322, 323, 324, 340, 342, 343, 346, 349, 352, 374, 375, 376, 388, 391, 392, 395, 397, 466, 470, 471, 518, 521, 524, 535, 536, 553, 572, 579, 582], "summary": {"covered_lines": 67, "num_statements": 194, "percent_covered": 34.5360824742268, "percent_covered_display": "35", "missing_lines": 127, "excluded_lines": 0}, "missing_lines": [51, 70, 109, 114, 115, 116, 120, 121, 122, 126, 127, 128, 132, 133, 134, 138, 139, 140, 144, 145, 147, 150, 152, 153, 157, 159, 163, 164, 165, 166, 167, 168, 172, 173, 174, 175, 176, 177, 179, 180, 181, 185, 186, 187, 188, 189, 190, 191, 192, 193, 194, 196, 197, 198, 202, 203, 206, 209, 212, 215, 216, 217, 218, 220, 221, 222, 223, 224, 225, 227, 230, 232, 233, 234, 235, 236, 238, 239, 241, 243, 247, 248, 251, 254, 258, 259, 262, 264, 267, 269, 273, 274, 278, 306, 307, 309, 354, 355, 358, 359, 360, 361, 408, 409, 410, 411, 412, 413, 414, 422, 423, 425, 426, 427, 431, 442, 443, 444, 455, 479, 487, 490, 491, 495, 573, 590, 594], "excluded_lines": []}, "": {"executed_lines": [1, 3, 4, 5, 7, 8, 10, 16, 17, 18, 21, 22, 41, 63, 103, 326, 365, 378, 399, 416, 429, 433, 446, 457, 473, 481, 505, 555, 584, 592], "summary": {"covered_lines": 28, "num_statements": 28, "percent_covered": 100.0, "percent_covered_display": "100", "missing_lines": 0, "excluded_lines": 0}, "missing_lines": [], "excluded_lines": []}}}, "src/dnd5e/renderers/latex/unicode_mappings.py": {"executed_lines": [1, 9, 24, 79, 95, 104, 113, 126, 145], "summary": {"covered_lines": 8, "num_statements": 23, "percent_covered": 34.78260869565217, "percent_covered_display": "35", "missing_lines": 15, "excluded_lines": 0}, "missing_lines": [101, 110, 119, 120, 121, 122, 123, 135, 136, 138, 154, 155, 156, 157, 158], "excluded_lines": [], "functions": {"get_latex_special_chars": {"executed_lines": [], "summary": {"covered_lines": 0, "num_statements": 1, "percent_covered": 0.0, "percent_covered_display": "0", "missing_lines": 1, "excluded_lines": 0}, "missing_lines": [101], "excluded_lines": []}, "get_unicode_to_latex_mappings": {"executed_lines": [], "summary": {"covered_lines": 0, "num_statements": 1, "percent_covered": 0.0, "percent_covered_display": "0", "missing_lines": 1, "excluded_lines": 0}, "missing_lines": [110], "excluded_lines": []}, "get_all_character_mappings": {"executed_lines": [], "summary": {"covered_lines": 0, "num_statements": 5, "percent_covered": 0.0, "percent_covered_display": "0", "missing_lines": 5, "excluded_lines": 0}, "missing_lines": [119, 120, 121, 122, 123], "excluded_lines": []}, "validate_unicode_char": {"executed_lines": [], "summary": {"covered_lines": 0, "num_statements": 3, "percent_covered": 0.0, "percent_covered_display": "0", "missing_lines": 3, "excluded_lines": 0}, "missing_lines": [135, 136, 138], "excluded_lines": []}, "get_unmapped_unicode_chars": {"executed_lines": [], "summary": {"covered_lines": 0, "num_statements": 5, "percent_covered": 0.0, "percent_covered_display": "0", "missing_lines": 5, "excluded_lines": 0}, "missing_lines": [154, 155, 156, 157, 158], "excluded_lines": []}, "": {"executed_lines": [1, 9, 24, 79, 95, 104, 113, 126, 145], "summary": {"covered_lines": 8, "num_statements": 8, "percent_covered": 100.0, "percent_covered_display": "100", "missing_lines": 0, "excluded_lines": 0}, "missing_lines": [], "excluded_lines": []}}, "classes": {"": {"executed_lines": [1, 9, 24, 79, 95, 104, 113, 126, 145], "summary": {"covered_lines": 8, "num_statements": 23, "percent_covered": 34.78260869565217, "percent_covered_display": "35", "missing_lines": 15, "excluded_lines": 0}, "missing_lines": [101, 110, 119, 120, 121, 122, 123, 135, 136, 138, 154, 155, 156, 157, 158], "excluded_lines": []}}}}, "totals": {"covered_lines": 7231, "num_statements": 18458, "percent_covered": 39.17542528984722, "percent_covered_display": "39", "missing_lines": 11227, "excluded_lines": 148}}