<?xml version="1.0" encoding="utf-8"?><testsuites name="pytest tests"><testsuite name="pytest" errors="0" failures="1" skipped="16" tests="1662" time="92.078" timestamp="2025-08-04T00:29:52.329906+12:00" hostname="shadowfell"><properties>
[...]
</properties><testcase classname="tests.cli.commands.test_convert_commands.TestConvertAdventureCommand" name="test_convert_adventure_with_file_path" time="0.071" /><testcase classname="tests.cli.commands.test_convert_commands.TestConvertAdventureCommand" name="test_convert_adventure_with_abbreviation" time="0.023" /><testcase classname="tests.cli.commands.test_convert_commands.TestConvertAdventureCommand" name="test_convert_adventure_nonexistent_file" time="0.202" /><testcase classname="tests.cli.commands.test_convert_commands.TestConvertAdventureCommand" name="test_convert_adventure_resolution_failure" time="0.009" /><testcase classname="tests.cli.commands.test_convert_commands.TestConvertAdventureCommand" name="test_convert_adventure_with_pdf_compilation" time="0.023" /><testcase classname="tests.cli.commands.test_convert_commands.TestConvertBookCommand" name="test_convert_book_with_file_path" time="0.023" /><testcase classname="tests.cli.commands.test_convert_commands.TestConvertBookCommand" name="test_convert_book_with_custom_options" time="0.021" /><testcase classname="tests.cli.commands.test_convert_commands.TestConvertSupplementCommand" name="test_convert_supplement_with_spells" time="0.021" /><testcase classname="tests.cli.commands.test_convert_commands.TestConvertSupplementCommand" name="test_convert_supplement_nonexistent_file" time="0.004" /><testcase classname="tests.cli.commands.test_convert_commands.TestConvertSupplementCommand" name="test_convert_supplement_empty_content" time="0.019" /><testcase classname="tests.cli.commands.test_convert_commands.TestPDFCompilation" name="test_compile_pdf_success" time="0.004" /><testcase classname="tests.cli.commands.test_convert_commands.TestPDFCompilation" name="test_compile_pdf_failure" time="0.004" /><testcase classname="tests.cli.commands.test_convert_commands.TestPDFCompilation" name="test_compile_pdf_latex_not_found" time="0.003" /><testcase classname="tests.cli.commands.test_convert_commands.TestErrorHandlingPaths" name="test_json_decode_error" time="0.017" /><testcase classname="tests.cli.commands.test_convert_commands.TestErrorHandlingPaths" name="test_renderer_exception" time="0.022" /><testcase classname="tests.cli.commands.test_convert_commands.TestSpecialCases" name="test_phb_abbreviation_fallback" time="0.019" /><testcase classname="tests.cli.commands.test_convert_commands.TestLaTeXDocumentOptions" name="test_adventure_with_latex_options" time="0.020" /><testcase classname="tests.cli.commands.test_convert_commands.TestLaTeXDocumentOptions" name="test_book_with_default_latex_options" time="0.019" /><testcase classname="tests.cli.commands.test_convert_commands.TestLaTeXDocumentOptions" name="test_supplement_with_paper_size_from_settings" time="0.020" /><testcase classname="tests.cli.commands.test_convert_commands_reduced_mocks.TestConvertCommandsWithReducedMocking" name="test_adventure_conversion_help" time="0.028" /><testcase classname="tests.cli.commands.test_convert_commands_reduced_mocks.TestConvertCommandsWithReducedMocking" name="test_book_conversion_help" time="0.023" /><testcase classname="tests.cli.commands.test_convert_commands_reduced_mocks.TestConvertCommandsWithReducedMocking" name="test_supplement_conversion_help" time="0.025" /><testcase classname="tests.cli.commands.test_convert_commands_reduced_mocks.TestConvertCommandsWithReducedMocking" name="test_adventure_conversion_with_real_data_latex_only" time="2.996" /><testcase classname="tests.cli.commands.test_convert_commands_reduced_mocks.TestConvertCommandsWithReducedMocking" name="test_book_conversion_with_real_data_latex_only" time="2.693" /><testcase classname="tests.cli.commands.test_convert_commands_reduced_mocks.TestConvertCommandsWithReducedMocking" name="test_pdf_compilation_uses_configured_compiler" time="3.045" /><testcase classname="tests.cli.commands.test_convert_commands_reduced_mocks.TestConvertCommandsWithReducedMocking" name="test_invalid_file_path_error_handling" time="0.004" /><testcase classname="tests.cli.commands.test_convert_commands_reduced_mocks.TestConvertCommandsWithReducedMocking" name="test_compiler_helper_function_creates_proper_config" time="0.000" /><testcase classname="tests.cli.commands.test_convert_hybrid.TestHybridParameterDetection" name="test_resolve_content_or_file_with_existing_file" time="0.002" /><testcase classname="tests.cli.commands.test_convert_hybrid.TestHybridParameterDetection" name="test_resolve_content_or_file_with_abbreviation" time="0.001" /><testcase classname="tests.cli.commands.test_convert_hybrid.TestHybridParameterDetection" name="test_load_from_file_adventure" time="0.001" /><testcase classname="tests.cli.commands.test_convert_hybrid.TestHybridParameterDetection" name="test_load_from_file_book" time="0.001" /><testcase classname="tests.cli.commands.test_convert_hybrid.TestHybridParameterDetection" name="test_handle_resolution_result_success" time="0.001" /><testcase classname="tests.cli.commands.test_convert_hybrid.TestHybridParameterDetection" name="test_handle_resolution_result_multiple_matches" time="0.002" /><testcase classname="tests.cli.commands.test_convert_hybrid.TestHybridParameterDetection" name="test_handle_resolution_result_no_match_with_suggestions" time="0.002" /><testcase classname="tests.cli.commands.test_convert_hybrid.TestHybridParameterDetection" name="test_handle_resolution_result_no_match_no_suggestions" time="0.001" /><testcase classname="tests.cli.commands.test_convert_hybrid.TestFileVsAbbreviationDetection" name="test_file_detection_absolute_path" time="0.001" /><testcase classname="tests.cli.commands.test_convert_hybrid.TestFileVsAbbreviationDetection" name="test_file_detection_relative_path" time="0.001" /><testcase classname="tests.cli.commands.test_convert_hybrid.TestFileVsAbbreviationDetection" name="test_abbreviation_detection" time="0.000" /><testcase classname="tests.cli.commands.test_convert_hybrid.TestErrorHandling" name="test_invalid_json_file" time="0.001" /><testcase classname="tests.cli.commands.test_convert_hybrid.TestErrorHandling" name="test_empty_adventure_file" time="0.002" /><testcase classname="tests.cli.commands.test_convert_hybrid.TestErrorHandling" name="test_unsupported_content_type_for_file" time="0.002" /><testcase classname="tests.cli.commands.test_latex_engine_integration.TestLaTeXEngineIntegration" name="test_adventure_pdf_uses_latex_compiler_with_config" time="2.798" /><testcase classname="tests.cli.commands.test_latex_engine_integration.TestLaTeXEngineIntegration" name="test_book_pdf_uses_configured_engine" time="2.636" /><testcase classname="tests.cli.commands.test_latex_engine_integration.TestLaTeXEngineIntegration" name="test_no_hardcoded_xelatex_calls_in_convert_commands" time="0.009" /><testcase classname="tests.cli.commands.test_latex_engine_integration.TestLaTeXEngineIntegration" name="test_latex_compiler_helper_creates_proper_config" time="0.001" /><testcase classname="tests.cli.commands.test_setup_commands.TestSetupWizardCommand" name="test_wizard_defaults_with_scan" time="0.009" /><testcase classname="tests.cli.commands.test_setup_commands.TestSetupWizardCommand" name="test_wizard_defaults_without_scan" time="0.006" /><testcase classname="tests.cli.commands.test_setup_commands.TestSetupWizardCommand" name="test_wizard_custom_setup" time="0.007" /><testcase classname="tests.cli.commands.test_setup_commands.TestSetupWizardCommand" name="test_wizard_local_setup" time="0.006" /><testcase classname="tests.cli.commands.test_setup_commands.TestSetupWizardCommand" name="test_wizard_existing_sources_cancel" time="0.004" /><testcase classname="tests.cli.commands.test_setup_commands.TestSetupWizardCommand" name="test_wizard_existing_sources_remove_and_reconfigure" time="0.007" /><testcase classname="tests.cli.commands.test_setup_commands.TestSetupHelperFunctions" name="test_setup_defaults" time="0.002" /><testcase classname="tests.cli.commands.test_setup_commands.TestSetupHelperFunctions" name="test_setup_custom_with_defaults" time="0.001" /><testcase classname="tests.cli.commands.test_setup_commands.TestSetupHelperFunctions" name="test_setup_custom_with_additional_sources" time="0.001" /><testcase classname="tests.cli.commands.test_setup_commands.TestSetupHelperFunctions" name="test_setup_local_valid_directory" time="0.002" /><testcase classname="tests.cli.commands.test_setup_commands.TestSetupHelperFunctions" name="test_setup_local_invalid_path" time="0.001" /><testcase classname="tests.cli.commands.test_setup_commands.TestSetupHelperFunctions" name="test_setup_local_not_directory" time="0.002" /><testcase classname="tests.cli.commands.test_setup_commands.TestSetupHelperFunctions" name="test_add_source_interactive_github_success" time="0.001" /><testcase classname="tests.cli.commands.test_setup_commands.TestSetupHelperFunctions" name="test_add_source_interactive_github_duplicate_name" time="0.002" /><testcase classname="tests.cli.commands.test_setup_commands.TestSetupHelperFunctions" name="test_add_source_interactive_directory_success" time="0.003" /><testcase classname="tests.cli.commands.test_setup_commands.TestSetupHelperFunctions" name="test_add_source_interactive_directory_invalid_path" time="0.001" /><testcase classname="tests.cli.commands.test_setup_commands.TestScanContentFunction" name="test_scan_content_success" time="0.003" /><testcase classname="tests.cli.commands.test_setup_commands.TestScanContentFunction" name="test_scan_content_error" time="0.002" /><testcase classname="tests.cli.commands.test_setup_commands.TestCheckSetupCommand" name="test_check_setup_no_sources" time="0.003" /><testcase classname="tests.cli.commands.test_setup_commands.TestCheckSetupCommand" name="test_check_setup_success" time="0.007" /><testcase classname="tests.cli.commands.test_setup_commands.TestCheckSetupCommand" name="test_check_setup_error" time="0.003" /><testcase classname="tests.cli.commands.test_setup_commands.TestResetSetupCommand" name="test_reset_setup_confirmed" time="0.003" /><testcase classname="tests.cli.commands.test_setup_commands.TestResetSetupCommand" name="test_reset_setup_cancelled" time="0.002" /><testcase classname="tests.cli.commands.test_setup_commands.TestSetupEdgeCases" name="test_add_source_interactive_github_validation_error" time="0.001" /><testcase classname="tests.cli.commands.test_setup_commands.TestSetupEdgeCases" name="test_add_source_interactive_directory_validation_error" time="0.002" /><testcase classname="tests.cli.commands.test_setup_commands.TestSetupEdgeCases" name="test_setup_local_with_exception_handling" time="0.001" /><testcase classname="tests.core.config.test_latex_config.TestLaTeXDocumentConfig" name="test_default_config" time="0.000" /><testcase classname="tests.core.config.test_latex_config.TestLaTeXDocumentConfig" name="test_background_validation_valid" time="0.000" /><testcase classname="tests.core.config.test_latex_config.TestLaTeXDocumentConfig" name="test_background_validation_none" time="0.000" /><testcase classname="tests.core.config.test_latex_config.TestLaTeXDocumentConfig" name="test_background_validation_invalid" time="0.001" /><testcase classname="tests.core.config.test_latex_config.TestLaTeXDocumentConfig" name="test_document_class_validation_valid" time="0.000" /><testcase classname="tests.core.config.test_latex_config.TestLaTeXDocumentConfig" name="test_document_class_validation_invalid" time="0.002" /><testcase classname="tests.core.config.test_latex_config.TestLaTeXDocumentConfig" name="test_paper_size_validation_valid" time="0.000" /><testcase classname="tests.core.config.test_latex_config.TestLaTeXDocumentConfig" name="test_paper_size_validation_invalid" time="0.001" /><testcase classname="tests.core.config.test_latex_config.TestLaTeXDocumentConfig" name="test_font_size_validation_valid" time="0.000" /><testcase classname="tests.core.config.test_latex_config.TestLaTeXDocumentConfig" name="test_font_size_validation_invalid" time="0.001" /><testcase classname="tests.core.config.test_latex_config.TestLaTeXDocumentConfig" name="test_get_class_options_list_default" time="0.000" /><testcase classname="tests.core.config.test_latex_config.TestLaTeXDocumentConfig" name="test_get_class_options_list_with_background" time="0.000" /><testcase classname="tests.core.config.test_latex_config.TestLaTeXDocumentConfig" name="test_get_class_options_list_no_background" time="0.000" /><testcase classname="tests.core.config.test_latex_config.TestLaTeXDocumentConfig" name="test_get_class_options_list_removes_existing_bg" time="0.000" /><testcase classname="tests.core.config.test_latex_config.TestLaTeXDocumentConfig" name="test_get_class_options_list_high_contrast" time="0.000" /><testcase classname="tests.core.config.test_latex_config.TestLaTeXDocumentConfig" name="test_get_class_options_list_not_justified" time="0.000" /><testcase classname="tests.core.config.test_latex_config.TestLaTeXDocumentConfig" name="test_get_class_options_list_fancy_headers" time="0.000" /><testcase classname="tests.core.config.test_latex_config.TestLaTeXDocumentConfig" name="test_get_class_options_list_one_column" time="0.000" /><testcase classname="tests.core.config.test_latex_config.TestLaTeXDocumentConfig" name="test_get_class_options_list_custom_options" time="0.000" /><testcase classname="tests.core.config.test_latex_config.TestLaTeXDocumentConfig" name="test_get_class_options_list_no_duplicates" time="0.000" /><testcase classname="tests.core.config.test_latex_config.TestLaTeXConfig" name="test_default_config" time="0.000" /><testcase classname="tests.core.config.test_latex_config.TestLaTeXConfig" name="test_get_content_type_config_adventure" time="0.000" /><testcase classname="tests.core.config.test_latex_config.TestLaTeXConfig" name="test_get_content_type_config_article" time="0.000" /><testcase classname="tests.core.config.test_latex_config.TestLaTeXConfig" name="test_get_content_type_config_supplement" time="0.000" /><testcase classname="tests.core.indexer.test_cross_reference_manager.TestCrossReference" name="test_cross_reference_creation" time="0.001" /><testcase classname="tests.core.indexer.test_cross_reference_manager.TestCrossReference" name="test_cross_reference_defaults" time="0.000" /><testcase classname="tests.core.indexer.test_cross_reference_manager.TestCrossReferenceManager" name="test_manager_initialization" time="0.000" /><testcase classname="tests.core.indexer.test_cross_reference_manager.TestCrossReferenceManager" name="test_register_content" time="0.000" /><testcase classname="tests.core.indexer.test_cross_reference_manager.TestCrossReferenceManager" name="test_register_duplicate_content" time="0.000" /><testcase classname="tests.core.indexer.test_cross_reference_manager.TestCrossReferenceManager" name="test_generate_reference_id" time="0.000" /><testcase classname="tests.core.indexer.test_cross_reference_manager.TestCrossReferenceManager" name="test_generate_latex_label" time="0.000" /><testcase classname="tests.core.indexer.test_cross_reference_manager.TestCrossReferenceManager" name="test_sanitize_for_id" time="0.000" /><testcase classname="tests.core.indexer.test_cross_reference_manager.TestCrossReferenceManager" name="test_get_reference" time="0.000" /><testcase classname="tests.core.indexer.test_cross_reference_manager.TestCrossReferenceManager" name="test_get_reference_by_name" time="0.000" /><testcase classname="tests.core.indexer.test_cross_reference_manager.TestCrossReferenceManager" name="test_create_latex_reference" time="0.001" /><testcase classname="tests.core.indexer.test_cross_reference_manager.TestCrossReferenceManager" name="test_create_latex_label" time="0.000" /><testcase classname="tests.core.indexer.test_cross_reference_manager.TestCrossReferenceManager" name="test_get_references_by_type" time="0.000" /><testcase classname="tests.core.indexer.test_cross_reference_manager.TestCrossReferenceManager" name="test_reference_statistics" time="0.000" /><testcase classname="tests.core.indexer.test_cross_reference_manager.TestCrossReferenceManager" name="test_export_for_latex_document" time="0.000" /><testcase classname="tests.core.indexer.test_cross_reference_manager.TestCrossReferenceManager" name="test_validate_references" time="0.001" /><testcase classname="tests.core.indexer.test_cross_reference_manager.TestCrossReferenceManager" name="test_set_reference_format" time="0.000" /><testcase classname="tests.core.indexer.test_cross_reference_manager.TestCrossReferenceManager" name="test_set_label_prefix" time="0.000" /><testcase classname="tests.core.indexer.test_cross_reference_manager.TestCrossReferenceManager" name="test_clear_references" time="0.000" /><testcase classname="tests.core.indexer.test_cross_reference_manager.TestCrossReferenceManager" name="test_merge_references" time="0.000" /><testcase classname="tests.core.indexer.test_cross_reference_manager.TestCrossReferenceManagerEdgeCases" name="test_empty_name_handling" time="0.001" /><testcase classname="tests.core.indexer.test_cross_reference_manager.TestCrossReferenceManagerEdgeCases" name="test_none_name_handling" time="0.000" /><testcase classname="tests.core.indexer.test_cross_reference_manager.TestCrossReferenceManagerEdgeCases" name="test_unicode_names" time="0.000" /><testcase classname="tests.core.indexer.test_cross_reference_manager.TestCrossReferenceManagerEdgeCases" name="test_very_long_names" time="0.000" /><testcase classname="tests.core.indexer.test_hyperlink_manager.TestHyperlinkStyle" name="test_hyperlink_style_defaults" time="0.001" /><testcase classname="tests.core.indexer.test_hyperlink_manager.TestHyperlinkStyle" name="test_hyperlink_style_custom" time="0.000" /><testcase classname="tests.core.indexer.test_hyperlink_manager.TestHyperlinkManager" name="test_manager_initialization" time="0.000" /><testcase classname="tests.core.indexer.test_hyperlink_manager.TestHyperlinkManager" name="test_should_create_hyperlink" time="0.000" /><testcase classname="tests.core.indexer.test_hyperlink_manager.TestHyperlinkManager" name="test_create_basic_hyperlink" time="0.001" /><testcase classname="tests.core.indexer.test_hyperlink_manager.TestHyperlinkManager" name="test_create_hyperlink_no_page_ref" time="0.000" /><testcase classname="tests.core.indexer.test_hyperlink_manager.TestHyperlinkManager" name="test_create_hyperlink_custom_style" time="0.000" /><testcase classname="tests.core.indexer.test_hyperlink_manager.TestHyperlinkManager" name="test_apply_text_formatting" time="0.000" /><testcase classname="tests.core.indexer.test_hyperlink_manager.TestHyperlinkManager" name="test_content_type_styles" time="0.000" /><testcase classname="tests.core.indexer.test_hyperlink_manager.TestHyperlinkManager" name="test_create_external_link" time="0.000" /><testcase classname="tests.core.indexer.test_hyperlink_manager.TestHyperlinkManager" name="test_create_section_reference" time="0.000" /><testcase classname="tests.core.indexer.test_hyperlink_manager.TestHyperlinkManager" name="test_create_footnote_reference" time="0.000" /><testcase classname="tests.core.indexer.test_hyperlink_manager.TestHyperlinkManager" name="test_set_content_style" time="0.000" /><testcase classname="tests.core.indexer.test_hyperlink_manager.TestHyperlinkManager" name="test_set_page_reference_types" time="0.000" /><testcase classname="tests.core.indexer.test_hyperlink_manager.TestHyperlinkManager" name="test_enable_disable_features" time="0.000" /><testcase classname="tests.core.indexer.test_hyperlink_manager.TestHyperlinkManager" name="test_get_latex_packages" time="0.000" /><testcase classname="tests.core.indexer.test_hyperlink_manager.TestHyperlinkManager" name="test_get_latex_setup_commands" time="0.000" /><testcase classname="tests.core.indexer.test_hyperlink_manager.TestHyperlinkManager" name="test_create_bookmark" time="0.001" /><testcase classname="tests.core.indexer.test_hyperlink_manager.TestHyperlinkManager" name="test_sanitize_bookmark_id" time="0.000" /><testcase classname="tests.core.indexer.test_hyperlink_manager.TestHyperlinkManager" name="test_validate_hyperlinks" time="0.002" /><testcase classname="tests.core.indexer.test_hyperlink_manager.TestHyperlinkManager" name="test_get_hyperlink_statistics" time="0.001" /><testcase classname="tests.core.indexer.test_hyperlink_manager.TestHyperlinkManagerEdgeCases" name="test_empty_text" time="0.000" /><testcase classname="tests.core.indexer.test_hyperlink_manager.TestHyperlinkManagerEdgeCases" name="test_special_characters_in_text" time="0.000" /><testcase classname="tests.core.indexer.test_hyperlink_manager.TestHyperlinkManagerEdgeCases" name="test_invalid_ref_id" time="0.000" /><testcase classname="tests.core.indexer.test_hyperlink_manager.TestHyperlinkManagerEdgeCases" name="test_unknown_content_type" time="0.000" /><testcase classname="tests.core.indexer.test_hyperlink_manager.TestHyperlinkManagerEdgeCases" name="test_disabled_manager" time="0.000" /><testcase classname="tests.core.indexer.test_latex_tag_renderer.TestLaTeXRendererContext" name="test_context_initialization" time="0.001" /><testcase classname="tests.core.indexer.test_latex_tag_renderer.TestLaTeXRendererContext" name="test_context_without_managers" time="0.000" /><testcase classname="tests.core.indexer.test_latex_tag_renderer.TestLaTeXTagRenderer" name="test_renderer_initialization" time="0.001" /><testcase classname="tests.core.indexer.test_latex_tag_renderer.TestLaTeXTagRenderer" name="test_is_content_reference_tag" time="0.001" /><testcase classname="tests.core.indexer.test_latex_tag_renderer.TestLaTeXTagRenderer" name="test_generate_reference_id" time="0.001" /><testcase classname="tests.core.indexer.test_latex_tag_renderer.TestLaTeXTagRenderer" name="test_sanitize_for_label" time="0.001" /><testcase classname="tests.core.indexer.test_latex_tag_renderer.TestLaTeXTagRenderer" name="test_enhance_with_cross_reference" time="0.001" /><testcase classname="tests.core.indexer.test_latex_tag_renderer.TestLaTeXTagRenderer" name="test_cross_reference_database" time="0.001" /><testcase classname="tests.core.indexer.test_latex_tag_renderer.TestLaTeXTagRenderer" name="test_enable_disable_hyperlinks" time="0.001" /><testcase classname="tests.core.indexer.test_latex_tag_renderer.TestLaTeXTagRenderer" name="test_set_cross_reference_format" time="0.001" /><testcase classname="tests.core.indexer.test_latex_tag_renderer.TestLaTeXTagRendererIntegration" name="test_render_without_enhancements" time="0.001" /><testcase classname="tests.core.indexer.test_latex_tag_renderer.TestLaTeXTagRendererIntegration" name="test_render_with_content_reference" time="0.001" /><testcase classname="tests.core.indexer.test_latex_tag_renderer.TestLaTeXTagRendererIntegration" name="test_multiple_references_same_content" time="0.001" /><testcase classname="tests.core.indexer.test_latex_tag_renderer.TestLaTeXTagRendererIntegration" name="test_complex_document_rendering" time="0.001" /><testcase classname="tests.core.indexer.test_latex_tag_renderer.TestLaTeXTagRendererErrorHandling" name="test_missing_node_attributes" time="0.001" /><testcase classname="tests.core.indexer.test_latex_tag_renderer.TestLaTeXTagRendererErrorHandling" name="test_invalid_content_type" time="0.001" /><testcase classname="tests.core.indexer.test_latex_tag_renderer.TestLaTeXTagRendererErrorHandling" name="test_none_values" time="0.001" /><testcase classname="tests.core.indexer.test_tag_resolver_pydantic.TestTagResolver" name="test_tag_resolver_creation_with_omnidexer" time="0.013" /><testcase classname="tests.core.indexer.test_tag_resolver_pydantic.TestTagResolver" name="test_tag_resolver_creation_without_omnidexer" time="0.012" /><testcase classname="tests.core.indexer.test_tag_resolver_pydantic.TestTagResolver" name="test_tag_resolver_custom_init_creates_renderer" time="0.013" /><testcase classname="tests.core.indexer.test_tag_resolver_pydantic.TestTagResolver" name="test_tag_resolver_process_text_success" time="0.013" /><testcase classname="tests.core.indexer.test_tag_resolver_pydantic.TestTagResolver" name="test_tag_resolver_process_text_empty_input" time="0.012" /><testcase classname="tests.core.indexer.test_tag_resolver_pydantic.TestTagResolver" name="test_tag_resolver_process_text_parse_error" time="0.013" /><testcase classname="tests.core.indexer.test_tag_resolver_pydantic.TestTagResolver" name="test_tag_resolver_process_text_unexpected_error" time="0.013" /><testcase classname="tests.core.indexer.test_tag_resolver_pydantic.TestTagResolver" name="test_tag_resolver_register_handler" time="0.013" /><testcase classname="tests.core.indexer.test_tag_resolver_pydantic.TestTagResolver" name="test_tag_resolver_get_tracked_content_for_appendix" time="0.014" /><testcase classname="tests.core.indexer.test_tag_resolver_pydantic.TestTagResolver" name="test_tag_resolver_get_tracked_content_detailed" time="0.013" /><testcase classname="tests.core.indexer.test_tag_resolver_pydantic.TestTagResolver" name="test_tag_resolver_clear_tracked_content" time="0.013" /><testcase classname="tests.core.indexer.test_tag_resolver_pydantic.TestTagResolver" name="test_tag_resolver_get_content_statistics" time="0.012" /><testcase classname="tests.core.indexer.test_tag_resolver_pydantic.TestTagResolver" name="test_tag_resolver_track_document_content_success" time="0.013" /><testcase classname="tests.core.indexer.test_tag_resolver_pydantic.TestTagResolver" name="test_tag_resolver_track_document_content_parse_error" time="0.012" /><testcase classname="tests.core.indexer.test_tag_resolver_pydantic.TestTagResolver" name="test_tag_resolver_track_document_content_unexpected_error" time="0.013" /><testcase classname="tests.core.indexer.test_tag_resolver_pydantic.TestTagResolver" name="test_tag_resolver_get_supported_tag_types" time="0.012" /><testcase classname="tests.core.indexer.test_tag_resolver_pydantic.TestTagResolver" name="test_tag_resolver_has_handler" time="0.012" /><testcase classname="tests.core.indexer.test_tag_resolver_pydantic.TestTagResolver" name="test_tag_resolver_arbitrary_types_allowed" time="0.024" /><testcase classname="tests.core.indexer.test_tag_resolver_pydantic.TestTagResolver" name="test_tag_resolver_custom_handlers_validation" time="0.023" /><testcase classname="tests.core.indexer.test_tag_resolver_pydantic.TestTagResolver" name="test_tag_resolver_field_default_values" time="0.012" /><testcase classname="tests.core.indexer.test_tag_resolver_pydantic.TestTagResolver" name="test_tag_resolver_complex_text_processing_scenario" time="0.013" /><testcase classname="tests.core.indexer.test_tag_resolver_pydantic.TestTagResolver" name="test_tag_resolver_unicode_handling" time="0.012" /><testcase classname="tests.core.indexer.test_tag_resolver_pydantic.TestTagResolver" name="test_tag_resolver_very_long_text" time="0.012" /><testcase classname="tests.core.indexer.test_tag_resolver_pydantic.TestTagResolver" name="test_tag_resolver_multiple_instances_independence" time="0.024" /><testcase classname="tests.core.indexer.test_tag_resolver_pydantic.TestTagResolver" name="test_tag_resolver_integration_with_real_parser" time="0.012" /><testcase classname="tests.core.indexer.test_tag_resolver_pydantic.TestTagResolver" name="test_tag_resolver_error_logging" time="0.012" /><testcase classname="tests.core.indexer.test_tag_resolver_pydantic.TestTagResolver" name="test_tag_resolver_renderer_creation_integration" time="0.012" /><testcase classname="tests.core.indexer.test_tag_resolver_pydantic.TestTagResolver" name="test_tag_resolver_config_arbitrary_types" time="0.013" /><testcase classname="tests.core.indexer.test_tag_types.TestFormatType" name="test_format_type_values" time="0.000" /><testcase classname="tests.core.indexer.test_tag_types.TestFormatType" name="test_format_type_membership" time="0.000" /><testcase classname="tests.core.indexer.test_tag_types.TestContentReference" name="test_content_reference_creation_minimal" time="0.000" /><testcase classname="tests.core.indexer.test_tag_types.TestContentReference" name="test_content_reference_creation_full" time="0.001" /><testcase classname="tests.core.indexer.test_tag_types.TestContentReference" name="test_content_reference_name_validation" time="0.000" /><testcase classname="tests.core.indexer.test_tag_types.TestContentReference" name="test_content_reference_source_validation" time="0.000" /><testcase classname="tests.core.indexer.test_tag_types.TestContentReference" name="test_content_reference_display_text_validation" time="0.000" /><testcase classname="tests.core.indexer.test_tag_types.TestContentReference" name="test_content_reference_is_resolved_property" time="0.001" /><testcase classname="tests.core.indexer.test_tag_types.TestContentReference" name="test_content_reference_effective_name_property" time="0.000" /><testcase classname="tests.core.indexer.test_tag_types.TestContentReference" name="test_content_reference_str_method" time="0.001" /><testcase classname="tests.core.indexer.test_tag_types.TestContentReference" name="test_content_reference_frozen_config" time="0.000" /><testcase classname="tests.core.indexer.test_tag_types.TestContentReference" name="test_content_reference_arbitrary_types_allowed" time="0.001" /><testcase classname="tests.core.indexer.test_tag_types.TestFormattingNode" name="test_formatting_node_creation" time="0.000" /><testcase classname="tests.core.indexer.test_tag_types.TestFormattingNode" name="test_formatting_node_content_validation" time="0.000" /><testcase classname="tests.core.indexer.test_tag_types.TestFormattingNode" name="test_formatting_node_str_method" time="0.000" /><testcase classname="tests.core.indexer.test_tag_types.TestFormattingNode" name="test_formatting_node_frozen_config" time="0.000" /><testcase classname="tests.core.indexer.test_tag_types.TestFormattingNode" name="test_formatting_node_all_format_types[bold]" time="0.000" /><testcase classname="tests.core.indexer.test_tag_types.TestFormattingNode" name="test_formatting_node_all_format_types[italic]" time="0.000" /><testcase classname="tests.core.indexer.test_tag_types.TestFormattingNode" name="test_formatting_node_all_format_types[monospace]" time="0.000" /><testcase classname="tests.core.indexer.test_tag_types.TestFormattingNode" name="test_formatting_node_all_format_types[emphasis]" time="0.000" /><testcase classname="tests.core.indexer.test_tag_types.TestSpecialTag" name="test_special_tag_creation_minimal" time="0.000" /><testcase classname="tests.core.indexer.test_tag_types.TestSpecialTag" name="test_special_tag_creation_full" time="0.000" /><testcase classname="tests.core.indexer.test_tag_types.TestSpecialTag" name="test_special_tag_tag_type_validation" time="0.000" /><testcase classname="tests.core.indexer.test_tag_types.TestSpecialTag" name="test_special_tag_value_validation" time="0.000" /><testcase classname="tests.core.indexer.test_tag_types.TestSpecialTag" name="test_special_tag_display_text_validation" time="0.000" /><testcase classname="tests.core.indexer.test_tag_types.TestSpecialTag" name="test_special_tag_effective_value_property" time="0.000" /><testcase classname="tests.core.indexer.test_tag_types.TestSpecialTag" name="test_special_tag_str_method" time="0.000" /><testcase classname="tests.core.indexer.test_tag_types.TestSpecialTag" name="test_special_tag_frozen_config" time="0.000" /><testcase classname="tests.core.indexer.test_tag_types.TestSpecialTag" name="test_special_tag_metadata_arbitrary_dict" time="0.000" /><testcase classname="tests.core.indexer.test_tag_types.TestSpecialTag" name="test_special_tag_various_types[dice-1d6]" time="0.000" /><testcase classname="tests.core.indexer.test_tag_types.TestSpecialTag" name="test_special_tag_various_types[hit-+5]" time="0.000" /><testcase classname="tests.core.indexer.test_tag_types.TestSpecialTag" name="test_special_tag_various_types[dc-15]" time="0.000" /><testcase classname="tests.core.indexer.test_tag_types.TestSpecialTag" name="test_special_tag_various_types[damage-2d8+3]" time="0.000" /><testcase classname="tests.core.indexer.test_tag_types.TestSpecialTag" name="test_special_tag_various_types[save-Dexterity]" time="0.000" /><testcase classname="tests.core.indexer.test_tag_types.TestSpecialTag" name="test_special_tag_various_types[skill-Perception]" time="0.001" /><testcase classname="tests.core.indexer.test_tag_types.TestTagContext" name="test_tag_context_creation" time="0.000" /><testcase classname="tests.core.indexer.test_tag_types.TestTagContext" name="test_tag_context_find_content_method" time="0.001" /><testcase classname="tests.core.indexer.test_tag_types.TestTagContext" name="test_tag_context_find_content_without_source" time="0.001" /><testcase classname="tests.core.indexer.test_tag_types.TestTagContext" name="test_tag_context_find_content_returns_none" time="0.000" /><testcase classname="tests.core.indexer.test_tag_types.TestTagContext" name="test_tag_context_frozen_config" time="0.000" /><testcase classname="tests.core.indexer.test_tag_types.TestTagContext" name="test_tag_context_arbitrary_types_allowed" time="0.000" /><testcase classname="tests.core.indexer.test_tag_types.TestTagResolutionResult" name="test_tag_resolution_result_content_reference" time="0.001" /><testcase classname="tests.core.indexer.test_tag_types.TestTagResolutionResult" name="test_tag_resolution_result_formatting_node" time="0.000" /><testcase classname="tests.core.indexer.test_tag_types.TestTagResolutionResult" name="test_tag_resolution_result_special_tag" time="0.000" /><testcase classname="tests.core.indexer.test_tag_types.TestTagResolutionResult" name="test_tag_resolution_result_string" time="0.000" /><testcase classname="tests.core.indexer.test_tag_types.TestEdgeCases" name="test_content_reference_with_very_long_strings" time="0.000" /><testcase classname="tests.core.indexer.test_tag_types.TestEdgeCases" name="test_special_tag_with_complex_metadata" time="0.000" /><testcase classname="tests.core.indexer.test_tag_types.TestEdgeCases" name="test_unicode_handling" time="0.000" /><testcase classname="tests.core.indexer.test_tag_types.TestEdgeCases" name="test_whitespace_edge_cases" time="0.000" /><testcase classname="tests.core.loaders.test_adventure_loading.TestAdventureLoading" name="test_adventure_data_only_format_loads_entries" time="0.014" /><testcase classname="tests.core.loaders.test_adventure_loading.TestAdventureLoading" name="test_adventure_with_metadata_loads_correctly" time="0.004" /><testcase classname="tests.core.loaders.test_content_merger.TestContentMerger" name="test_init" time="0.001" /><testcase classname="tests.core.loaders.test_content_merger.TestContentMerger" name="test_normalize_id_to_filename_adventure" time="0.001" /><testcase classname="tests.core.loaders.test_content_merger.TestContentMerger" name="test_normalize_id_to_filename_book" time="0.001" /><testcase classname="tests.core.loaders.test_content_merger.TestContentMerger" name="test_normalize_id_to_filename_unsupported_type" time="0.001" /><testcase classname="tests.core.loaders.test_content_merger.TestContentMerger" name="test_load_content_file_unsupported_type" time="0.003" /><testcase classname="tests.core.loaders.test_content_merger.TestContentMerger" name="test_load_content_file_not_found" time="0.001" /><testcase classname="tests.core.loaders.test_content_merger.TestContentMerger" name="test_load_content_file_success" time="0.002" /><testcase classname="tests.core.loaders.test_content_merger.TestContentMerger" name="test_load_content_file_malformed_json" time="0.002" /><testcase classname="tests.core.loaders.test_content_merger.TestContentMerger" name="test_clear_cache" time="0.001" /><testcase classname="tests.core.loaders.test_content_merger.TestContentMerger" name="test_get_cache_stats" time="0.001" /><testcase classname="tests.core.loaders.test_content_merger.TestContentMerger" name="test_case_insensitive_file_matching" time="0.002" /><testcase classname="tests.core.loaders.test_content_merger.TestContentMergerMerging" name="test_merge_metadata_content_success" time="0.001" /><testcase classname="tests.core.loaders.test_content_merger.TestContentMergerMerging" name="test_merge_metadata_content_no_content_data" time="0.001" /><testcase classname="tests.core.loaders.test_content_merger.TestContentMergerMerging" name="test_merge_metadata_content_invalid_content_data" time="0.001" /><testcase classname="tests.core.loaders.test_content_merger.TestContentMergerMerging" name="test_merge_metadata_content_missing_content_sections" time="0.001" /><testcase classname="tests.core.loaders.test_content_merger.TestContentMergerMerging" name="test_merge_metadata_content_extra_content_sections" time="0.001" /><testcase classname="tests.core.loaders.test_content_merger.TestContentMergerMerging" name="test_merge_metadata_content_non_section_content_ignored" time="0.001" /><testcase classname="tests.core.loaders.test_content_merger.TestContentMergerMerging" name="test_create_metadata_only_result" time="0.001" /><testcase classname="tests.core.loaders.test_index_entry.TestIndexEntry" name="test_index_entry_direct_creation" time="0.001" /><testcase classname="tests.core.loaders.test_index_entry.TestIndexEntry" name="test_index_entry_hash_id_validation" time="0.000" /><testcase classname="tests.core.loaders.test_index_entry.TestIndexEntry" name="test_index_entry_lookup_key_validation" time="0.000" /><testcase classname="tests.core.loaders.test_index_entry.TestIndexEntry" name="test_index_entry_create_classmethod_spell" time="0.000" /><testcase classname="tests.core.loaders.test_index_entry.TestIndexEntry" name="test_index_entry_create_classmethod_creature" time="0.000" /><testcase classname="tests.core.loaders.test_index_entry.TestIndexEntry" name="test_index_entry_create_with_dict_source" time="0.001" /><testcase classname="tests.core.loaders.test_index_entry.TestIndexEntry" name="test_index_entry_create_with_string_source" time="0.001" /><testcase classname="tests.core.loaders.test_index_entry.TestIndexEntry" name="test_index_entry_create_with_object_source_no_abbreviation" time="0.001" /><testcase classname="tests.core.loaders.test_index_entry.TestIndexEntry" name="test_index_entry_hash_consistency" time="0.001" /><testcase classname="tests.core.loaders.test_index_entry.TestIndexEntry" name="test_index_entry_lookup_key_generation" time="0.002" /><testcase classname="tests.core.loaders.test_index_entry.TestIndexEntry" name="test_index_entry_arbitrary_types_allowed" time="0.001" /><testcase classname="tests.core.loaders.test_index_entry.TestIndexEntry" name="test_index_entry_content_type_validation" time="0.001" /><testcase classname="tests.core.loaders.test_index_entry.TestIndexEntry" name="test_index_entry_unicode_handling" time="0.001" /><testcase classname="tests.core.loaders.test_index_entry.TestIndexEntry" name="test_index_entry_very_long_names" time="0.001" /><testcase classname="tests.core.loaders.test_index_entry.TestIndexEntry" name="test_index_entry_empty_source_abbreviation" time="0.001" /><testcase classname="tests.core.loaders.test_index_entry.TestIndexEntry" name="test_index_entry_special_characters_in_names" time="0.002" /><testcase classname="tests.core.loaders.test_index_entry.TestIndexEntry" name="test_index_entry_none_handling" time="0.001" /><testcase classname="tests.core.loaders.test_index_entry.TestIndexEntry" name="test_index_entry_model_validation_edge_cases" time="0.000" /><testcase classname="tests.core.loaders.test_index_entry.TestIndexEntry" name="test_index_entry_immutability" time="0.000" /><testcase classname="tests.core.loaders.test_index_entry.TestIndexEntry" name="test_index_entry_create_deterministic_hashing" time="0.001" /><testcase classname="tests.core.loaders.test_metadata_content_detection.TestMetadataContentDetection" name="test_adventure_metadata_vs_content_distinction" time="0.002" /><testcase classname="tests.core.loaders.test_metadata_content_detection.TestMetadataContentDetection" name="test_book_metadata_vs_content_distinction" time="0.001" /><testcase classname="tests.core.loaders.test_metadata_content_detection.TestMetadataContentDetection" name="test_detect_adventure_content_file" time="0.001" /><testcase classname="tests.core.loaders.test_metadata_content_detection.TestMetadataContentDetection" name="test_detect_adventure_metadata_file" time="0.001" /><testcase classname="tests.core.loaders.test_metadata_content_detection.TestMetadataContentDetection" name="test_detect_book_content_file" time="0.001" /><testcase classname="tests.core.loaders.test_metadata_content_detection.TestMetadataContentDetection" name="test_detect_book_metadata_file" time="0.001" /><testcase classname="tests.core.loaders.test_metadata_content_detection.TestMetadataContentDetection" name="test_loader_can_still_load_book_content_files_directly" time="0.004" /><testcase classname="tests.core.loaders.test_metadata_content_detection.TestMetadataContentDetection" name="test_loader_can_still_load_content_files_directly" time="0.008" /><testcase classname="tests.core.loaders.test_metadata_content_detection.TestMetadataContentDetection" name="test_loader_processes_metadata_files_normally" time="0.005" /><testcase classname="tests.core.loaders.test_metadata_content_detection.TestMetadataContentDetection" name="test_other_content_types_not_detected_as_metadata" time="0.001" /><testcase classname="tests.core.loaders.test_source_manager_filtering.TestSourceManagerFiltering" name="test_adventure_book_edge_cases" time="0.001" /><testcase classname="tests.core.loaders.test_source_manager_filtering.TestSourceManagerFiltering" name="test_should_not_skip_adventure_metadata_files" time="0.000" /><testcase classname="tests.core.loaders.test_source_manager_filtering.TestSourceManagerFiltering" name="test_should_not_skip_book_metadata_files" time="0.000" /><testcase classname="tests.core.loaders.test_source_manager_filtering.TestSourceManagerFiltering" name="test_should_not_skip_other_content_files" time="0.000" /><testcase classname="tests.core.loaders.test_source_manager_filtering.TestSourceManagerFiltering" name="test_should_skip_adventure_content_files" time="0.000" /><testcase classname="tests.core.loaders.test_source_manager_filtering.TestSourceManagerFiltering" name="test_should_skip_book_content_files" time="0.000" /><testcase classname="tests.core.parsers.test_entry_parser_validation.TestEntryParserEnhanced" name="test_initialization_with_validation_mode" time="0.000" /><testcase classname="tests.core.parsers.test_entry_parser_validation.TestEntryParserEnhanced" name="test_parse_string_entry" time="0.000" /><testcase classname="tests.core.parsers.test_entry_parser_validation.TestEntryParserEnhanced" name="test_parse_non_dict_entry" time="0.000" /><testcase classname="tests.core.parsers.test_entry_parser_validation.TestEntryParserEnhanced" name="test_parse_known_entry_types" time="0.000" /><testcase classname="tests.core.parsers.test_entry_parser_validation.TestEntryParserEnhanced" name="test_parse_unknown_entry_type_permissive" time="0.001" /><testcase classname="tests.core.parsers.test_entry_parser_validation.TestEntryParserEnhanced" name="test_parse_unknown_entry_type_strict" time="0.000" /><testcase classname="tests.core.parsers.test_entry_parser_validation.TestEntryParserEnhanced" name="test_parse_malformed_entry_handling" time="0.001" /><testcase classname="tests.core.parsers.test_entry_parser_validation.TestEntryParserEnhanced" name="test_variant_rule_detection_book_content" time="0.000" /><testcase classname="tests.core.parsers.test_entry_parser_validation.TestEntryParserEnhanced" name="test_variant_rule_detection_adventure_content" time="0.000" /><testcase classname="tests.core.parsers.test_entry_parser_validation.TestEntryParserEnhanced" name="test_variant_rule_heuristic_replacement" time="0.000" /><testcase classname="tests.core.parsers.test_entry_parser_validation.TestEntryParserEnhanced" name="test_processing_statistics_tracking" time="0.000" /><testcase classname="tests.core.parsers.test_entry_parser_validation.TestEntryParserEnhanced" name="test_processing_statistics_with_errors" time="0.000" /><testcase classname="tests.core.parsers.test_entry_parser_validation.TestEntryParserEnhanced" name="test_log_processing_summary" time="0.001" /><testcase classname="tests.core.parsers.test_entry_parser_validation.TestEntryParserEnhanced" name="test_nested_entry_processing_with_validation" time="0.000" /><testcase classname="tests.core.parsers.test_entry_parser_validation.TestEntryParserEnhanced" name="test_validation_mode_override" time="0.000" /><testcase classname="tests.core.parsers.test_entry_parser_validation.TestEntryParserEnhanced" name="test_debug_logging_enabled" time="0.001" /><testcase classname="tests.core.parsers.test_entry_parser_validation.TestEntryParserEnhanced" name="test_empty_entries_list" time="0.000" /><testcase classname="tests.core.parsers.test_entry_parser_validation.TestEntryParserEnhanced" name="test_none_entries_list" time="0.000" /><testcase classname="tests.core.resolvers.test_content_resolution_result.TestResolutionStatus" name="test_resolution_status_values" time="0.000" /><testcase classname="tests.core.resolvers.test_content_resolution_result.TestResolutionStatus" name="test_resolution_status_membership" time="0.000" /><testcase classname="tests.core.resolvers.test_content_resolution_result.TestContentResolutionResult" name="test_content_resolution_result_creation_minimal" time="0.000" /><testcase classname="tests.core.resolvers.test_content_resolution_result.TestContentResolutionResult" name="test_content_resolution_result_creation_full" time="0.000" /><testcase classname="tests.core.resolvers.test_content_resolution_result.TestContentResolutionResult" name="test_content_resolution_result_status_validation" time="0.000" /><testcase classname="tests.core.resolvers.test_content_resolution_result.TestContentResolutionResult" name="test_content_resolution_result_query_validation" time="0.000" /><testcase classname="tests.core.resolvers.test_content_resolution_result.TestContentResolutionResult" name="test_content_resolution_result_suggestions_validation" time="0.000" /><testcase classname="tests.core.resolvers.test_content_resolution_result.TestContentResolutionResult" name="test_content_resolution_result_is_success_property" time="0.000" /><testcase classname="tests.core.resolvers.test_content_resolution_result.TestContentResolutionResult" name="test_content_resolution_result_needs_user_selection_property" time="0.000" /><testcase classname="tests.core.resolvers.test_content_resolution_result.TestContentResolutionResult" name="test_content_resolution_result_has_suggestions_property" time="0.000" /><testcase classname="tests.core.resolvers.test_content_resolution_result.TestContentResolutionResult" name="test_content_resolution_result_arbitrary_types_allowed" time="0.001" /><testcase classname="tests.core.resolvers.test_content_resolution_result.TestContentResolutionResult" name="test_content_resolution_result_typical_success_scenario" time="0.000" /><testcase classname="tests.core.resolvers.test_content_resolution_result.TestContentResolutionResult" name="test_content_resolution_result_typical_multiple_matches_scenario" time="0.000" /><testcase classname="tests.core.resolvers.test_content_resolution_result.TestContentResolutionResult" name="test_content_resolution_result_typical_no_match_with_suggestions_scenario" time="0.000" /><testcase classname="tests.core.resolvers.test_content_resolution_result.TestContentResolutionResult" name="test_content_resolution_result_fuzzy_match_scenario" time="0.000" /><testcase classname="tests.core.resolvers.test_content_resolution_result.TestContentResolutionResult" name="test_content_resolution_result_edge_cases" time="0.000" /><testcase classname="tests.core.resolvers.test_content_resolution_result.TestContentResolutionResult" name="test_content_resolution_result_suggestions_order_preservation" time="0.000" /><testcase classname="tests.core.resolvers.test_content_resolution_result.TestContentResolutionResult" name="test_content_resolution_result_mixed_content_types" time="0.000" /><testcase classname="tests.core.resolvers.test_content_resolution_result.TestContentResolutionResult" name="test_content_resolution_result_status_consistency_validation" time="0.000" /><testcase classname="tests.core.resolvers.test_content_resolution_result.TestContentResolutionResult" name="test_content_resolution_result_default_factory_behavior" time="0.001" /><testcase classname="tests.core.resolvers.test_content_resolution_result.TestContentResolutionResult" name="test_content_resolution_result_complex_suggestions_scenarios" time="0.000" /><testcase classname="tests.core.resolvers.test_content_resolution_result.TestContentResolutionResult" name="test_content_resolution_result_serialization_compatibility" time="0.000" /><testcase classname="tests.core.resolvers.test_content_resolver.TestContentResolutionResult" name="test_init_with_defaults" time="0.000" /><testcase classname="tests.core.resolvers.test_content_resolver.TestContentResolutionResult" name="test_init_with_values" time="0.000" /><testcase classname="tests.core.resolvers.test_content_resolver.TestContentResolutionResult" name="test_is_success_property" time="0.000" /><testcase classname="tests.core.resolvers.test_content_resolver.TestContentResolutionResult" name="test_needs_user_selection_property" time="0.000" /><testcase classname="tests.core.resolvers.test_content_resolver.TestContentResolutionResult" name="test_has_suggestions_property" time="0.000" /><testcase classname="tests.core.resolvers.test_content_resolver.TestContentResolver" name="test_init" time="0.001" /><testcase classname="tests.core.resolvers.test_content_resolver.TestContentResolver" name="test_resolve_adventure_exact_match" time="0.001" /><testcase classname="tests.core.resolvers.test_content_resolver.TestContentResolver" name="test_resolve_adventure_case_insensitive" time="0.001" /><testcase classname="tests.core.resolvers.test_content_resolver.TestContentResolver" name="test_resolve_book_exact_match" time="0.001" /><testcase classname="tests.core.resolvers.test_content_resolver.TestContentResolver" name="test_resolve_adventure_multiple_matches_picks_preferred" time="0.001" /><testcase classname="tests.core.resolvers.test_content_resolver.TestContentResolver" name="test_resolve_adventure_no_match_with_suggestions" time="0.001" /><testcase classname="tests.core.resolvers.test_content_resolver.TestContentResolver" name="test_resolve_adventure_empty_abbreviation" time="0.001" /><testcase classname="tests.core.resolvers.test_content_resolver.TestContentResolver" name="test_resolve_adventure_whitespace_abbreviation" time="0.001" /><testcase classname="tests.core.resolvers.test_content_resolver.TestContentResolver" name="test_resolve_adventure_no_content_available" time="0.001" /><testcase classname="tests.core.resolvers.test_content_resolver.TestContentResolver" name="test_resolve_adventure_fuzzy_match" time="0.001" /><testcase classname="tests.core.resolvers.test_content_resolver.TestContentResolver" name="test_resolve_any_with_content_type" time="0.001" /><testcase classname="tests.core.resolvers.test_content_resolver.TestContentResolver" name="test_resolve_any_without_content_type" time="0.001" /><testcase classname="tests.core.resolvers.test_content_resolver.TestContentResolver" name="test_find_suggestions_basic" time="0.001" /><testcase classname="tests.core.resolvers.test_content_resolver.TestContentResolver" name="test_find_suggestions_no_content" time="0.001" /><testcase classname="tests.core.resolvers.test_content_resolver.TestContentResolver" name="test_find_suggestions_limit" time="0.001" /><testcase classname="tests.core.resolvers.test_content_resolver.TestContentResolver" name="test_resolve_content_source_without_abbreviation" time="0.001" /><testcase classname="tests.core.resolvers.test_content_resolver.TestContentResolver" name="test_fuzzy_matching_multiple_results" time="0.001" /><testcase classname="tests.core.resolvers.test_content_resolver.TestContentResolver" name="test_search_fallback_no_fuzzy_matches" time="0.001" /><testcase classname="tests.core.resolvers.test_content_resolver.TestContentResolver" name="test_various_input_formats[cos-True]" time="0.001" /><testcase classname="tests.core.resolvers.test_content_resolver.TestContentResolver" name="test_various_input_formats[COS-True]" time="0.001" /><testcase classname="tests.core.resolvers.test_content_resolver.TestContentResolver" name="test_various_input_formats[CoS-True]" time="0.001" /><testcase classname="tests.core.resolvers.test_content_resolver.TestContentResolver" name="test_various_input_formats[  cos  -True]" time="0.001" /><testcase classname="tests.core.resolvers.test_content_resolver.TestContentResolver" name="test_various_input_formats[xyz-False]" time="0.001" /><testcase classname="tests.core.resolvers.test_content_resolver.TestContentResolver" name="test_various_input_formats[-False]" time="0.001" /><testcase classname="tests.core.resolvers.test_content_resolver_on_demand.TestContentResolverOnDemand" name="test_resolver_initializes_content_merger" time="0.001" /><testcase classname="tests.core.resolvers.test_content_resolver_on_demand.TestContentResolverOnDemand" name="test_enrich_content_non_dual_file_type" time="0.001" /><testcase classname="tests.core.resolvers.test_content_resolver_on_demand.TestContentResolverOnDemand" name="test_enrich_content_adventure_no_id" time="0.001" /><testcase classname="tests.core.resolvers.test_content_resolver_on_demand.TestContentResolverOnDemand" name="test_enrich_content_adventure_success" time="0.001" /><testcase classname="tests.core.resolvers.test_content_resolver_on_demand.TestContentResolverOnDemand" name="test_enrich_content_merger_failure" time="0.001" /><testcase classname="tests.core.resolvers.test_content_resolver_on_demand.TestContentResolverOnDemand" name="test_resolve_adventure_with_enrichment" time="0.001" /><testcase classname="tests.core.resolvers.test_content_resolver_on_demand.TestContentResolverOnDemand" name="test_resolve_book_with_enrichment" time="0.001" /><testcase classname="tests.core.resolvers.test_content_resolver_on_demand.TestContentResolverOnDemand" name="test_resolve_multiple_matches_not_enriched" time="0.001" /><testcase classname="tests.core.resolvers.test_content_resolver_on_demand.TestContentResolverOnDemand" name="test_preferred_match_with_enrichment" time="0.001" /><testcase classname="tests.core.sources.test_github.TestGitHubSourceManager" name="test_init" time="0.001" /><testcase classname="tests.core.sources.test_github.TestGitHubSourceManager" name="test_get_repo_path_valid_source" time="0.001" /><testcase classname="tests.core.sources.test_github.TestGitHubSourceManager" name="test_get_repo_path_invalid_source" time="0.001" /><testcase classname="tests.core.sources.test_github.TestGitHubSourceManager" name="test_ensure_repository_clone_new" time="0.001" /><testcase classname="tests.core.sources.test_github.TestGitHubSourceManager" name="test_ensure_repository_update_existing" time="0.001" /><testcase classname="tests.core.sources.test_github.TestGitHubSourceManager" name="test_ensure_repository_no_update_when_disabled" time="0.001" /><testcase classname="tests.core.sources.test_github.TestGitHubSourceManager" name="test_ensure_repository_invalid_source_type" time="0.001" /><testcase classname="tests.core.sources.test_github.TestGitHubSourceManager" name="test_clone_repository_success" time="0.002" /><testcase classname="tests.core.sources.test_github.TestGitHubSourceManager" name="test_clone_repository_with_branch" time="0.001" /><testcase classname="tests.core.sources.test_github.TestGitHubSourceManager" name="test_clone_repository_no_url" time="0.002" /><testcase classname="tests.core.sources.test_github.TestGitHubSourceManager" name="test_clone_repository_git_failure" time="0.001" /><testcase classname="tests.core.sources.test_github.TestGitHubSourceManager" name="test_clone_repository_exception_cleanup" time="0.002" /><testcase classname="tests.core.sources.test_github.TestGitHubSourceManager" name="test_update_repository_success" time="0.002" /><testcase classname="tests.core.sources.test_github.TestGitHubSourceManager" name="test_update_repository_not_git_repo" time="0.002" /><testcase classname="tests.core.sources.test_github.TestGitHubSourceManager" name="test_update_repository_git_failure" time="0.003" /><testcase classname="tests.core.sources.test_github.TestGitHubSourceManager" name="test_update_repository_exception" time="0.001" /><testcase classname="tests.core.sources.test_github.TestGitHubSourceManager" name="test_is_git_available_true" time="0.001" /><testcase classname="tests.core.sources.test_github.TestGitHubSourceManager" name="test_is_git_available_false_not_found" time="0.001" /><testcase classname="tests.core.sources.test_github.TestGitHubSourceManager" name="test_is_git_available_false_command_error" time="0.001" /><testcase classname="tests.core.sources.test_github.TestGitHubSourceManager" name="test_get_repository_info_success" time="0.001" /><testcase classname="tests.core.sources.test_github.TestGitHubSourceManager" name="test_get_repository_info_no_repo" time="0.001" /><testcase classname="tests.core.sources.test_github.TestGitHubSourceManager" name="test_get_repository_info_not_git_repo" time="0.001" /><testcase classname="tests.core.sources.test_github.TestGitHubSourceManager" name="test_get_repository_info_git_command_failure" time="0.001" /><testcase classname="tests.core.sources.test_github.TestGitHubSourceManager" name="test_remove_repository_success" time="0.001" /><testcase classname="tests.core.sources.test_github.TestGitHubSourceManager" name="test_remove_repository_not_exists" time="0.001" /><testcase classname="tests.core.sources.test_github.TestGitHubSourceManager" name="test_remove_repository_failure" time="0.001" /><testcase classname="tests.core.sources.test_github.TestGitHubSourceManager" name="test_list_content_files_success" time="0.002" /><testcase classname="tests.core.sources.test_github.TestGitHubSourceManager" name="test_list_content_files_no_repo" time="0.001" /><testcase classname="tests.core.sources.test_github.TestGitHubSourceManager" name="test_list_content_files_exclude_patterns" time="0.003" /><testcase classname="tests.core.sources.test_github.TestGitHubSourceManager" name="test_list_content_files_file_access_error" time="0.002" /><testcase classname="tests.core.sources.test_github.TestGitHubSourceManagerEdgeCases" name="test_clone_repository_default_branch" time="0.002" /><testcase classname="tests.core.sources.test_github.TestGitHubSourceManagerEdgeCases" name="test_clone_repository_no_branch" time="0.002" /><testcase classname="tests.core.test_entry_registry.TestValidationMode" name="test_validation_modes_exist" time="0.000" /><testcase classname="tests.core.test_entry_registry.TestEntryTypeCategory" name="test_categories_exist" time="0.000" /><testcase classname="tests.core.test_entry_registry.TestEntryTypeRegistry" name="test_initialization" time="0.001" /><testcase classname="tests.core.test_entry_registry.TestEntryTypeRegistry" name="test_known_types_comprehensive" time="0.000" /><testcase classname="tests.core.test_entry_registry.TestEntryTypeRegistry" name="test_is_known_type" time="0.000" /><testcase classname="tests.core.test_entry_registry.TestEntryTypeRegistry" name="test_get_category" time="0.000" /><testcase classname="tests.core.test_entry_registry.TestEntryTypeRegistry" name="test_validate_entry_type_known" time="0.000" /><testcase classname="tests.core.test_entry_registry.TestEntryTypeRegistry" name="test_validate_entry_type_unknown_strict" time="0.000" /><testcase classname="tests.core.test_entry_registry.TestEntryTypeRegistry" name="test_validate_entry_type_unknown_permissive" time="0.001" /><testcase classname="tests.core.test_entry_registry.TestEntryTypeRegistry" name="test_validate_entry_type_unknown_silent" time="0.000" /><testcase classname="tests.core.test_entry_registry.TestEntryTypeRegistry" name="test_validate_entry_type_with_context" time="0.000" /><testcase classname="tests.core.test_entry_registry.TestEntryTypeRegistry" name="test_validate_entry_structure_string" time="0.000" /><testcase classname="tests.core.test_entry_registry.TestEntryTypeRegistry" name="test_validate_entry_structure_dict" time="0.000" /><testcase classname="tests.core.test_entry_registry.TestEntryTypeRegistry" name="test_validate_entry_structure_invalid" time="0.000" /><testcase classname="tests.core.test_entry_registry.TestEntryTypeRegistry" name="test_reset_statistics" time="0.000" /><testcase classname="tests.core.test_entry_registry.TestEntryTypeRegistry" name="test_log_statistics" time="0.001" /><testcase classname="tests.core.test_entry_registry.TestEntryTypeRegistry" name="test_log_statistics_empty" time="0.001" /><testcase classname="tests.core.test_entry_registry.TestGlobalRegistry" name="test_get_registry" time="0.000" /><testcase classname="tests.core.test_entry_registry.TestGlobalRegistry" name="test_set_validation_mode" time="0.000" /><testcase classname="tests.core.test_exceptions.TestDnD5eError" name="test_basic_exception" time="0.000" /><testcase classname="tests.core.test_exceptions.TestEntryProcessingError" name="test_basic_error" time="0.000" /><testcase classname="tests.core.test_exceptions.TestEntryProcessingError" name="test_error_with_full_context" time="0.000" /><testcase classname="tests.core.test_exceptions.TestEntryProcessingError" name="test_error_with_partial_context" time="0.000" /><testcase classname="tests.core.test_exceptions.TestUnknownEntryTypeError" name="test_unknown_type_error" time="0.000" /><testcase classname="tests.core.test_exceptions.TestUnknownEntryTypeError" name="test_unknown_type_minimal" time="0.000" /><testcase classname="tests.core.test_exceptions.TestEntryValidationError" name="test_validation_error_with_field" time="0.000" /><testcase classname="tests.core.test_exceptions.TestEntryValidationError" name="test_validation_error_without_field" time="0.000" /><testcase classname="tests.core.test_exceptions.TestMalformedEntryError" name="test_malformed_dict_entry" time="0.000" /><testcase classname="tests.core.test_exceptions.TestMalformedEntryError" name="test_malformed_non_dict_entry" time="0.000" /><testcase classname="tests.core.test_exceptions.TestMalformedEntryError" name="test_malformed_error_inheritance" time="0.000" /><testcase classname="tests.core.test_exceptions.TestEntryProcessingWarning" name="test_warning_creation" time="0.000" /><testcase classname="tests.core.test_exceptions.TestEntryProcessingWarning" name="test_warning_can_be_raised" time="0.001" /><testcase classname="tests.core.test_exceptions.TestExceptionInheritance" name="test_all_inherit_from_base" time="0.000" /><testcase classname="tests.core.test_exceptions.TestExceptionInheritance" name="test_processing_error_inheritance" time="0.000" /><testcase classname="tests.example_factory_fixtures_test.TestImprovedFixturePatterns" name="test_factory_fixtures_provide_isolation" time="0.070" /><testcase classname="tests.example_factory_fixtures_test.TestImprovedFixturePatterns" name="test_factory_fixtures_allow_customization" time="0.061" /><testcase classname="tests.example_factory_fixtures_test.TestImprovedFixturePatterns" name="test_factory_data_creation_isolation" time="0.001" /><testcase classname="tests.example_factory_fixtures_test.TestImprovedFixturePatterns" name="test_pydantic_model_creation_with_factory_data" time="0.000" /><testcase classname="tests.integration.test_adventure_conversion.TestAdventureConversion" name="test_adventure_conversion_produces_content" time="4.240" /><testcase classname="tests.integration.test_adventure_conversion.TestAdventureConversion" name="test_multiple_adventures_work" time="4.224" /><testcase classname="tests.integration.test_adventure_conversion.TestAdventureConversion" name="test_conversion_performance_is_reasonable" time="4.234" /><testcase classname="tests.integration.test_adventure_conversion.TestAdventureConversion" name="test_omnidexer_adventure_loading" time="0.111" /><testcase classname="tests.integration.test_adventure_conversion.TestAdventureConversion" name="test_content_resolver_enrichment" time="0.065" /><testcase classname="tests.integration.test_adventure_conversion.TestAdventureConversion" name="test_content_loading_caching" time="0.115" /><testcase classname="tests.integration.test_adventure_conversion.TestAdventureConversion" name="test_latex_output_quality" time="4.697" /><testcase classname="tests.integration.test_adventure_conversion.TestAdventureConversion" name="test_error_handling_graceful_degradation" time="1.681" /><testcase classname="tests.integration.test_adventure_conversion.TestAdventureConversion" name="test_memory_usage_reasonable" time="4.699" /><testcase classname="tests.integration.test_adventure_resolution.TestAdventureResolution" name="test_adventure_count_metadata_only" time="0.009" /><testcase classname="tests.integration.test_adventure_resolution.TestAdventureResolution" name="test_multiple_adventures_loaded" time="0.011" /><testcase classname="tests.integration.test_adventure_resolution.TestAdventureResolution" name="test_resolve_adventure_missing_content_file" time="0.008" /><testcase classname="tests.integration.test_adventure_resolution.TestAdventureResolution" name="test_resolve_adventure_test_full_flow" time="0.009" /><testcase classname="tests.integration.test_adventure_resolution.TestAdventureResolution" name="test_resolve_nonexistent_adventure" time="0.009" /><testcase classname="tests.integration.test_adventure_resolution_no_duplicates.TestAdventureResolutionNoDuplicates" name="test_adventure_content_files_ignored_during_indexing" time="0.003" /><testcase classname="tests.integration.test_adventure_resolution_no_duplicates.TestAdventureResolutionNoDuplicates" name="test_content_resolver_finds_unique_adventures" time="0.006" /><testcase classname="tests.integration.test_adventure_resolution_no_duplicates.TestAdventureResolutionNoDuplicates" name="test_no_duplicate_adventures_in_omnidexer_stats" time="0.006" /><testcase classname="tests.integration.test_adventure_resolution_no_duplicates.TestAdventureResolutionNoDuplicates" name="test_omnidexer_loads_only_metadata_adventures" time="0.006" /><testcase classname="tests.integration.test_book_conversion.TestBookConversion" name="test_book_conversion_produces_content" time="4.798" /><testcase classname="tests.integration.test_book_conversion.TestBookConversion" name="test_multiple_books_work" time="4.279" /><testcase classname="tests.integration.test_book_conversion.TestBookConversion" name="test_book_conversion_performance" time="4.478" /><testcase classname="tests.integration.test_book_conversion.TestBookConversion" name="test_book_omnidexer_loading" time="0.112" /><testcase classname="tests.integration.test_book_conversion.TestBookConversion" name="test_book_content_resolver_enrichment" time="0.065" /><testcase classname="tests.integration.test_book_conversion.TestBookConversion" name="test_book_content_loading_caching" time="0.108" /><testcase classname="tests.integration.test_book_conversion.TestBookConversion" name="test_book_latex_output_quality" time="4.899" /><testcase classname="tests.integration.test_book_conversion.TestBookConversion" name="test_no_hardcoded_phb_paths" time="4.769" /><testcase classname="tests.integration.test_book_conversion.TestBookConversion" name="test_book_error_handling" time="1.542" /><testcase classname="tests.integration.test_book_conversion.TestBookConversion" name="test_book_memory_usage_reasonable" time="4.447" /><testcase classname="tests.integration.test_book_conversion.TestBookConversion" name="test_book_vs_adventure_consistency" time="0.184" /><testcase classname="tests.integration.test_book_resolution.TestBookResolution" name="test_omnidexer_loads_only_book_metadata" time="0.001" /><testcase classname="tests.integration.test_book_resolution.TestBookResolution" name="test_resolve_book_phb_success" time="0.002" /><testcase classname="tests.integration.test_book_resolution.TestBookResolution" name="test_resolve_book_test_success" time="0.002" /><testcase classname="tests.integration.test_book_resolution.TestBookResolution" name="test_resolve_nonexistent_book" time="0.001" /><testcase classname="tests.integration.test_book_resolution.TestBookResolution" name="test_book_metadata_preservation" time="0.002" /><testcase classname="tests.integration.test_book_resolution.TestBookResolution" name="test_book_vs_adventure_architecture_consistency" time="0.002" /><testcase classname="tests.integration.test_book_resolution.TestBookResolution" name="test_content_cache_functionality" time="0.002" /><testcase classname="tests.integration.test_book_resolution.TestBookResolution" name="test_missing_content_file_handling" time="0.001" /><testcase classname="tests.integration.test_book_resolution.TestBookResolution" name="test_end_to_end_book_conversion_ready" time="0.002" /><testcase classname="tests.integration.test_creature_spell_indexing.TestCreatureSpellIndexing" name="test_creature_implements_deep_indexable" time="0.000" /><testcase classname="tests.integration.test_creature_spell_indexing.TestCreatureSpellIndexing" name="test_extract_spell_references_from_creature_traits" time="0.000" /><testcase classname="tests.integration.test_creature_spell_indexing.TestCreatureSpellIndexing" name="test_extract_spell_references_from_creature_actions" time="0.000" /><testcase classname="tests.integration.test_creature_spell_indexing.TestCreatureSpellIndexing" name="test_creature_with_no_spells" time="0.000" /><testcase classname="tests.integration.test_creature_spell_indexing.TestCreatureSpellIndexing" name="test_creature_with_complex_spellcasting_structure" time="0.000" /><testcase classname="tests.integration.test_creature_spell_indexing.TestCreatureDeepIndexingIntegration" name="test_creature_deep_indexing_with_mock_omnidexer" time="0.001" /><testcase classname="tests.integration.test_creature_spell_indexing.TestCreatureDeepIndexingIntegration" name="test_creature_deep_indexing_handles_missing_spells" time="0.001" /><testcase classname="tests.integration.test_full_dataset_validation.TestFullDatasetValidation" name="test_full_spell_dataset_validation" time="0.002" /><testcase classname="tests.integration.test_full_dataset_validation.TestFullDatasetValidation" name="test_full_creature_dataset_validation" time="0.002"><skipped type="pytest.skip" message="No creature data files found">/Users/sam/Code/5e2pdf/tests/integration/test_full_dataset_validation.py:226: No creature data files found</skipped></testcase><testcase classname="tests.integration.test_full_dataset_validation.TestFullDatasetValidation" name="test_full_item_dataset_validation" time="0.001"><skipped type="pytest.skip" message="No item data files found">/Users/sam/Code/5e2pdf/tests/integration/test_full_dataset_validation.py:276: No item data files found</skipped></testcase><testcase classname="tests.integration.test_full_dataset_validation.TestFullDatasetValidation" name="test_omnidexer_full_dataset_load" time="0.002" /><testcase classname="tests.integration.test_full_dataset_validation.TestFullDatasetValidation" name="test_data_consistency_across_loaders" time="0.002" /><testcase classname="tests.integration.test_full_dataset_validation.TestFullDatasetValidation" name="test_memory_efficiency_large_dataset" time="0.002" /><testcase classname="tests.integration.test_full_dataset_validation.TestFullDatasetValidation" name="test_concurrent_dataset_loading" time="0.005" /><testcase classname="tests.integration.test_full_dataset_validation.TestFullDatasetValidation" name="test_validation_warning_categorization_full_dataset" time="0.001" /><testcase classname="tests.integration.test_real_adventure_deep_indexing.TestRealAdventureDeepIndexing" name="test_omnidexer_deep_indexing_integration" time="0.001"><skipped type="pytest.skip" message="Adventure data not available or failed to load">/Users/sam/Code/5e2pdf/tests/integration/test_real_adventure_deep_indexing.py:26: Adventure data not available or failed to load</skipped></testcase><testcase classname="tests.integration.test_real_adventure_deep_indexing.TestRealAdventureDeepIndexing" name="test_omnidexer_indexes_adventure_nested_content" time="0.001"><skipped type="pytest.skip" message="Adventure data not available">/Users/sam/Code/5e2pdf/tests/integration/test_real_adventure_deep_indexing.py:69: Adventure data not available</skipped></testcase><testcase classname="tests.integration.test_real_adventure_deep_indexing.TestRealAdventureDeepIndexing" name="test_adventure_content_findable_by_name" time="0.001"><skipped type="pytest.skip" message="Adventure data not available">/Users/sam/Code/5e2pdf/tests/integration/test_real_adventure_deep_indexing.py:103: Adventure data not available</skipped></testcase><testcase classname="tests.integration.test_real_adventure_deep_indexing.TestRealAdventureDeepIndexing" name="test_deep_indexing_performance_impact" time="0.001"><skipped type="pytest.skip" message="Adventure data not available">/Users/sam/Code/5e2pdf/tests/integration/test_real_adventure_deep_indexing.py:131: Adventure data not available</skipped></testcase><testcase classname="tests.integration.test_real_adventure_deep_indexing.TestRealAdventureDeepIndexing" name="test_nested_content_has_unique_hash_keys" time="0.001"><skipped type="pytest.skip" message="Adventure data not available">/Users/sam/Code/5e2pdf/tests/integration/test_real_adventure_deep_indexing.py:160: Adventure data not available</skipped></testcase><testcase classname="tests.integration.test_real_book_deep_indexing.TestRealBookDeepIndexing" name="test_omnidexer_book_deep_indexing_integration" time="0.001"><skipped type="pytest.skip" message="Book data not available or failed to load">/Users/sam/Code/5e2pdf/tests/integration/test_real_book_deep_indexing.py:27: Book data not available or failed to load</skipped></testcase><testcase classname="tests.integration.test_real_book_deep_indexing.TestRealBookDeepIndexing" name="test_omnidexer_indexes_book_nested_content" time="0.001"><skipped type="pytest.skip" message="Book data not available">/Users/sam/Code/5e2pdf/tests/integration/test_real_book_deep_indexing.py:70: Book data not available</skipped></testcase><testcase classname="tests.integration.test_real_book_deep_indexing.TestRealBookDeepIndexing" name="test_variant_rule_detection_on_real_data" time="0.001"><skipped type="pytest.skip" message="Book data not available">/Users/sam/Code/5e2pdf/tests/integration/test_real_book_deep_indexing.py:112: Book data not available</skipped></testcase><testcase classname="tests.integration.test_real_book_deep_indexing.TestRealBookDeepIndexing" name="test_book_content_findable_by_name" time="0.001"><skipped type="pytest.skip" message="Book data not available">/Users/sam/Code/5e2pdf/tests/integration/test_real_book_deep_indexing.py:151: Book data not available</skipped></testcase><testcase classname="tests.integration.test_real_book_deep_indexing.TestRealBookDeepIndexing" name="test_book_deep_indexing_performance_impact" time="0.001"><skipped type="pytest.skip" message="Book data not available">/Users/sam/Code/5e2pdf/tests/integration/test_real_book_deep_indexing.py:177: Book data not available</skipped></testcase><testcase classname="tests.integration.test_real_book_deep_indexing.TestRealBookDeepIndexing" name="test_mixed_adventure_book_deep_indexing" time="0.123" /><testcase classname="tests.integration.test_real_book_deep_indexing.TestRealBookDeepIndexing" name="test_content_hierarchy_preservation" time="0.001"><skipped type="pytest.skip" message="Book data not available">/Users/sam/Code/5e2pdf/tests/integration/test_real_book_deep_indexing.py:250: Book data not available</skipped></testcase><testcase classname="tests.integration.test_source_discovery.TestSourceDiscovery" name="test_books_metadata_vs_content_separation" time="0.008" /><testcase classname="tests.integration.test_source_discovery.TestSourceDiscovery" name="test_configurable_source_manager_interface_methods" time="0.004" /><testcase classname="tests.integration.test_source_discovery.TestSourceDiscovery" name="test_error_cases_missing_metadata_files" time="0.004" /><testcase classname="tests.integration.test_source_discovery.TestSourceDiscovery" name="test_file_pattern_edge_cases" time="0.002" /><testcase classname="tests.integration.test_source_discovery.TestSourceDiscovery" name="test_malformed_metadata_files_handling" time="0.006" /><testcase classname="tests.integration.test_source_discovery.TestSourceDiscovery" name="test_mixed_adventures_and_books_separation" time="0.005" /><testcase classname="tests.performance.test_content_loading_performance.TestContentLoadingPerformance" name="test_omnidexer_loading_performance" time="0.072" /><testcase classname="tests.performance.test_content_loading_performance.TestContentLoadingPerformance" name="test_content_resolution_performance" time="0.132" /><testcase classname="tests.performance.test_content_loading_performance.TestContentLoadingPerformance" name="test_caching_effectiveness" time="0.075" /><testcase classname="tests.performance.test_tag_system_benchmark.TestTagSystemPerformance" name="test_tag_system_basic_performance" time="0.131" /><testcase classname="tests.performance.test_tag_system_benchmark.TestTagSystemPerformance" name="test_tag_system_with_large_text" time="0.173" /><testcase classname="tests.performance.test_tag_system_benchmark.TestTagSystemPerformance" name="test_memory_usage_basic" time="0.179" /><testcase classname="tests.property_based.test_content_stateful.TestStatefulContentManagement" name="test_omnidexer_state_machine" time="0.000"><skipped type="pytest.skip" message="Omnidexer implementation details not suitable for stateful testing">/Users/sam/Code/5e2pdf/tests/property_based/test_content_stateful.py:203: Omnidexer implementation details not suitable for stateful testing</skipped></testcase><testcase classname="tests.property_based.test_content_stateful.TestStatefulContentManagement" name="test_content_resolution_state_machine" time="1.158" /><testcase classname="tests.property_based.test_content_stateful.TestContentInteractionProperties" name="test_bulk_operations_consistency" time="0.145" /><testcase classname="tests.property_based.test_content_stateful.TestContentInteractionProperties" name="test_content_type_hash_mapping" time="0.113" /><testcase classname="tests.property_based.test_content_stateful.TestContentInteractionProperties" name="test_content_statistics_invariants" time="0.102" /><testcase classname="tests.property_based.test_creature_properties.TestCreatureInvariants" name="test_ability_score_constraints" time="0.013" /><testcase classname="tests.property_based.test_creature_properties.TestCreatureInvariants" name="test_challenge_rating_validity" time="0.016" /><testcase classname="tests.property_based.test_creature_properties.TestCreatureInvariants" name="test_creature_size_validity" time="0.004" /><testcase classname="tests.property_based.test_creature_properties.TestCreatureInvariants" name="test_creature_type_validity" time="0.007" /><testcase classname="tests.property_based.test_creature_properties.TestCreatureInvariants" name="test_alignment_validity" time="0.006" /><testcase classname="tests.property_based.test_creature_properties.TestCreatureInvariants" name="test_damage_type_validity" time="0.107" /><testcase classname="tests.property_based.test_creature_properties.TestCreatureInvariants" name="test_condition_immunity_val
[...]
ame="tests.unit.test_models.TestSpell" name="test_spell_validation_error" time="0.000" /><testcase classname="tests.unit.test_models.TestSpell" name="test_spell_level_text" time="0.000" /><testcase classname="tests.unit.test_models.TestSpell" name="test_spell_components_text" time="0.000" /><testcase classname="tests.unit.test_models.TestCreature" name="test_creature_creation" time="0.000" /><testcase classname="tests.unit.test_models.TestCreature" name="test_ability_modifier_calculation" time="0.000" /><testcase classname="tests.unit.test_models.TestCreature" name="test_ability_text_formatting" time="0.000" /><testcase classname="tests.unit.test_models.TestCreature" name="test_size_type_alignment" time="0.000" /><testcase classname="tests.unit.test_models.TestCreature" name="test_armor_class_parsing" time="0.000" /><testcase classname="tests.unit.test_models.TestCreature" name="test_creature_type_field_validation" time="0.000" /><testcase classname="tests.unit.test_models.TestCreature" name="test_creature_ac_field_validation" time="0.000" /><testcase classname="tests.unit.test_models.TestCreature" name="test_creature_hp_speed_validation" time="0.000" /><testcase classname="tests.unit.test_models.TestCreature" name="test_creature_ability_parsing" time="0.000" /><testcase classname="tests.unit.test_models.TestCreature" name="test_creature_alignment_text_formatting" time="0.000" /><testcase classname="tests.unit.test_models.TestCreature" name="test_creature_cr_text_formatting" time="0.000" /><testcase classname="tests.unit.test_models.TestCreature" name="test_creature_text_methods" time="0.000" /><testcase classname="tests.unit.test_models.TestSpellComponent" name="test_material_component_parsing" time="0.000" /><testcase classname="tests.unit.test_models.TestArmorClass" name="test_armor_class_creation" time="0.000" /><testcase classname="tests.unit.test_models.TestArmorClass" name="test_armor_class_special" time="0.000" /><testcase classname="tests.unit.test_models.TestArmorClass" name="test_armor_class_conditional" time="0.000" /><testcase classname="tests.unit.test_models.TestArmorClass" name="test_armor_class_edge_cases" time="0.000" /><testcase classname="tests.unit.test_models.TestHitPoints" name="test_hit_points_creation" time="0.000" /><testcase classname="tests.unit.test_models.TestHitPoints" name="test_hit_points_special" time="0.000" /><testcase classname="tests.unit.test_models.TestHitPoints" name="test_hit_points_average_only" time="0.000" /><testcase classname="tests.unit.test_models.TestHitPoints" name="test_hit_points_formula_only" time="0.000" /><testcase classname="tests.unit.test_models.TestHitPoints" name="test_hit_points_edge_cases" time="0.000" /><testcase classname="tests.unit.test_models.TestSpeed" name="test_speed_walk_only" time="0.000" /><testcase classname="tests.unit.test_models.TestSpeed" name="test_speed_multiple_types" time="0.000" /><testcase classname="tests.unit.test_models.TestSpeed" name="test_speed_dict_format" time="0.000" /><testcase classname="tests.unit.test_models.TestSpeed" name="test_speed_all_types" time="0.000" /><testcase classname="tests.unit.test_models.TestSpeed" name="test_speed_with_conditions" time="0.000" /><testcase classname="tests.unit.test_models.TestSpeed" name="test_speed_edge_cases" time="0.000" /><testcase classname="tests.unit.test_models.TestCreatureType" name="test_creature_type_string" time="0.000" /><testcase classname="tests.unit.test_models.TestCreatureType" name="test_creature_type_with_subtype" time="0.000" /><testcase classname="tests.unit.test_models.TestCreatureType" name="test_creature_type_choice_format" time="0.000" /><testcase classname="tests.unit.test_models.TestCreatureType" name="test_creature_type_dict_special" time="0.001" /><testcase classname="tests.unit.test_models.TestCreatureType" name="test_creature_type_with_tags" time="0.000" /><testcase classname="tests.unit.test_models.TestCreatureType" name="test_creature_type_complex_tags" time="0.000" /><testcase classname="tests.unit.test_models.TestCreatureType" name="test_creature_type_model_validate_edge_cases" time="0.000" /><testcase classname="tests.unit.test_models.TestAbility" name="test_ability_basic" time="0.000" /><testcase classname="tests.unit.test_models.TestAbility" name="test_ability_complex_entries" time="0.000" /><testcase classname="tests.unit.test_models.TestAbility" name="test_ability_with_text_entries" time="0.000" /><testcase classname="tests.unit.test_models.TestAbility" name="test_ability_with_items" time="0.000" /><testcase classname="tests.unit.test_models.TestAbility" name="test_ability_nested_entries" time="0.000" /><testcase classname="tests.unit.test_models.TestAbility" name="test_ability_edge_cases" time="0.000" /><testcase classname="tests.unit.test_omnidexer.TestIndexEntry" name="test_index_entry_creation" time="0.000" /><testcase classname="tests.unit.test_omnidexer.TestOmnidexer" name="test_omnidexer_creation" time="0.000" /><testcase classname="tests.unit.test_omnidexer.TestOmnidexer" name="test_loader_registration" time="0.000" /><testcase classname="tests.unit.test_omnidexer.TestOmnidexer" name="test_empty_data_loading" time="0.002" /><testcase classname="tests.unit.test_omnidexer.TestOmnidexer" name="test_data_loading_and_indexing" time="0.077" /><testcase classname="tests.unit.test_omnidexer.TestOmnidexer" name="test_find_by_type_and_name" time="0.068" /><testcase classname="tests.unit.test_omnidexer.TestOmnidexer" name="test_find_without_source" time="0.063" /><testcase classname="tests.unit.test_omnidexer.TestOmnidexer" name="test_find_all_by_name" time="0.065" /><testcase classname="tests.unit.test_omnidexer.TestOmnidexer" name="test_get_all_by_type" time="0.056" /><testcase classname="tests.unit.test_omnidexer.TestOmnidexer" name="test_get_all_by_source" time="0.059" /><testcase classname="tests.unit.test_omnidexer.TestOmnidexer" name="test_search_functionality" time="0.074" /><testcase classname="tests.unit.test_omnidexer.TestOmnidexer" name="test_search_by_name_prefix" time="0.057" /><testcase classname="tests.unit.test_omnidexer.TestOmnidexer" name="test_is_loaded_check" time="0.058" /><testcase classname="tests.unit.test_omnidexer.TestOmnidexer" name="test_statistics" time="0.078" /><testcase classname="tests.unit.test_omnidexer.TestDeepIndexing" name="test_deep_indexing_enabled_by_default" time="0.138" /><testcase classname="tests.unit.test_omnidexer.TestDeepIndexing" name="test_deep_indexing_can_be_disabled" time="0.145" /><testcase classname="tests.unit.test_omnidexer.TestDeepIndexing" name="test_class_feature_parsing" time="0.151" /><testcase classname="tests.unit.test_omnidexer.TestDeepIndexing" name="test_subclass_feature_parsing" time="0.147" /><testcase classname="tests.unit.test_omnidexer.TestDeepIndexing" name="test_deep_indexing_integration" time="0.658" /><testcase classname="tests.unit.test_omnidexer.TestDeepIndexing" name="test_deep_indexing_stability" time="0.404" /><testcase classname="tests.unit.test_omnidexer.TestDeepIndexing" name="test_deep_indexing_disabled" time="0.157" /><testcase classname="tests.unit.test_omnidexer.TestDeepIndexing" name="test_malformed_feature_references_handling" time="0.151" /><testcase classname="tests.unit.test_omnidexer.TestOmnidexerMetadataOnlyLoading" name="test_omnidexer_loads_only_metadata_files" time="0.002" /><testcase classname="tests.unit.test_omnidexer.TestOmnidexerMetadataOnlyLoading" name="test_omnidexer_interface_separation" time="0.003" /><testcase classname="tests.unit.test_omnidexer_cache.TestOmnidexerCache" name="test_find_caches_results" time="0.004" /><testcase classname="tests.unit.test_omnidexer_cache.TestOmnidexerCache" name="test_find_different_params_different_cache" time="0.001" /><testcase classname="tests.unit.test_omnidexer_cache.TestOmnidexerCache" name="test_search_caches_results" time="0.001" /><testcase classname="tests.unit.test_omnidexer_cache.TestOmnidexerCache" name="test_search_different_params_different_cache" time="0.001" /><testcase classname="tests.unit.test_omnidexer_cache.TestOmnidexerCache" name="test_cache_ttl_respected" time="0.001" /><testcase classname="tests.unit.test_renderers.TestRenderContext" name="test_render_context_creation" time="0.000" /><testcase classname="tests.unit.test_renderers.TestRenderContext" name="test_render_context_with_options" time="0.000" /><testcase classname="tests.unit.test_renderers.TestRenderContext" name="test_should_include_content_type" time="0.000" /><testcase classname="tests.unit.test_renderers.TestRenderContext" name="test_context_copy" time="0.001" /><testcase classname="tests.unit.test_renderers.TestRenderContext" name="test_get_image_path" time="0.001" /><testcase classname="tests.unit.test_renderers.TestLaTeXTemplateEngine" name="test_template_engine_creation" time="0.000" /><testcase classname="tests.unit.test_renderers.TestLaTeXTemplateEngine" name="test_builtin_templates_loaded" time="0.000" /><testcase classname="tests.unit.test_renderers.TestLaTeXTemplateEngine" name="test_render_simple_template" time="0.002" /><testcase classname="tests.unit.test_renderers.TestLaTeXTemplateEngine" name="test_render_template_with_conditionals" time="0.002" /><testcase classname="tests.unit.test_renderers.TestLaTeXTemplateEngine" name="test_unknown_template" time="0.001" /><testcase classname="tests.unit.test_renderers.TestLaTeXDocumentRenderer" name="test_document_renderer_creation" time="0.001" /><testcase classname="tests.unit.test_renderers.TestLaTeXDocumentRenderer" name="test_render_single_spell" time="0.121" /><testcase classname="tests.unit.test_renderers.TestLaTeXDocumentRenderer" name="test_render_multiple_content" time="0.133" /><testcase classname="tests.unit.test_renderers.TestLaTeXDocumentRenderer" name="test_render_to_file" time="0.036" /><testcase classname="tests.unit.test_renderers.TestLaTeXDocumentRenderer" name="test_render_to_file_error_handling" time="3.023" /><testcase classname="tests.unit.test_renderers.TestRendererIntegration" name="test_full_rendering_pipeline" time="0.103" /><testcase classname="tests.unit.test_renderers.TestRendererIntegration" name="test_error_handling_unknown_content_type" time="0.071" /><testcase classname="tests.unit.test_spell_references.TestSpellReferenceParser" name="test_extract_simple_spell_reference" time="0.000" /><testcase classname="tests.unit.test_spell_references.TestSpellReferenceParser" name="test_extract_spell_reference_with_source" time="0.000" /><testcase classname="tests.unit.test_spell_references.TestSpellReferenceParser" name="test_extract_spell_reference_with_display_text" time="0.000" /><testcase classname="tests.unit.test_spell_references.TestSpellReferenceParser" name="test_extract_multiple_spell_references" time="0.000" /><testcase classname="tests.unit.test_spell_references.TestSpellReferenceParser" name="test_extract_no_spell_references" time="0.000" /><testcase classname="tests.unit.test_spell_references.TestSpellReferenceParser" name="test_extract_malformed_spell_reference" time="0.000" /><testcase classname="tests.unit.test_spell_references.TestSpellReferenceParser" name="test_extract_spell_reference_with_many_pipes" time="0.000" /><testcase classname="tests.unit.test_spell_references.TestSpellReferenceParser" name="test_case_insensitive_matching" time="0.000" /><testcase classname="tests.unit.test_spell_references.TestSpellReferenceParser" name="test_multiline_text_extraction" time="0.000" /><testcase classname="tests.unit.test_spell_references.TestSpellReferenceParser" name="test_whitespace_handling" time="0.000" /><testcase classname="tests.unit.test_spell_references.TestSpellReference" name="test_spell_reference_str_simple" time="0.000" /><testcase classname="tests.unit.test_spell_references.TestSpellReference" name="test_spell_reference_str_with_source" time="0.000" /><testcase classname="tests.unit.test_spell_references.TestSpellReference" name="test_spell_reference_str_with_display_text" time="0.000" /><testcase classname="tests.unit.test_spell_references.TestSpellReference" name="test_spell_reference_str_display_text_overrides_source" time="0.000" /><testcase classname="tests.unit.test_tag_parser.TestTagParseError" name="test_tag_parse_error_basic" time="0.000" /><testcase classname="tests.unit.test_tag_parser.TestTagParseError" name="test_tag_parse_error_with_position" time="0.000" /><testcase classname="tests.unit.test_tag_parser.TestTagParseError" name="test_tag_parse_error_with_text_and_position" time="0.000" /><testcase classname="tests.unit.test_tag_parser.TestTagASTTransformer" name="test_transformer_initialization" time="0.000" /><testcase classname="tests.unit.test_tag_parser.TestTagASTTransformer" name="test_document_transform" time="0.000" /><testcase classname="tests.unit.test_tag_parser.TestTagASTTransformer" name="test_text_transform" time="0.000" /><testcase classname="tests.unit.test_tag_parser.TestTagASTTransformer" name="test_text_fragment_transform" time="0.000" /><testcase classname="tests.unit.test_tag_parser.TestTagASTTransformer" name="test_tag_type_transform" time="0.000" /><testcase classname="tests.unit.test_tag_parser.TestTagASTTransformer" name="test_escaped_char_transform" time="0.000" /><testcase classname="tests.unit.test_tag_parser.TestTagASTTransformer" name="test_tag_transform_missing_type" time="0.001" /><testcase classname="tests.unit.test_tag_parser.TestTagASTTransformer" name="test_tag_transform_with_string_parts" time="0.013" /><testcase classname="tests.unit.test_tag_parser.TestTagASTTransformer" name="test_tag_transform_with_list_parts" time="0.014" /><testcase classname="tests.unit.test_tag_parser.TestTagASTTransformer" name="test_content_part_transform" time="0.000" /><testcase classname="tests.unit.test_tag_parser.TestTagASTTransformer" name="test_content_part_transform_only_text" time="0.000" /><testcase classname="tests.unit.test_tag_parser.TestTagASTTransformer" name="test_content_part_edge_case" time="0.000" /><testcase classname="tests.unit.test_tag_parser.TestTagParser" name="test_parser_initialization" time="0.012" /><testcase classname="tests.unit.test_tag_parser.TestTagParser" name="test_parser_initialization_missing_grammar" time="0.013" /><testcase classname="tests.unit.test_tag_parser.TestTagParser" name="test_parse_empty_text" time="0.012" /><testcase classname="tests.unit.test_tag_parser.TestTagParser" name="test_parse_none_text" time="0.012" /><testcase classname="tests.unit.test_tag_parser.TestTagParser" name="test_parse_plain_text" time="0.012" /><testcase classname="tests.unit.test_tag_parser.TestTagParser" name="test_parse_simple_creature_tag" time="0.014" /><testcase classname="tests.unit.test_tag_parser.TestTagParser" name="test_parse_creature_tag_with_display_text" time="0.012" /><testcase classname="tests.unit.test_tag_parser.TestTagParser" name="test_parse_creature_tag_with_page" time="0.012" /><testcase classname="tests.unit.test_tag_parser.TestTagParser" name="test_parse_mixed_content" time="0.012" /><testcase classname="tests.unit.test_tag_parser.TestTagParser" name="test_parse_escaped_characters" time="0.013" /><testcase classname="tests.unit.test_tag_parser.TestTagParser" name="test_parse_various_tag_types" time="0.014" /><testcase classname="tests.unit.test_tag_parser.TestTagParser" name="test_parse_malformed_tags_error_recovery" time="0.014" /><testcase classname="tests.unit.test_tag_parser.TestTagParser" name="test_parse_exception_handling" time="0.012" /><testcase classname="tests.unit.test_tag_parser.TestTagParser" name="test_parse_tag_parse_error_handling" time="0.013" /><testcase classname="tests.unit.test_tag_parser.TestTagParser" name="test_parse_complex_content_with_whitespace" time="0.012" /><testcase classname="tests.unit.test_tag_parser.TestTagParser" name="test_parse_tag_with_numbers_in_name" time="0.012" /><testcase classname="tests.unit.test_tag_parser.TestTagParser" name="test_parse_tag_with_special_characters" time="0.012" /><testcase classname="tests.unit.test_tag_parser.TestTagParser" name="test_parse_consecutive_tags" time="0.013" /><testcase classname="tests.unit.test_tag_parser.TestTagParser" name="test_parse_empty_tag_parts" time="0.012" /><testcase classname="tests.unit.test_tag_parser.TestTagParser" name="test_grammar_file_exists" time="0.012" /><testcase classname="tests.unit.test_tag_parser.TestTagParser" name="test_parser_initialization_lark_error" time="0.013" /><testcase classname="tests.unit.test_tag_parser.TestNestedTagParsing" name="test_simple_nested_tag" time="0.012" /><testcase classname="tests.unit.test_tag_parser.TestNestedTagParsing" name="test_nested_tag_in_creature_display_text" time="0.012" /><testcase classname="tests.unit.test_tag_parser.TestNestedTagParsing" name="test_deeply_nested_tags" time="0.012" /><testcase classname="tests.unit.test_tag_parser.TestNestedTagParsing" name="test_consecutive_nested_tags" time="0.013" /><testcase classname="tests.unit.test_tag_parser.TestNestedTagParsing" name="test_nested_spell_in_creature" time="0.013" /><testcase classname="tests.unit.test_tag_parser.TestNestedTagParsing" name="test_nested_tags_with_escaped_braces" time="0.012" /><testcase classname="tests.unit.test_tag_resolver.TestTagParser" name="test_parser_handles_simple_text" time="0.012" /><testcase classname="tests.unit.test_tag_resolver.TestTagParser" name="test_parser_handles_simple_creature_tag" time="0.012" /><testcase classname="tests.unit.test_tag_resolver.TestTagParser" name="test_parser_handles_creature_tag_with_display_text" time="0.012" /><testcase classname="tests.unit.test_tag_resolver.TestTagParser" name="test_parser_handles_mixed_content" time="0.012" /><testcase classname="tests.unit.test_tag_resolver.TestContentTracker" name="test_content_tracker_basic_tracking" time="0.000" /><testcase classname="tests.unit.test_tag_resolver.TestContentTracker" name="test_content_tracker_deduplication" time="0.000" /><testcase classname="tests.unit.test_tag_resolver.TestContentTracker" name="test_content_tracker_sorting" time="0.000" /><testcase classname="tests.unit.test_tag_resolver.TestContentTracker" name="test_content_tracker_clear" time="0.000" /><testcase classname="tests.unit.test_tag_resolver.TestContentTracker" name="test_tracked_content_normalization" time="0.000" /><testcase classname="tests.unit.test_tag_resolver.TestContentTracker" name="test_tracked_content_equality_and_hashing" time="0.000" /><testcase classname="tests.unit.test_tag_resolver.TestContentTracker" name="test_tracked_content_to_tuple" time="0.000" /><testcase classname="tests.unit.test_tag_resolver.TestContentTracker" name="test_get_tracked_content_by_type" time="0.000" /><testcase classname="tests.unit.test_tag_resolver.TestContentTracker" name="test_get_content_count" time="0.000" /><testcase classname="tests.unit.test_tag_resolver.TestContentTracker" name="test_get_content_types" time="0.000" /><testcase classname="tests.unit.test_tag_resolver.TestContentTracker" name="test_get_statistics" time="0.000" /><testcase classname="tests.unit.test_tag_resolver.TestContentTracker" name="test_has_content" time="0.000" /><testcase classname="tests.unit.test_tag_resolver.TestContentTracker" name="test_remove_content" time="0.000" /><testcase classname="tests.unit.test_tag_resolver.TestContentTracker" name="test_merge_tracker" time="0.000" /><testcase classname="tests.unit.test_tag_resolver.TestContentTracker" name="test_export_for_appendix" time="0.000" /><testcase classname="tests.unit.test_tag_resolver.TestContentTracker" name="test_content_with_pages" time="0.000" /><testcase classname="tests.unit.test_tag_resolver.TestContentTracker" name="test_edge_cases" time="0.000" /><testcase classname="tests.unit.test_tag_resolver.TestTagResolverFacade" name="test_facade_api_compatibility" time="0.012" /><testcase classname="tests.unit.test_tag_resolver.TestTagResolverFacade" name="test_facade_new_functionality" time="0.014" /></testsuite></testsuites>
