<?xml version="1.0" encoding="utf-8"?><testsuites name="pytest tests"><testsuite name="pytest" errors="0" failures="0" skipped="74" tests="2818" time="114.730" timestamp="2025-08-28T09:07:47.501033+12:00" hostname="shadowfell"><testcase classname="tests.unit.test_content_source_manager.TestContentSourceManager" name="test_init_with_config" time="0.007" /><testcase classname="tests.unit.test_content_source_manager.TestContentSourceManager" name="test_init_with_default_config" time="0.013" /><testcase classname="tests.unit.models.test_spell_formatting_parametrized.TestSpellFormattingMethodsParametrized" name="test_get_spell_attack_text_parametrized[spell_modifications0-Dexterity saving throw]" time="0.019" /><testcase classname="tests.unit.models.test_spell_formatting_parametrized.TestSpellFormattingMethodsParametrized" name="test_get_spell_attack_text_parametrized[spell_modifications1-ranged spell attack]" time="0.002" /><testcase classname="tests.unit.models.test_spell_formatting_parametrized.TestSpellFormattingMethodsParametrized" name="test_get_spell_attack_text_parametrized[spell_modifications2-melee spell attack]" time="0.001" /><testcase classname="tests.unit.models.test_spell_formatting_parametrized.TestSpellFormattingMethodsParametrized" name="test_get_spell_attack_text_parametrized[spell_modifications3-]" time="0.002" /><testcase classname="tests.core.config.test_environment_variables.TestEnvironmentVariables" name="test_logging_config_environment_variables" time="0.009" /><testcase classname="tests.core.config.test_environment_variables.TestEnvironmentVariables" name="test_logging_level_validation_via_env" time="0.002" /><testcase classname="tests.core.config.test_environment_variables.TestEnvironmentVariables" name="test_mcp_config_environment_variables" time="0.006" /><testcase classname="tests.core.config.test_latex_config.TestLaTeXDocumentConfig" name="test_default_config" time="0.009" /><testcase classname="tests.core.config.test_latex_config.TestLaTeXDocumentConfig" name="test_background_validation_valid" time="0.002" /><testcase classname="tests.core.config.test_latex_config.TestLaTeXDocumentConfig" name="test_background_validation_none" time="0.002" /><testcase classname="tests.core.config.test_latex_config.TestLaTeXDocumentConfig" name="test_background_validation_invalid" time="0.002" /><testcase classname="tests.core.config.test_latex_config.TestLaTeXDocumentConfig" name="test_document_class_validation_valid" time="0.000" /><testcase classname="tests.core.config.test_latex_config.TestLaTeXDocumentConfig" name="test_document_class_validation_invalid" time="0.004" /><testcase classname="tests.core.resolvers.test_content_resolver.TestContentResolver" name="test_init" time="0.148" /><testcase classname="tests.unit.test_content_source_manager.TestContentSourceManager" name="test_ensure_all_sources_no_sources" time="0.052" /><testcase classname="tests.unit.models.test_spell_formatting_parametrized.TestSpellFormattingMethodsParametrized" name="test_get_spell_attack_text_parametrized[spell_modifications4-Dexterity, Constitution saving throw]" time="0.003" /><testcase classname="tests.unit.models.test_spell_formatting_parametrized.TestSpellFormattingMethodsParametrized" name="test_get_damage_text_parametrized[damage_types0-fire]" time="0.001" /><testcase classname="tests.core.config.test_latex_config.TestLaTeXDocumentConfig" name="test_paper_size_validation_valid" time="0.000" /><testcase classname="tests.core.config.test_latex_config.TestLaTeXDocumentConfig" name="test_paper_size_validation_invalid" time="0.001" /><testcase classname="tests.core.config.test_latex_config.TestLaTeXDocumentConfig" name="test_font_size_validation_valid" time="0.000" /><testcase classname="tests.core.config.test_latex_config.TestLaTeXDocumentConfig" name="test_font_size_validation_invalid" time="0.001" /><testcase classname="tests.core.config.test_latex_config.TestLaTeXDocumentConfig" name="test_fonts_validation_valid" time="0.004" /><testcase classname="tests.core.config.test_latex_config.TestLaTeXDocumentConfig" name="test_fonts_validation_none" time="0.001" /><testcase classname="tests.core.config.test_latex_config.TestLaTeXDocumentConfig" name="test_fonts_validation_invalid" time="0.005" /><testcase classname="tests.core.config.test_latex_config.TestLaTeXDocumentConfig" name="test_get_class_options_list_default" time="0.001" /><testcase classname="tests.core.config.test_latex_config.TestLaTeXDocumentConfig" name="test_get_class_options_list_with_background" time="0.000" /><testcase classname="tests.unit.test_content_source_manager.TestContentSourceManager" name="test_ensure_all_sources_git_not_available" time="0.103" /><testcase classname="tests.unit.models.test_spell_formatting_parametrized.TestSpellFormattingMethodsParametrized" name="test_get_damage_text_parametrized[damage_types1-fire, radiant]" time="0.002" /><testcase classname="tests.unit.models.test_spell_formatting_parametrized.TestSpellFormattingMethodsParametrized" name="test_get_damage_text_parametrized[None-]" time="0.000" /><testcase classname="tests.unit.models.test_spell_formatting_parametrized.TestSpellFormattingMethodsParametrized" name="test_get_damage_text_parametrized[damage_types3-]" time="0.000" /><testcase classname="tests.unit.models.test_spell_formatting_parametrized.TestSpellFormattingMethodsParametrized" name="test_get_damage_text_parametrized[damage_types4-fire, cold, lightning]" time="0.000" /><testcase classname="tests.unit.models.test_spell_formatting_parametrized.TestSpellFormattingMethodsParametrized" name="test_get_condition_text_parametrized[conditions0-paralyzed]" time="0.012" /><testcase classname="tests.unit.models.test_spell_formatting_parametrized.TestSpellFormattingMethodsParametrized" name="test_get_condition_text_parametrized[conditions1-paralyzed, stunned]" time="0.001" /><testcase classname="tests.unit.models.test_spell_formatting_parametrized.TestSpellFormattingMethodsParametrized" name="test_get_condition_text_parametrized[None-]" time="0.001" /><testcase classname="tests.unit.models.test_spell_formatting_parametrized.TestSpellFormattingMethodsParametrized" name="test_get_condition_text_parametrized[conditions3-]" time="0.001" /><testcase classname="tests.core.config.test_environment_variables.TestEnvironmentVariables" name="test_paths_config_environment_variables" time="0.003" /><testcase classname="tests.core.config.test_environment_variables.TestEnvironmentVariables" name="test_processing_config_environment_variables" time="0.002" /><testcase classname="tests.core.config.test_environment_variables.TestEnvironmentVariables" name="test_validation_config_environment_variables" time="0.010" /><testcase classname="tests.core.config.test_environment_variables.TestEnvironmentVariables" name="test_rendering_content_config_environment_variables" time="0.007" /><testcase classname="tests.core.config.test_environment_variables.TestEnvironmentVariables" name="test_rendering_latex_engine_config_environment_variables" time="0.042" /><testcase classname="tests.core.config.test_environment_variables.TestEnvironmentVariables" name="test_rendering_latex_document_config_environment_variables" time="0.023" /><testcase classname="tests.core.config.test_latex_config.TestLaTeXDocumentConfig" name="test_get_class_options_list_no_background" time="0.032" /><testcase classname="tests.core.config.test_latex_config.TestLaTeXDocumentConfig" name="test_get_class_options_list_removes_existing_bg" time="0.003" /><testcase classname="tests.core.config.test_latex_config.TestLaTeXDocumentConfig" name="test_get_class_options_list_high_contrast" time="0.001" /><testcase classname="tests.core.config.test_latex_config.TestLaTeXDocumentConfig" name="test_get_class_options_list_not_justified" time="0.002" /><testcase classname="tests.core.config.test_environment_variables.TestEnvironmentVariables" name="test_rendering_latex_rendering_config_environment_variables" time="0.009" /><testcase classname="tests.core.config.test_latex_config.TestLaTeXDocumentConfig" name="test_get_class_options_list_fancy_headers" time="0.001" /><testcase classname="tests.core.config.test_latex_config.TestLaTeXDocumentConfig" name="test_get_class_options_list_one_column" time="0.000" /><testcase classname="tests.core.config.test_latex_config.TestLaTeXDocumentConfig" name="test_get_class_options_list_custom_options" time="0.000" /><testcase classname="tests.core.config.test_latex_config.TestLaTeXDocumentConfig" name="test_get_class_options_list_no_duplicates" time="0.001" /><testcase classname="tests.core.config.test_latex_config.TestLaTeXDocumentConfig" name="test_get_class_options_list_fonts_wotc" time="0.004" /><testcase classname="tests.core.config.test_environment_variables.TestEnvironmentVariables" name="test_image_config_basic_environment_variables" time="0.006" /><testcase classname="tests.unit.models.test_spell_formatting_parametrized.TestSpellFormattingMethodsParametrized" name="test_get_condition_text_parametrized[conditions4-charmed, frightened, restrained]" time="0.000" /><testcase classname="tests.unit.models.test_spell_formatting_parametrized.TestSpellFormattingMethodsParametrized" name="test_get_area_text_parametrized[area_tags0-Sphere]" time="0.006" /><testcase classname="tests.unit.models.test_spell_formatting_parametrized.TestSpellFormattingMethodsParametrized" name="test_get_area_text_parametrized[area_tags1-Sphere, Cone]" time="0.003" /><testcase classname="tests.unit.models.test_spell_formatting_parametrized.TestSpellFormattingMethodsParametrized" name="test_get_area_text_parametrized[None-]" time="0.010" /><testcase classname="tests.unit.models.test_spell_formatting_parametrized.TestSpellFormattingMethodsParametrized" name="test_get_area_text_parametrized[area_tags3-Line, Square]" time="0.002" /><testcase classname="tests.unit.models.test_spell_formatting_parametrized.TestSpellFormattingMethodsParametrized" name="test_get_enhanced_level_text_parametrized[3-V-damage_types0-attack_info0-3rd-level evocation (fire damage, Dexterity saving throw)]" time="0.003" /><testcase classname="tests.unit.models.test_spell_formatting_parametrized.TestSpellFormattingMethodsParametrized" name="test_get_enhanced_level_text_parametrized[0-V-damage_types1-attack_info1-Evocation cantrip (force damage, ranged spell attack)]" time="0.001" /><testcase classname="tests.unit.models.test_spell_formatting_parametrized.TestSpellFormattingMethodsParametrized" name="test_get_enhanced_level_text_parametrized[1-E-None-attack_info2-1st-level enchantment]" time="0.001" /><testcase classname="tests.unit.models.test_spell_formatting_parametrized.TestSpellFormattingMethodsParametrized" name="test_get_enhanced_level_text_parametrized[9-N-damage_types3-attack_info3-9th-level necromancy (necrotic, psychic damage, Constitution saving throw)]" time="0.001" /><testcase classname="tests.core.config.test_latex_config.TestLaTeXDocumentConfig" name="test_get_class_options_list_fonts_dmsguild" time="0.001" /><testcase classname="tests.core.config.test_latex_config.TestLaTeXDocumentConfig" name="test_get_class_options_list_no_fonts" time="0.003" /><testcase classname="tests.core.config.test_latex_config.TestLaTeXDocumentConfig" name="test_get_class_options_list_no_outline" time="0.001" /><testcase classname="tests.core.config.test_latex_config.TestLaTeXDocumentConfig" name="test_get_class_options_list_with_outline" time="0.001" /><testcase classname="tests.core.resolvers.test_content_resolver.TestContentResolver" name="test_resolve_adventure_exact_match" time="0.045" /><testcase classname="tests.core.config.test_environment_variables.TestEnvironmentVariables" name="test_image_config_processing_environment_variables" time="0.006" /><testcase classname="tests.core.config.test_environment_variables.TestEnvironmentVariables" name="test_image_config_content_types_environment_variables" time="0.002" /><testcase classname="tests.core.config.test_environment_variables.TestEnvironmentVariables" name="test_image_config_performance_environment_variables" time="0.008" /><testcase classname="tests.unit.models.test_spell_formatting_parametrized.TestSpellFormattingMethodsParametrized" name="test_get_enhanced_components_text_parametrized[components0-V, S, M (a tiny ball of bat guano)]" time="0.029" /><testcase classname="tests.unit.models.test_spell_formatting_parametrized.TestSpellFormattingMethodsParametrized" name="test_get_enhanced_components_text_parametrized[components1-V, S]" time="0.001" /><testcase classname="tests.unit.models.test_spell_formatting_parametrized.TestSpellFormattingMethodsParametrized" name="test_get_enhanced_components_text_parametrized[components2-V]" time="0.001" /><testcase classname="tests.unit.models.test_spell_formatting_parametrized.TestSpellFormattingMethodsParametrized" name="test_get_enhanced_components_text_parametrized[components3-S]" time="0.010" /><testcase classname="tests.core.config.test_environment_variables.TestEnvironmentVariables" name="test_image_config_advanced_environment_variables" time="0.003" /><testcase classname="tests.unit.models.test_spell_formatting_parametrized.TestSpellFormattingMethodsParametrized" name="test_get_enhanced_components_text_parametrized[components4-M (a diamond worth 1,000 gp)]" time="0.003" /><testcase classname="tests.core.config.test_environment_variables.TestEnvironmentVariables" name="test_type_conversion_boolean" time="0.026" /><testcase classname="tests.core.resolvers.test_content_resolver.TestContentResolver" name="test_resolve_adventure_case_insensitive" time="0.004" /><testcase classname="tests.unit.models.test_spell_formatting_parametrized.TestSpellFormattingMethodsParametrized" name="test_get_enhanced_components_text_parametrized[components5-V, M (a feather)]" time="0.010" /><testcase classname="tests.core.resolvers.test_content_resolver.TestContentResolver" name="test_resolve_book_exact_match" time="0.003" /><testcase classname="tests.unit.test_content_source_manager.TestContentSourceManager" name="test_ensure_all_sources_success" time="0.037" /><testcase classname="tests.core.resolvers.test_content_resolver.TestContentResolver" name="test_resolve_adventure_multiple_matches_picks_preferred" time="0.008" /><testcase classname="tests.core.config.test_latex_config.TestLaTeXDocumentConfig" name="test_get_class_options_list_fonts_and_no_outline" time="0.002" /><testcase classname="tests.core.resolvers.test_content_resolver.TestContentResolver" name="test_resolve_adventure_no_match_with_suggestions" time="0.003" /><testcase classname="tests.unit.test_content_source_manager.TestContentSourceManager" name="test_ensure_all_sources_with_exceptions" time="0.006" /><testcase classname="tests.unit.models.test_spell_formatting_parametrized.TestSpellFormattingMethodsParametrized" name="test_get_enhanced_duration_text_parametrized[duration_config0-Concentration, up to 1 minute]" time="0.001" /><testcase classname="tests.unit.models.test_spell_formatting_parametrized.TestSpellFormattingMethodsParametrized" name="test_get_enhanced_duration_text_parametrized[duration_config1-Instantaneous]" time="0.001" /><testcase classname="tests.unit.models.test_spell_formatting_parametrized.TestSpellFormattingMethodsParametrized" name="test_get_enhanced_duration_text_parametrized[duration_config2-8 hour]" time="0.001" /><testcase classname="tests.unit.models.test_spell_formatting_parametrized.TestSpellFormattingMethodsParametrized" name="test_get_enhanced_duration_text_parametrized[duration_config3-Permanent]" time="0.001" /><testcase classname="tests.core.resolvers.test_content_resolver.TestContentResolver" name="test_resolve_adventure_empty_abbreviation" time="0.002" /><testcase classname="tests.core.resolvers.test_content_resolver.TestContentResolver" name="test_resolve_adventure_whitespace_abbreviation" time="0.001" /><testcase classname="tests.core.resolvers.test_content_resolver.TestContentResolver" name="test_resolve_adventure_no_content_available" time="0.001" /><testcase classname="tests.core.config.test_environment_variables.TestEnvironmentVariables" name="test_type_conversion_integer" time="0.020" /><testcase classname="tests.unit.models.test_spell_formatting_parametrized.TestSpellFormattingMethodsParametrized" name="test_get_enhanced_duration_text_parametrized[duration_config4-Special]" time="0.002" /><testcase classname="tests.unit.test_content_source_manager.TestContentSourceManager" name="test_ensure_github_source_success" time="0.011" /><testcase classname="tests.unit.models.test_spell_formatting_parametrized.TestSpellFormattingMethodsParametrized" name="test_complete_spell_formatting_integration[Fireball-3-V-components0-damage_types0-None-area_tags0-attack_info0]" time="0.001" /><testcase classname="tests.unit.models.test_spell_formatting_parametrized.TestSpellFormattingMethodsParametrized" name="test_complete_spell_formatting_integration[Hold Person-2-E-components1-None-conditions1-None-attack_info1]" time="0.001" /><testcase classname="tests.core.resolvers.test_content_resolver.TestContentResolver" name="test_resolve_adventure_fuzzy_match" time="0.003" /><testcase classname="tests.core.resolvers.test_content_resolver.TestContentResolver" name="test_resolve_any_with_content_type" time="0.003" /><testcase classname="tests.core.resolvers.test_content_resolver.TestContentResolver" name="test_resolve_any_without_content_type" time="0.005" /><testcase classname="tests.unit.test_content_source_manager.TestContentSourceManager" name="test_ensure_github_source_failure" time="0.007" /><testcase classname="tests.unit.models.test_spell_formatting_parametrized.TestSpellFormattingMethodsParametrized" name="test_complete_spell_formatting_integration[Eldritch Blast-0-V-components2-damage_types2-None-None-attack_info2]" time="0.003" /><testcase classname="tests.core.config.test_environment_variables.TestEnvironmentVariables" name="test_type_conversion_path" time="0.039" /><testcase classname="tests.unit.test_content_source_manager.TestContentSourceManager" name="test_ensure_directory_source_success" time="0.013" /><testcase classname="tests.core.config.test_environment_variables.TestEnvironmentVariables" name="test_type_conversion_list" time="0.007" /><testcase classname="tests.core.resolvers.test_content_resolver.TestContentResolver" name="test_find_suggestions_basic" time="0.077" /><testcase classname="tests.unit.test_content_source_manager.TestContentSourceManager" name="test_ensure_directory_source_path_not_exists" time="0.085" /><testcase classname="tests.core.config.test_environment_variables.TestEnvironmentVariables" name="test_invalid_type_conversion_integer" time="0.003" /><testcase classname="tests.core.resolvers.test_content_resolver.TestContentResolver" name="test_find_suggestions_no_content" time="0.017" /><testcase classname="tests.core.config.test_environment_variables.TestEnvironmentVariables" name="test_invalid_enum_values" time="0.003" /><testcase classname="tests.core.config.test_environment_variables.TestEnvironmentVariables" name="test_constraint_validation" time="0.006" /><testcase classname="tests.core.resolvers.test_content_resolver.TestContentResolver" name="test_find_suggestions_limit" time="0.004" /><testcase classname="tests.core.resolvers.test_content_resolver.TestContentResolver" name="test_resolve_content_source_without_abbreviation" time="0.002" /><testcase classname="tests.core.config.test_environment_variables.TestEnvironmentVariables" name="test_range_constraint_validation" time="0.005" /><testcase classname="tests.core.resolvers.test_content_resolver.TestContentResolver" name="test_fuzzy_matching_multiple_results" time="0.007" /><testcase classname="tests.core.config.test_environment_variables.TestEnvironmentVariables" name="test_complex_nested_configuration" time="0.011" /><testcase classname="tests.core.resolvers.test_content_resolver.TestContentResolver" name="test_search_fallback_no_fuzzy_matches" time="0.002" /><testcase classname="tests.unit.test_content_source_manager.TestContentSourceManager" name="test_ensure_directory_source_path_none" time="0.011" /><testcase classname="tests.core.resolvers.test_content_resolver.TestContentResolver" name="test_various_input_formats[cos-True]" time="0.002" /><testcase classname="tests.core.resolvers.test_content_resolver.TestContentResolver" name="test_various_input_formats[COS-True]" time="0.004" /><testcase classname="tests.core.config.test_environment_variables.TestEnvironmentVariables" name="test_partial_configuration_override" time="0.002" /><testcase classname="tests.core.resolvers.test_content_resolver.TestContentResolver" name="test_various_input_formats[CoS-True]" time="0.004" /><testcase classname="tests.unit.test_content_source_manager.TestContentSourceManager" name="test_ensure_directory_source_not_directory" time="0.018" /><testcase classname="tests.core.config.test_environment_variables.TestEnvironmentVariables" name="test_empty_environment_variables" time="0.014" /><testcase classname="tests.core.resolvers.test_content_resolver.TestContentResolver" name="test_various_input_formats[  cos  -True]" time="0.002" /><testcase classname="tests.core.resolvers.test_content_resolver.TestContentResolver" name="test_various_input_formats[xyz-False]" time="0.002" /><testcase classname="tests.core.resolvers.test_content_resolver.TestContentResolver" name="test_various_input_formats[-False]" time="0.001" /><testcase classname="tests.unit.test_content_source_manager.TestContentSourceManager" name="test_build_content_index_already_built" time="0.008" /><testcase classname="tests.core.config.test_environment_variables.TestEnvironmentVariables" name="test_case_insensitive_environment_variables" time="0.002" /><testcase classname="tests.core.config.test_environment_variables.TestEnvironmentVariables" name="test_environment_variable_precedence_over_defaults" time="0.004" /><testcase classname="tests.core.config.test_environment_variables.TestEnvironmentVariables" name="test_json_parsing_in_environment_variables" time="0.002" /><testcase classname="tests.unit.test_content_source_manager.TestContentSourceManager" name="test_build_content_index_force_rebuild" time="0.007" /><testcase classname="tests.core.config.test_environment_variables.TestEnvironmentVariables" name="test_invalid_json_in_environment_variables" time="0.004" /><testcase classname="tests.unit.test_content_source_manager.TestContentSourceManager" name="test_build_content_index_with_exception" time="0.006" /><testcase classname="tests.core.config.test_environment_variables.TestEnvironmentVariables" name="test_complete_configuration_via_environment" time="0.006" /><testcase classname="tests.unit.test_content_source_manager.TestContentSourceManager" name="test_get_source_files_github" time="0.004" /><testcase classname="tests.core.text.test_tag_resolver_pydantic.TestTagResolver" name="test_tag_resolver_creation_with_omnidexer" time="0.101" /><testcase classname="tests.latex_engine.core.images.test_enhanced_image_placer.TestEnhancedImagePlacer" name="test_initialization_with_intelligent_features" time="0.246" /><testcase classname="tests.unit.test_content_source_manager.TestContentSourceManager" name="test_get_source_files_directory" time="0.007" /><testcase classname="tests.latex_engine.core.images.test_enhanced_image_placer.TestEnhancedImagePlacer" name="test_initialization_without_intelligent_features" time="0.004" /><testcase classname="tests.latex_engine.core.images.test_enhanced_image_placer.TestEnhancedImagePlacer" name="test_initialization_fallback_on_error" time="0.006" /><testcase classname="tests.unit.test_content_source_manager.TestContentSourceManager" name="test_get_source_files_directory_not_exists" time="0.008" /><testcase classname="tests.latex_engine.core.images.test_enhanced_image_placer.TestEnhancedImagePlacer" name="test_place_image_enhanced_basic" time="0.052" /><testcase classname="tests.unit.test_content_source_manager.TestContentSourceManager" name="test_get_source_files_directory_none_path" time="0.010" /><testcase classname="tests.unit.test_content_source_manager.TestContentSourceManager" name="test_get_source_files_unsupported_type" time="0.006" /><testcase classname="tests.unit.test_content_source_manager.TestContentSourceManager" name="test_get_all_content_files_not_built" time="0.007" /><testcase classname="tests.unit.test_content_source_manager.TestContentSourceManager" name="test_get_all_content_files_success" time="0.016" /><testcase classname="tests.latex_engine.core.images.test_enhanced_image_placer.TestEnhancedImagePlacer" name="test_place_image_enhanced_with_contexts" time="0.015" /><testcase classname="tests.unit.test_content_source_manager.TestContentSourceManager" name="test_get_source_files_not_built" time="0.006" /><testcase classname="tests.unit.test_content_source_manager.TestContentSourceManager" name="test_get_source_files_success" time="0.004" /><testcase classname="tests.unit.test_content_source_manager.TestContentSourceManager" name="test_get_source_files_not_found" time="0.002" /><testcase classname="tests.unit.test_content_source_manager.TestContentSourceManager" name="test_get_files_by_pattern_not_built" time="0.003" /><testcase classname="tests.latex_engine.core.images.test_enhanced_image_placer.TestEnhancedImagePlacer" name="test_place_image_enhanced_fallback_on_error" time="0.013" /><testcase classname="tests.unit.test_content_source_manager.TestContentSourceManager" name="test_get_files_by_pattern_success" time="0.003" /><testcase classname="tests.core.text.test_tag_resolver_pydantic.TestTagResolver" name="test_tag_resolver_creation_without_omnidexer" time="0.026" /><testcase classname="tests.unit.test_content_source_manager.TestContentSourceManager" name="test_get_files_by_pattern_no_matches" time="0.006" /><testcase classname="tests.latex_engine.core.images.test_enhanced_image_placer.TestEnhancedImagePlacer" name="test_place_image_enhanced_disabled_features" time="0.008" /><testcase classname="tests.unit.test_content_source_manager.TestContentSourceManager" name="test_get_source_info_not_found" time="0.003" /><testcase classname="tests.unit.test_content_source_manager.TestContentSourceManager" name="test_get_source_info_github" time="0.002" /><testcase classname="tests.latex_engine.core.images.test_enhanced_image_placer.TestEnhancedImagePlacer" name="test_place_image_backward_compatibility" time="0.012" /><testcase classname="tests.core.text.test_tag_resolver_pydantic.TestTagResolver" name="test_tag_resolver_custom_init_creates_renderer" time="0.025" /><testcase classname="tests.unit.test_content_source_manager.TestContentSourceManager" name="test_get_source_info_directory" time="0.015" /><testcase classname="tests.latex_engine.core.images.test_enhanced_image_placer.TestEnhancedImagePlacer" name="test_place_image_fallback_to_base" time="0.010" /><testcase classname="tests.latex_engine.core.images.test_enhanced_image_placer.TestEnhancedImagePlacer" name="test_place_image_disabled_intelligent_features" time="0.014" /><testcase classname="tests.unit.test_content_source_manager.TestContentSourceManager" name="test_get_source_info_github_no_git_info" time="0.009" /><testcase classname="tests.unit.test_content_source_manager.TestContentSourceManager" name="test_update_source_not_found" time="0.008" /><testcase classname="tests.core.text.test_tag_resolver_pydantic.TestTagResolver" name="test_tag_resolver_process_text_success" time="0.034" /><testcase classname="tests.unit.test_content_source_manager.TestContentSourceManager" name="test_update_source_github_success" time="0.006" /><testcase classname="tests.latex_engine.core.images.test_enhanced_image_placer.TestEnhancedImagePlacer" name="test_create_image_metadata" time="0.012" /><testcase classname="tests.unit.test_content_source_manager.TestContentSourceManager" name="test_update_source_directory_success" time="0.010" /><testcase classname="tests.latex_engine.core.images.test_enhanced_image_placer.TestEnhancedImagePlacer" name="test_create_content_context" time="0.005" /><testcase classname="tests.unit.test_content_source_manager.TestContentSourceManager" name="test_update_source_failure" time="0.006" /><testcase classname="tests.latex_engine.core.images.test_enhanced_image_placer.TestEnhancedImagePlacer" name="test_create_content_context_type_mapping" time="0.005" /><testcase classname="tests.core.text.test_tag_resolver_pydantic.TestTagResolver" name="test_tag_resolver_process_text_empty_input" time="0.028" /><testcase classname="tests.latex_engine.core.images.test_enhanced_image_placer.TestEnhancedImagePlacer" name="test_create_document_context" time="0.002" /><testcase classname="tests.unit.test_content_source_manager.TestContentSourceManager" name="test_remove_source_data_not_found" time="0.004" /><testcase classname="tests.latex_engine.core.images.test_enhanced_image_placer.TestEnhancedImagePlacer" name="test_create_document_context_defaults" time="0.002" /><testcase classname="tests.latex_engine.core.images.test_enhanced_image_placer.TestEnhancedImagePlacer" name="test_create_page_context" time="0.002" /><testcase classname="tests.unit.test_content_source_manager.TestContentSourceManager" name="test_remove_source_data_github_success" time="0.009" /><testcase classname="tests.latex_engine.core.images.test_enhanced_image_placer.TestEnhancedImagePlacer" name="test_create_user_preferences" time="0.004" /><testcase classname="tests.latex_engine.core.images.test_enhanced_image_placer.TestEnhancedImagePlacer" name="test_select_placement_strategy_specialized" time="0.003" /><testcase classname="tests.unit.test_content_source_manager.TestContentSourceManager" name="test_remove_source_data_directory_success" time="0.006" /><testcase classname="tests.renderers.latex.test_reference_resolver.TestReferenceResolver" name="test_init" time="0.687" /><testcase classname="tests.latex_engine.core.images.test_enhanced_image_placer.TestEnhancedImagePlacer" name="test_select_placement_strategy_fallback" time="0.003" /><testcase classname="tests.latex_engine.core.images.test_enhanced_image_placer.TestEnhancedImagePlacer" name="test_get_placement_statistics" time="0.002" /><testcase classname="tests.unit.test_content_source_manager.TestContentSourceManager" name="test_remove_source_data_exception" time="0.007" /><testcase classname="tests.core.text.test_tag_resolver_pydantic.TestTagResolver" name="test_tag_resolver_process_text_parse_error" time="0.047" /><testcase classname="tests.latex_engine.core.images.test_enhanced_image_placer.TestEnhancedImagePlacer" name="test_clear_placement_cache" time="0.003" /><testcase classname="tests.latex_engine.core.images.test_enhanced_image_placer.TestEnhancedImagePlacer" name="test_base_config_compatibility" time="0.003" /><testcase classname="tests.unit.test_content_source_manager.TestContentSourceManager" name="test_get_statistics_not_built" time="0.005" /><testcase classname="tests.latex_engine.core.images.test_enhanced_image_placer.TestEnhancedImagePlacer" name="test_layout_impact_analysis" time="0.009" /><testcase classname="tests.unit.test_content_source_manager.TestContentSourceManager" name="test_get_statistics_success" time="0.009" /><testcase classname="tests.latex_engine.core.images.test_enhanced_image_placer.TestEnhancedImagePlacer" name="test_output_optimization_integration" time="0.034" /><testcase classname="tests.unit.test_content_source_manager.TestContentSourceManager" name="test_get_statistics_empty_sources" time="0.002" /><testcase classname="tests.core.text.test_tag_resolver_pydantic.TestTagResolver" name="test_tag_resolver_process_text_unexpected_error" time="0.032" /><testcase classname="tests.renderers.latex.test_entry_processor_core.TestRecursiveEntryProcessor" name="test_init_default" time="0.742" /><testcase classname="tests.core.sources.test_github.TestGitHubSourceManager" name="test_init" time="0.746" /><testcase classname="tests.latex_engine.core.images.test_layout_analyzer.TestLayoutAnalyzer" name="test_initialization" time="0.050" /><testcase classname="tests.latex_engine.core.images.test_layout_analyzer.TestLayoutAnalyzer" name="test_initialization_with_custom_constraints" time="0.005" /><testcase classname="tests.core.text.test_tag_resolver_pydantic.TestTagResolver" name="test_tag_resolver_register_handler" time="0.035" /><testcase classname="tests.latex_engine.core.images.test_layout_analyzer.TestLayoutAnalyzer" name="test_analyze_page_space" time="0.008" /><testcase classname="tests.latex_engine.core.images.test_layout_analyzer.TestLayoutAnalyzer" name="test_analyze_page_space_nearly_full" time="0.006" /><testcase classname="tests.latex_engine.core.images.test_layout_analyzer.TestLayoutAnalyzer" name="test_analyze_page_space_mostly_empty" time="0.001" /><testcase classname="tests.latex_engine.core.images.test_layout_analyzer.TestLayoutAnalyzer" name="test_predict_page_breaks" time="0.004" /><testcase classname="tests.latex_engine.core.images.test_layout_analyzer.TestLayoutAnalyzer" name="test_predict_page_breaks_with_images" time="0.001" /><testcase classname="tests.core.text.test_tag_resolver_pydantic.TestTagResolver" name="test_tag_resolver_basic_functionality" time="0.033" /><testcase classname="tests.latex_engine.core.images.test_layout_analyzer.TestLayoutAnalyzer" name="test_optimize_image_sequence_empty" time="0.001" /><testcase classname="tests.latex_engine.core.images.test_layout_analyzer.TestLayoutAnalyzer" name="test_optimize_image_sequence_single_image" time="0.007" /><testcase classname="tests.latex_engine.core.images.test_layout_analyzer.TestLayoutAnalyzer" name="test_optimize_image_sequence_multiple_images" time="0.003" /><testcase classname="tests.latex_engine.core.images.test_layout_analyzer.TestLayoutAnalyzer" name="test_optimize_image_sequence_with_clustering" time="0.003" /><testcase classname="tests.latex_engine.core.images.test_layout_analyzer.TestLayoutAnalyzer" name="test_assess_layout_quality_no_images" time="0.002" /><testcase classname="tests.latex_engine.core.images.test_layout_analyzer.TestLayoutAnalyzer" name="test_assess_layout_quality_with_images" time="0.008" /><testcase classname="tests.core.text.test_tag_resolver_pydantic.TestTagResolver" name="test_tag_resolver_get_supported_tag_types" time="0.027" /><testcase classname="tests.latex_engine.core.images.test_layout_analyzer.TestLayoutAnalyzer" name="test_assess_layout_quality_overcrowded" time="0.004" /><testcase classname="tests.latex_engine.core.images.test_layout_analyzer.TestLayoutAnalyzer" name="test_space_fragment_analysis" time="0.002" /><testcase classname="tests.latex_engine.core.images.test_layout_analyzer.TestLayoutAnalyzer" name="test_image_size_recommendations" time="0.001" /><testcase classname="tests.latex_engine.core.images.test_layout_analyzer.TestLayoutAnalyzer" name="test_break_quality_adjustment" time="0.003" /><testcase classname="tests.renderers.latex.test_reference_resolver.TestReferenceResolver" name="test_resolve_content_reference_basic" time="0.180" /><testcase classname="tests.latex_engine.core.images.test_layout_analyzer.TestLayoutAnalyzer" name="test_break_deduplication" time="0.002" /><testcase classname="tests.latex_engine.core.images.test_layout_analyzer.TestLayoutAnalyzer" name="test_image_coherence_calculation" time="0.003" /><testcase classname="tests.core.text.test_tag_resolver_pydantic.TestTagResolver" name="test_tag_resolver_has_handler" time="0.027" /><testcase classname="tests.latex_engine.core.images.test_layout_analyzer.TestLayoutAnalyzer" name="test_single_image_coherence" time="0.003" /><testcase classname="tests.latex_engine.core.images.test_layout_analyzer.TestLayoutAnalyzer" name="test_empty_image_coherence" time="0.001" /><testcase classname="tests.renderers.latex.test_entry_processor_core.TestRecursiveEntryProcessor" name="test_init_without_dnd_template" time="0.152" /><testcase classname="tests.renderers.latex.images.test_image_placer.TestImagePlacer" name="test_determine_placement_explicit" time="0.640" /><testcase classname="tests.core.text.test_tag_resolver_pydantic.TestTagResolver" name="test_tag_resolver_arbitrary_types_allowed" time="0.052" /><testcase classname="tests.core.sources.test_github.TestGitHubSourceManager" name="test_get_repo_path_valid_source" time="0.165" /><testcase classname="tests.core.text.test_tag_resolver_pydantic.TestTagResolver" name="test_tag_resolver_custom_handlers_validation" time="0.042" /><testcase classname="tests.core.text.test_tag_resolver_pydantic.TestTagResolver" name="test_tag_resolver_field_default_values" time="0.029" /><testcase classname="tests.renderers.latex.test_reference_resolver.TestReferenceResolver" name="test_resolve_content_reference_no_cross_ref_manager" time="0.137" /><testcase classname="tests.core.text.test_tag_resolver_pydantic.TestTagResolver" name="test_tag_resolver_complex_text_processing_scenario" time="0.035" /><testcase classname="tests.renderers.latex.test_entry_processor_new_types.TestNewEntryTypes" name="test_process_entry_dict_actions" time="0.711" /><testcase classname="tests.renderers.latex.images.test_image_placer.TestImagePlacer" name="test_determine_placement_creature_context" time="0.151" /><testcase classname="tests.renderers.latex.test_entry_processor_core.TestRecursiveEntryProcessor" name="test_process_entries_empty_list" time="0.158" /><testcase classname="tests.core.text.test_tag_resolver_pydantic.TestTagResolver" name="test_tag_resolver_unicode_handling" time="0.031" /><testcase classname="tests.core.sources.test_github.TestGitHubSourceManager" name="test_get_repo_path_invalid_source" time="0.144" /><testcase classname="tests.core.text.test_tag_resolver_pydantic.TestTagResolver" name="test_tag_resolver_very_long_text" time="0.032" /><testcase classname="tests.core.text.test_tag_resolver_pydantic.TestTagResolver" name="test_tag_resolver_multiple_instances_independence" time="0.060" /><testcase classname="tests.renderers.latex.test_reference_resolver.TestReferenceResolver" name="test_resolve_content_reference_with_hyperlink" time="0.149" /><testcase classname="tests.core.text.test_tag_resolver_pydantic.TestTagResolver" name="test_tag_resolver_integration_with_real_parser" time="0.060" /><testcase classname="tests.renderers.latex.test_entry_processor_core.TestRecursiveEntryProcessor" name="test_process_entries_string_only" time="0.155" /><testcase classname="tests.renderers.latex.images.test_image_placer.TestImagePlacer" name="test_determine_placement_item_context" time="0.164" /><testcase classname="tests.core.text.test_tag_resolver_pydantic.TestTagResolver" name="test_tag_resolver_error_logging" time="0.032" /><testcase classname="tests.core.sources.test_github.TestGitHubSourceManager" name="test_ensure_repository_clone_new" time="0.188" /><testcase classname="tests.core.text.test_tag_resolver_pydantic.TestTagResolver" name="test_tag_resolver_renderer_creation_integration" time="0.026" /><testcase classname="tests.core.text.test_tag_parser.TestTagParser" name="test_parser_initialization" time="0.566" /><testcase classname="tests.core.text.test_tag_resolver_pydantic.TestTagResolver" name="test_tag_resolver_config_arbitrary_types" time="0.028" /><testcase classname="tests.renderers.latex.test_entry_processor_new_types.TestNewEntryTypes" name="test_process_entry_dict_actions_no_name" time="0.172" /><testcase classname="tests.renderers.latex.test_reference_resolver.TestReferenceResolver" name="test_resolve_content_reference_without_hyperlink" time="0.167" /><testcase classname="tests.core.loaders.test_index_entry.TestIndexEntry" name="test_index_entry_direct_creation" time="0.003" /><testcase classname="tests.core.loaders.test_index_entry.TestIndexEntry" name="test_index_entry_hash_id_validation" time="0.002" /><testcase classname="tests.core.loaders.test_index_entry.TestIndexEntry" name="test_index_entry_lookup_key_validation" time="0.001" /><testcase classname="tests.core.loaders.test_index_entry.TestIndexEntry" name="test_index_entry_create_classmethod_spell" time="0.001" /><testcase classname="tests.renderers.latex.test_entry_processor_core.TestRecursiveEntryProcessor" name="test_process_entries_mixed_types" time="0.254" /><testcase classname="tests.core.loaders.test_index_entry.TestIndexEntry" name="test_index_entry_create_classmethod_creature" time="0.002" /><testcase classname="tests.core.loaders.test_index_entry.TestIndexEntry" name="test_index_entry_create_with_dict_source" time="0.001" /><testcase classname="tests.renderers.latex.images.test_image_placer.TestImagePlacer" name="test_determine_placement_chapter_art_context" time="0.149" /><testcase classname="tests.core.loaders.test_index_entry.TestIndexEntry" name="test_index_entry_create_with_string_source" time="0.001" /><testcase classname="tests.core.loaders.test_index_entry.TestIndexEntry" name="test_index_entry_create_with_object_source_no_abbreviation" time="0.001" /><testcase classname="tests.core.loaders.test_index_entry.TestIndexEntry" name="test_index_entry_hash_consistency" time="0.002" /><testcase classname="tests.core.loaders.test_index_entry.TestIndexEntry" name="test_index_entry_lookup_key_generation" time="0.002" /><testcase classname="tests.core.loaders.test_index_entry.TestIndexEntry" name="test_index_entry_arbitrary_types_allowed" time="0.002" /><testcase classname="tests.core.loaders.test_index_entry.TestIndexEntry" name="test_index_entry_content_type_validation" time="0.003" /><testcase classname="tests.core.loaders.test_index_entry.TestIndexEntry" name="test_index_entry_unicode_handling" time="0.001" /><testcase classname="tests.core.loaders.test_index_entry.TestIndexEntry" name="test_index_entry_very_long_names" time="0.001" /><testcase classname="tests.core.loaders.test_index_entry.TestIndexEntry" name="test_index_entry_empty_source_abbreviation" time="0.002" /><testcase classname="tests.core.loaders.test_index_entry.TestIndexEntry" name="test_index_entry_special_characters_in_names" time="0.002" /><testcase classname="tests.core.loaders.test_index_entry.TestIndexEntry" name="test_index_entry_none_handling" time="0.005" /><testcase classname="tests.core.loaders.test_index_entry.TestIndexEntry" name="test_index_entry_model_validation_edge_cases" time="0.001" /><testcase classname="tests.core.loaders.test_index_entry.TestIndexEntry" name="test_index_entry_immutability" time="0.002" /><testcase classname="tests.core.loaders.test_index_entry.TestIndexEntry" name="test_index_entry_create_deterministic_hashing" time="0.004" /><testcase classname="tests.core.sources.test_github.TestGitHubSourceManager" name="test_ensure_repository_update_existing" time="0.150" /><testcase classname="tests.core.resolvers.test_content_resolution_result.TestContentResolutionResult" name="test_content_resolution_result_creation_minimal" time="0.001" /><testcase classname="tests.core.resolvers.test_content_resolution_result.TestContentResolutionResult" name="test_content_resolution_result_creation_full" time="0.001" /><testcase classname="tests.core.resolvers.test_content_resolution_result.TestContentResolutionResult" name="test_content_resolution_result_status_validation" time="0.001" /><testcase classname="tests.core.resolvers.test_content_resolution_result.TestContentResolutionResult" name="test_content_resolution_result_query_validation" time="0.005" /><testcase classname="tests.core.resolvers.test_content_resolution_result.TestContentResolutionResult" name="test_content_resolution_result_suggestions_validation" time="0.003" /><testcase classname="tests.core.assets.test_image_manager.TestImageManager" name="test_init_default_sources" time="0.555" /><testcase classname="tests.core.resolvers.test_content_resolution_result.TestContentResolutionResult" name="test_content_resolution_result_is_success_property" time="0.001" /><testcase classname="tests.core.resolvers.test_content_resolution_result.TestContentResolutionResult" name="test_content_resolution_result_needs_user_selection_property" time="0.000" /><testcase classname="tests.core.resolvers.test_content_resolution_result.TestContentResolutionResult" name="test_content_resolution_result_has_suggestions_property" time="0.002" /><testcase classname="tests.core.resolvers.test_content_resolution_result.TestContentResolutionResult" name="test_content_resolution_result_arbitrary_types_allowed" time="0.002" /><testcase classname="tests.core.resolvers.test_content_resolution_result.TestContentResolutionResult" name="test_content_resolution_result_typical_success_scenario" time="0.001" /><testcase classname="tests.core.resolvers.test_content_resolution_result.TestContentResolutionResult" name="test_content_resolution_result_typical_multiple_matches_scenario" time="0.001" /><testcase classname="tests.core.resolvers.test_content_resolution_result.TestContentResolutionResult" name="test_content_resolution_result_typical_no_match_with_suggestions_scenario" time="0.001" /><testcase classname="tests.core.resolvers.test_content_resolution_result.TestContentResolutionResult" name="test_content_resolution_result_fuzzy_match_scenario" time="0.001" /><testcase classname="tests.core.resolvers.test_content_resolution_result.TestContentResolutionResult" name="test_content_resolution_result_edge_cases" time="0.001" /><testcase classname="tests.core.resolvers.test_content_resolution_result.TestContentResolutionResult" name="test_content_resolution_result_suggestions_order_preservation" time="0.000" /><testcase classname="tests.core.resolvers.test_content_resolution_result.TestContentResolutionResult" name="test_content_resolution_result_mixed_content_types" time="0.002" /><testcase classname="tests.core.resolvers.test_content_resolution_result.TestContentResolutionResult" name="test_content_resolution_result_status_consistency_validation" time="0.001" /><testcase classname="tests.core.resolvers.test_content_resolution_result.TestContentResolutionResult" name="test_content_resolution_result_default_factory_behavior" time="0.001" /><testcase classname="tests.core.resolvers.test_content_resolution_result.TestContentResolutionResult" name="test_content_resolution_result_complex_suggestions_scenarios" time="0.000" /><testcase classname="tests.core.resolvers.test_content_resolution_result.TestContentResolutionResult" name="test_content_resolution_result_serialization_compatibility" time="0.002" /><testcase classname="tests.renderers.latex.test_reference_resolver.TestReferenceResolver" name="test_resolve_content_reference_with_display_text" time="0.201" /><testcase classname="tests.renderers.latex.test_entry_processor_new_types.TestNewEntryTypes" name="test_process_entry_dict_attack" time="0.229" /><testcase classname="tests.core.text.test_tag_parser.TestTagParser" name="test_parser_initialization_missing_grammar" time="0.263" /><testcase classname="tests.renderers.latex.images.test_image_placer.TestImagePlacer" name="test_determine_placement_default" time="0.222" /><testcase classname="tests.core.sources.test_github.TestGitHubSourceManager" name="test_ensure_repository_no_update_when_disabled" time="0.253" /><testcase classname="tests.core.assets.test_image_manager.TestImageManager" name="test_init_cache_dir_setup" time="0.260" /><testcase classname="tests.renderers.latex.test_entry_processor_core.TestRecursiveEntryProcessor" name="test_process_entry_dict_section" time="0.267" /><testcase classname="tests.renderers.latex.test_reference_resolver.TestReferenceResolver" name="test_resolve_content_reference_force_hyperlink" time="0.250" /><testcase classname="tests.renderers.latex.test_entry_processor_new_types.TestNewEntryTypes" name="test_process_entry_dict_attack_no_name" time="0.248" /><testcase classname="tests.renderers.latex.images.test_image_placer.TestImagePlacer" name="test_determine_size_spec_explicit" time="0.223" /><testcase classname="tests.core.sources.test_github.TestGitHubSourceManager" name="test_ensure_repository_invalid_source_type" time="0.144" /><testcase classname="tests.core.text.test_tag_parser.TestTagParser" name="test_parse_empty_text" time="0.239" /><testcase classname="tests.core.assets.test_image_manager.TestImageManager" name="test_resolve_image_local_path" time="0.180" /><testcase classname="tests.renderers.latex.test_entry_processor_core.TestRecursiveEntryProcessor" name="test_process_entry_dict_entries_block" time="0.164" /><testcase classname="tests.renderers.latex.test_reference_resolver.TestReferenceResolver" name="test_apply_basic_formatting_all_types" time="0.164" /><testcase classname="tests.renderers.latex.images.test_image_placer.TestImagePlacer" name="test_determine_size_spec_creature_wrap" time="0.160" /><testcase classname="tests.renderers.latex.test_entry_processor_new_types.TestNewEntryTypes" name="test_process_entry_dict_options" time="0.177" /><testcase classname="tests.core.sources.test_github.TestGitHubSourceManager" name="test_clone_repository_success" time="0.201" /><testcase classname="tests.core.text.test_tag_parser.TestTagParser" name="test_parse_none_text" time="0.191" /><testcase classname="tests.core.assets.test_image_manager.TestImageManager" name="test_resolve_image_url_cached" time="0.171" /><testcase classname="tests.renderers.latex.test_entry_processor_core.TestRecursiveEntryProcessor" name="test_process_entry_dict_inset_readaloud" time="0.147" /><testcase classname="tests.renderers.latex.test_error_parser.TestLaTeXErrorParser" name="test_parser_initialization" time="0.612" /><testcase classname="tests.renderers.latex.test_reference_resolver.TestReferenceResolver" name="test_should_include_page_ref_appendix_mode" time="0.143" /><testcase classname="tests.renderers.latex.test_entry_processor_new_types.TestNewEntryTypes" name="test_process_entry_dict_options_empty" time="0.145" /><testcase classname="tests.renderers.latex.images.test_image_placer.TestImagePlacer" name="test_determine_size_spec_creature_float" time="0.172" /><testcase classname="tests.core.sources.test_github.TestGitHubSourceManager" name="test_clone_repository_with_branch" time="0.157" /><testcase classname="tests.core.text.test_tag_parser.TestTagParser" name="test_parse_plain_text" time="0.184" /><testcase classname="tests.core.assets.test_image_manager.TestImageManager" name="test_resolve_image_url_download" time="0.162" /><testcase classname="tests.renderers.latex.test_error_parser.TestLaTeXErrorParser" name="test_parse_missing_file_error" time="0.149" /><testcase classname="tests.renderers.latex.test_reference_resolver.TestReferenceResolver" name="test_should_include_page_ref_major_types" time="0.154" /><testcase classname="tests.renderers.latex.test_entry_processor_core.TestRecursiveEntryProcessor" name="test_process_entry_dict_inset_with_name" time="0.200" /><testcase classname="tests.renderers.latex.test_entry_processor_new_types.TestNewEntryTypes" name="test_process_entry_dict_variant" time="0.146" /><testcase classname="tests.renderers.latex.images.test_image_placer.TestImagePlacer" name="test_size_hint_to_spec_regular" time="0.160" /><testcase classname="tests.core.sources.test_github.TestGitHubSourceManager" name="test_clone_repository_no_url" time="0.156" /><testcase classname="tests.core.text.test_tag_parser.TestTagParser" name="test_parse_simple_creature_tag" time="0.184" /><testcase classname="tests.core.assets.test_image_manager.TestImageManager" name="test_resolve_local_path_assets_dir" time="0.174" /><testcase classname="tests.renderers.latex.test_error_parser.TestLaTeXErrorParser" name="test_parse_package_error" time="0.155" /><testcase classname="tests.renderers.latex.test_reference_resolver.TestReferenceResolver" name="test_track_reference_relationship" time="0.151" /><testcase classname="tests.renderers.latex.test_entry_processor_core.TestRecursiveEntryProcessor" name="test_process_entry_dict_inset_without_name" time="0.171" /><testcase classname="tests.renderers.latex.test_entry_processor_new_types.TestNewEntryTypes" name="test_process_entry_dict_variant_no_name" time="0.165" /><testcase classname="tests.renderers.latex.images.test_image_placer.TestImagePlacer" name="test_size_hint_to_spec_wrapped" time="0.148" /><testcase classname="tests.core.sources.test_github.TestGitHubSourceManager" name="test_clone_repository_git_failure" time="0.180" /><testcase classname="tests.renderers.latex.test_error_parser.TestLaTeXErrorParser" name="test_parse_undefined_control_sequence" time="0.152" /><testcase classname="tests.core.assets.test_image_manager.TestImageManager" name="test_resolve_local_path_images_dir" time="0.162" /><testcase classname="tests.renderers.latex.test_reference_resolver.TestReferenceResolver" name="test_track_reference_relationship_no_duplicates" time="0.181" /><testcase classname="tests.renderers.latex.test_entry_processor_core.TestRecursiveEntryProcessor" name="test_process_entry_dict_image_with_title" time="0.170" /><testcase classname="tests.core.text.test_tag_parser.TestTagParser" name="test_parse_creature_tag_with_display_text" time="0.215" /><testcase classname="tests.renderers.latex.test_entry_processor_new_types.TestNewEntryTypes" name="test_process_entry_dict_variant_sub" time="0.155" /><testcase classname="tests.renderers.latex.images.test_image_placer.TestImagePlacer" name="test_generate_inline_command" time="0.153" /><testcase classname="tests.core.sources.test_github.TestGitHubSourceManager" name="test_clone_repository_exception_cleanup" time="0.156" /><testcase classname="tests.renderers.latex.test_error_parser.TestLaTeXErrorParser" name="test_parse_font_error" time="0.143" /><testcase classname="tests.core.assets.test_image_manager.TestImageManager" name="test_resolve_local_path_not_found" time="0.171" /><testcase classname="tests.renderers.latex.test_reference_resolver.TestReferenceResolver" name="test_create_definition_label" time="0.163" /><testcase classname="tests.renderers.latex.test_entry_processor_new_types.TestNewEntryTypes" name="test_process_entry_dict_variant_sub_no_name" time="0.149" /><testcase classname="tests.renderers.latex.test_entry_processor_core.TestRecursiveEntryProcessor" name="test_process_entry_dict_image_without_title" time="0.171" /><testcase classname="tests.renderers.latex.images.test_image_placer.TestImagePlacer" name="test_generate_wrap_command_right" time="0.156" /><testcase classname="tests.core.text.test_tag_parser.TestTagParser" name="test_parse_creature_tag_with_page" time="0.185" /><testcase classname="tests.renderers.latex.test_error_parser.TestLaTeXErrorParser" name="test_parse_fontspec_error" time="0.146" /><testcase classname="tests.core.sources.test_github.TestGitHubSourceManager" name="test_update_repository_success" time="0.171" /><testcase classname="tests.renderers.latex.test_reference_resolver.TestReferenceResolver" name="test_create_definition_label_no_cross_ref_manager" time="0.147" /><testcase classname="tests.renderers.latex.test_entry_processor_core.TestRecursiveEntryProcessor" name="test_process_entry_dict_image_no_href" time="0.149" /><testcase classname="tests.renderers.latex.test_entry_processor_new_types.TestNewEntryTypes" name="test_process_entry_dict_ability_dc" time="0.167" /><testcase classname="tests.renderers.latex.images.test_image_placer.TestImagePlacer" name="test_generate_wrap_command_left" time="0.155" /><testcase classname="tests.core.assets.test_image_manager.TestImageManager" name="test_download_and_cache_success" time="0.204" /><testcase classname="tests.core.text.test_tag_parser.TestTagParser" name="test_parse_mixed_content" time="0.190" /><testcase classname="tests.renderers.latex.test_error_parser.TestLaTeXErrorParser" name="test_parse_dnd_package_error" time="0.154" /><testcase classname="tests.core.sources.test_github.TestGitHubSourceManager" name="test_update_repository_not_git_repo" time="0.181" /><testcase classname="tests.renderers.latex.test_reference_resolver.TestReferenceResolver" name="test_resolve_adventure_reference_full" time="0.150" /><testcase classname="tests.renderers.latex.images.test_image_placer.TestImagePlacer" name="test_generate_margin_command" time="0.153" /><testcase classname="tests.core.assets.test_image_manager.TestImageManager" name="test_download_and_cache_failure" time="0.146" /><testcase classname="tests.renderers.latex.test_entry_processor_new_types.TestNewEntryTypes" name="test_process_entry_dict_ability_dc_no_name" time="0.173" /><testcase classname="tests.renderers.latex.test_entry_processor_core.TestRecursiveEntryProcessor" name="test_process_entry_dict_image_no_href_no_title" time="0.194" /><testcase classname="tests.renderers.latex.test_error_parser.TestLaTeXErrorParser" name="test_parse_warning" time="0.182" /><testcase classname="tests.renderers.latex.test_reference_resolver.TestReferenceResolver" name="test_resolve_adventure_reference_chapter_only" time="0.161" /><testcase classname="tests.core.sources.test_github.TestGitHubSourceManager" name="test_update_repository_git_failure" time="0.169" /><testcase classname="tests.renderers.latex.images.test_image_placer.TestImagePlacer" name="test_generate_margin_command_no_title" time="0.160" /><testcase classname="tests.core.assets.test_image_manager.TestImageManager" name="test_construct_source_url_5etools" time="0.189" /><testcase classname="tests.renderers.latex.test_entry_processor_new_types.TestNewEntryTypes" name="test_process_entry_dict_ability_attack_mod" time="0.190" /><testcase classname="tests.renderers.latex.test_entry_processor_core.TestRecursiveEntryProcessor" name="test_process_entry_dict_image_disabled" time="0.173" /><testcase classname="tests.core.text.test_tag_parser.TestTagParser" name="test_parse_escaped_characters" time="0.317" /><testcase classname="tests.renderers.latex.test_error_parser.TestLaTeXErrorParser" name="test_parse_multiple_errors" time="0.142" /><testcase classname="tests.renderers.latex.test_reference_resolver.TestReferenceResolver" name="test_resolve_adventure_reference_page_only" time="0.142" /><testcase classname="tests.core.sources.test_github.TestGitHubSourceManager" name="test_update_repository_exception" time="0.173" /><testcase classname="tests.renderers.latex.images.test_image_placer.TestImagePlacer" name="test_generate_full_width_command" time="0.170" /><testcase classname="tests.core.assets.test_image_manager.TestImageManager" name="test_construct_source_url_other_domain" time="0.151" /><testcase classname="tests.renderers.latex.test_entry_processor_core.TestRecursiveEntryProcessor" name="test_process_entry_dict_list_unordered" time="0.164" /><testcase classname="tests.renderers.latex.test_entry_processor_new_types.TestNewEntryTypes" name="test_process_entry_dict_ability_generic" time="0.173" /><testcase classname="tests.renderers.latex.test_error_parser.TestLaTeXErrorParser" name="test_parse_empty_log" time="0.144" /><testcase classname="tests.renderers.latex.test_reference_resolver.TestReferenceResolver" name="test_resolve_adventure_reference_name_only" time="0.154" /><testcase classname="tests.core.text.test_tag_parser.TestTagParser" name="test_parse_various_tag_types" time="0.217" /><testcase classname="tests.core.sources.test_github.TestGitHubSourceManager" name="test_is_git_available_true" time="0.168" /><testcase classname="tests.renderers.latex.test_error_parser.TestLaTeXErrorParser" name="test_parse_no_errors" time="0.104" /><testcase classname="tests.renderers.latex.images.test_image_placer.TestImagePlacer" name="test_generate_float_command" time="0.190" /><testcase classname="tests.core.assets.test_image_manager.TestImageManager" name="test_download_from_url_success" time="0.208" /><testcase classname="tests.renderers.latex.test_entry_processor_core.TestRecursiveEntryProcessor" name="test_process_entry_dict_list_ordered" time="0.204" /><testcase classname="tests.renderers.latex.test_entry_processor_new_types.TestNewEntryTypes" name="test_process_entry_dict_spellcasting" time="0.205" /><testcase classname="tests.renderers.latex.test_reference_resolver.TestReferenceResolver" name="test_resolve_adventure_reference_default_context" time="0.169" /><testcase classname="tests.core.text.test_tag_parser.TestTagParser" name="test_parse_malformed_tags_error_recovery" time="0.256" /><testcase classname="tests.core.sources.test_github.TestGitHubSourceManager" name="test_is_git_available_false_not_found" time="0.180" /><testcase classname="tests.renderers.latex.test_error_parser.TestLaTeXErrorParser" name="test_analyze_compilation_failure_timeout" time="0.154" /><testcase classname="tests.renderers.latex.images.test_image_placer.TestImagePlacer" name="test_generate_label_from_id" time="0.171" /><testcase classname="tests.core.assets.test_image_manager.TestImageManager" name="test_download_from_url_http_error" time="0.166" /><testcase classname="tests.renderers.latex.test_reference_resolver.TestReferenceResolver" name="test_resolve_book_reference_with_page" time="0.159" /><testcase classname="tests.renderers.latex.test_entry_processor_new_types.TestNewEntryTypes" name="test_process_entry_dict_bonus" time="0.167" /><testcase classname="tests.renderers.latex.test_entry_processor_core.TestRecursiveEntryProcessor" name="test_process_entry_dict_list_empty" time="0.175" /><testcase classname="tests.renderers.latex.test_error_parser.TestLaTeXErrorParser" name="test_analyze_compilation_failure_with_stderr" time="0.166" /><testcase classname="tests.core.sources.test_github.TestGitHubSourceManager" name="test_is_git_available_false_command_error" time="0.161" /><testcase classname="tests.renderers.latex.test_entry_processor_core.TestRecursiveEntryProcessor" name="test_process_entry_dict_list_with_dict_items" time="0.121" /><testcase classname="tests.renderers.latex.test_reference_resolver.TestReferenceResolver" name="test_resolve_book_reference_without_page" time="0.127" /><testcase classname="tests.renderers.latex.images.test_image_placer.TestImagePlacer" name="test_generate_label_from_title" time="0.176" /><testcase classname="tests.core.text.test_tag_parser.TestTagParser" name="test_parse_exception_handling" time="0.223" /><testcase classname="tests.renderers.latex.test_entry_processor_new_types.TestNewEntryTypes" name="test_process_entry_dict_bonus_negative" time="0.159" /><testcase classname="tests.core.assets.test_image_manager.TestImageManager" name="test_download_from_url_exception" time="0.216" /><testcase classname="tests.core.sources.test_github.TestGitHubSourceManager" name="test_get_repository_info_success" time="0.160" /><testcase classname="tests.renderers.latex.test_error_parser.TestLaTeXErrorParser" name="test_analyze_compilation_failure_generic" time="0.161" /><testcase classname="tests.renderers.latex.test_reference_resolver.TestReferenceResolver" name="test_resolve_book_reference_default_context" time="0.137" /><testcase classname="tests.renderers.latex.test_entry_processor_core.TestRecursiveEntryProcessor" name="test_process_entry_dict_table_with_dnd_template" time="0.148" /><testcase classname="tests.renderers.latex.images.test_image_placer.TestImagePlacer" name="test_generate_label_none" time="0.169" /><testcase classname="tests.renderers.latex.test_entry_processor_new_types.TestNewEntryTypes" name="test_process_entry_dict_bonus_speed" time="0.193" /><testcase classname="tests.core.text.test_tag_parser.TestTagParser" name="test_parse_tag_parse_error_handling" time="0.223" /><testcase classname="tests.renderers.latex.test_reference_resolver.TestReferenceResolver" name="test_resolve_section_reference" time="0.124" /><testcase classname="tests.core.assets.test_image_manager.TestImageManager" name="test_generate_cache_key" time="0.194" /><testcase classname="tests.renderers.latex.test_error_parser.TestLaTeXErrorParser" name="test_analyze_compilation_success" time="0.172" /><testcase classname="tests.renderers.latex.test_entry_processor_core.TestRecursiveEntryProcessor" name="test_process_entry_dict_table_empty_rows" time="0.127" /><testcase classname="tests.renderers.latex.images.test_image_placer.TestImagePlacer" name="test_get_required_packages_wrap" time="0.137" /><testcase classname="tests.core.sources.test_github.TestGitHubSourceManager" name="test_get_repository_info_no_repo" time="0.280" /><testcase classname="tests.renderers.latex.test_reference_resolver.TestReferenceResolver" name="test_resolve_section_reference_no_hyperlink_manager" time="0.144" /><testcase classname="tests.renderers.latex.test_entry_processor_new_types.TestNewEntryTypes" name="test_process_entry_dict_dice" time="0.175" /><testcase classname="tests.renderers.latex.test_error_parser.TestLaTeXErrorParser" name="test_get_error_summary_empty" time="0.177" /><testcase classname="tests.core.assets.test_image_manager.TestImageManager" name="test_add_source" time="0.187" /><testcase classname="tests.renderers.latex.test_entry_processor_core.TestRecursiveEntryProcessor" name="test_process_entry_dict_table_no_caption_empty" time="0.183" /><testcase classname="tests.renderers.latex.images.test_image_placer.TestImagePlacer" name="test_get_required_packages_float" time="0.148" /><testcase classname="tests.core.text.test_tag_parser.TestTagParser" name="test_parse_complex_content_with_whitespace" time="0.214" /><testcase classname="tests.core.sources.test_github.TestGitHubSourceManager" name="test_get_repository_info_not_git_repo" time="0.164" /><testcase classname="tests.renderers.latex.test_reference_resolver.TestReferenceResolver" name="test_sanitize_section_label" time="0.142" /><testcase classname="tests.renderers.latex.test_entry_processor_new_types.TestNewEntryTypes" name="test_process_entry_dict_dice_multiple" time="0.151" /><testcase classname="tests.renderers.latex.images.test_image_placer.TestImagePlacer" name="test_get_required_packages_full_width" time="0.147" /><testcase classname="tests.renderers.latex.test_entry_processor_core.TestRecursiveEntryProcessor" name="test_process_entry_dict_quote" time="0.158" /><testcase classname="tests.core.assets.test_image_manager.TestImageManager" name="test_add_local_source" time="0.158" /><testcase classname="tests.renderers.latex.test_error_parser.TestLaTeXErrorParser" name="test_get_error_summary_single_error" time="0.181" /><testcase classname="tests.core.text.test_tag_parser.TestTagParser" name="test_parse_tag_with_numbers_in_name" time="0.182" /><testcase classname="tests.renderers.latex.test_entry_processor_new_types.TestNewEntryTypes" name="test_process_entry_dict_item_simple" time="0.141" /><testcase classname="tests.core.sources.test_github.TestGitHubSourceManager" name="test_get_repository_info_git_command_failure" time="0.174" /><testcase classname="tests.renderers.latex.test_reference_resolver.TestReferenceResolver" name="test_generate_forward_reference_list" time="0.161" /><testcase classname="tests.renderers.latex.images.test_image_placer.TestImagePlacer" name="test_place_image_integration" time="0.140" /><testcase classname="tests.renderers.latex.test_entry_processor_core.TestRecursiveEntryProcessor" name="test_process_entry_dict_quote_no_by" time="0.150" /><testcase classname="tests.core.assets.test_image_manager.TestImageManager" name="test_cleanup_cache" time="0.189" /><testcase classname="tests.core.text.test_tag_parser.TestTagParser" name="test_parse_tag_with_special_characters" time="0.176" /><testcase classname="tests.renderers.latex.test_error_parser.TestLaTeXErrorParser" name="test_get_error_summary_multiple_severities" time="0.203" /><testcase classname="tests.renderers.latex.test_reference_resolver.TestReferenceResolver" name="test_generate_forward_reference_list_empty" time="0.142" /><testcase classname="tests.core.sources.test_github.TestGitHubSourceManager" name="test_remove_repository_success" time="0.145" /><testcase classname="tests.test_rules_intelligence.TestRulesIntelligence" name="test_enhanced_cross_reference_manager_initialization" time="0.120" /><testcase classname="tests.renderers.latex.test_entry_processor_new_types.TestNewEntryTypes" name="test_process_entry_dict_item_with_entries" time="0.168" /><testcase classname="tests.renderers.latex.test_entry_processor_core.TestRecursiveEntryProcessor" name="test_process_entry_dict_generic" time="0.181" /><testcase classname="tests.core.assets.test_image_manager.TestImageManager" name="test_get_cache_info" time="0.169" /><testcase classname="tests.unit.test_base_renderer.TestBaseRenderer" name="test_base_renderer_cannot_be_instantiated" time="0.001" /><testcase classname="tests.unit.test_base_renderer.TestBaseRenderer" name="test_concrete_renderer_creation" time="0.000" /><testcase classname="tests.unit.test_base_renderer.TestBaseRenderer" name="test_concrete_renderer_with_config" time="0.000" /><testcase classname="tests.unit.test_base_renderer.TestBaseRenderer" name="test_concrete_renderer_with_none_config" time="0.000" /><testcase classname="tests.unit.test_base_renderer.TestBaseRenderer" name="test_output_format_abstract_property" time="0.000" /><testcase classname="tests.renderers.latex.test_error_parser.TestLaTeXErrorParser" name="test_get_error_summary_limits_critical_errors" time="0.142" /><testcase classname="tests.unit.test_base_renderer.TestBaseRenderer" name="test_render_abstract_method" time="0.001" /><testcase classname="tests.unit.test_base_renderer.TestBaseRenderer" name="test_validate_content_default_implementation" time="0.001" /><testcase classname="tests.unit.test_base_renderer.TestBaseRenderer" name="test_get_supported_content_types_default_implementation" time="0.000" /><testcase classname="tests.unit.test_base_renderer.TestBaseRenderer" name="test_render_to_file_success" time="0.002" /><testcase classname="tests.unit.test_base_renderer.TestBaseRenderer" name="test_render_to_file_creates_directories" time="0.006" /><testcase classname="tests.renderers.latex.test_reference_resolver.TestReferenceResolver" name="test_generate_reverse_reference_list" time="0.152" /><testcase classname="tests.unit.test_base_renderer.TestBaseRenderer" name="test_render_to_file_with_context" time="0.004" /><testcase classname="tests.test_rules_intelligence.TestRulesIntelligence" name="test_rule_relationship_model" time="0.141" /><testcase classname="tests.core.text.test_tag_parser.TestTagParser" name="test_parse_consecutive_tags" time="0.180" /><testcase classname="tests.unit.test_base_renderer.TestBaseRenderer" name="test_render_to_file_render_error_propagation" time="0.005" /><testcase classname="tests.unit.test_base_renderer.TestBaseRenderer" name="test_render_to_file_write_error_handling" time="0.002" /><testcase classname="tests.core.sources.test_github.TestGitHubSourceManager" name="test_remove_repository_not_exists" time="0.163" /><testcase classname="tests.unit.test_base_renderer.TestBaseRenderer" name="test_render_to_file_utf8_encoding" time="0.006" /><testcase classname="tests.unit.test_base_renderer.TestBaseRenderer" name="test_config_immutability" time="0.000" /><testcase classname="tests.unit.test_base_renderer.TestBaseRenderer" name="test_render_to_file_none_context" time="0.002" /><testcase classname="tests.unit.test_base_renderer.TestBaseRenderer" name="test_multiple_abstract_methods_enforcement" time="0.000" /><testcase classname="tests.unit.test_base_renderer.TestBaseRenderer" name="test_partial_abstract_implementation" time="0.000" /><testcase classname="tests.unit.test_base_renderer.TestBaseRenderer" name="test_render_to_file_error_message_format" time="0.005" /><testcase classname="tests.renderers.latex.test_entry_processor_new_types.TestNewEntryTypes" name="test_process_entry_dict_item_no_name" time="0.171" /><testcase classname="tests.unit.test_base_renderer.TestBaseRenderer" name="test_config_type_flexibility" time="0.001" /><testcase classname="tests.renderers.latex.test_entry_processor_core.TestRecursiveEntryProcessor" name="test_process_section_depth_tracking" time="0.157" /><testcase classname="tests.renderers.latex.test_error_parser.TestLaTeXErrorParser" name="test_suggestions_for_categories" time="0.178" /><testcase classname="tests.test_rules_intelligence.TestRulesIntelligence" name="test_rule_intelligence_service_initialization" time="0.158" /><testcase classname="tests.renderers.latex.test_reference_resolver.TestReferenceResolver" name="test_generate_reverse_reference_list_empty" time="0.170" /><testcase classname="tests.core.sources.test_github.TestGitHubSourceManager" name="test_remove_repository_failure" time="0.156" /><testcase classname="tests.renderers.latex.test_content_organizer.TestContentOrganizer" name="test_organizer_initialization" time="0.157" /><testcase classname="tests.renderers.latex.test_entry_processor_new_types.TestNewEntryTypes" name="test_process_entry_dict_item_punctuation_handling" time="0.166" /><testcase classname="tests.core.text.test_tag_parser.TestTagParser" name="test_parse_empty_tag_parts" time="0.204" /><testcase classname="tests.renderers.latex.test_entry_processor_core.TestRecursiveEntryProcessor" name="test_get_section_command_all_depths" time="0.137" /><testcase classname="tests.latex_engine.core.images.test_content_aware_strategy.TestContentAwarePlacementStrategy" name="test_determine_placement_basic" time="0.053" /><testcase classname="tests.latex_engine.core.images.test_content_aware_strategy.TestContentAwarePlacementStrategy" name="test_determine_placement_with_page_context" time="0.004" /><testcase classname="tests.latex_engine.core.images.test_content_aware_strategy.TestContentAwarePlacementStrategy" name="test_determine_placement_with_user_preferences" time="0.007" /><testcase classname="tests.latex_engine.core.images.test_content_aware_strategy.TestContentAwarePlacementStrategy" name="test_analyze_image_characteristics" time="0.005" /><testcase classname="tests.latex_engine.core.images.test_content_aware_strategy.TestContentAwarePlacementStrategy" name="test_analyze_image_characteristics_artistic" time="0.005" /><testcase classname="tests.latex_engine.core.images.test_content_aware_strategy.TestContentAwarePlacementStrategy" name="test_analyze_content_flow" time="0.006" /><testcase classname="tests.latex_engine.core.images.test_content_aware_strategy.TestContentAwarePlacementStrategy" name="test_analyze_content_flow_bestiary" time="0.004" /><testcase classname="tests.latex_engine.core.images.test_content_aware_strategy.TestContentAwarePlacementStrategy" name="test_analyze_page_position" time="0.003" /><testcase classname="tests.latex_engine.core.images.test_content_aware_strategy.TestContentAwarePlacementStrategy" name="test_analyze_surrounding_context" time="0.003" /><testcase classname="tests.latex_engine.core.images.test_content_aware_strategy.TestContentAwarePlacementStrategy" name="test_analyze_user_preferences" time="0.004" /><testcase classname="tests.latex_engine.core.images.test_content_aware_strategy.TestContentAwarePlacementStrategy" name="test_analyze_technical_constraints" time="0.002" /><testcase classname="tests.core.references.test_hyperlink_manager.TestHyperlinkManager" name="test_manager_initialization" time="0.180" /><testcase classname="tests.latex_engine.core.images.test_content_aware_strategy.TestContentAwarePlacementStrategy" name="test_calculate_placement_scores" time="0.002" /><testcase classname="tests.latex_engine.core.images.test_content_aware_strategy.TestContentAwarePlacementStrategy" name="test_determine_optimal_size" time="0.002" /><testcase classname="tests.latex_engine.core.images.test_content_aware_strategy.TestContentAwarePlacementStrategy" name="test_determine_optimal_size_full_width" time="0.004" /><testcase classname="tests.core.sources.test_github.TestGitHubSourceManager" name="test_list_content_files_success" time="0.176" /><testcase classname="tests.latex_engine.core.images.test_content_aware_strategy.TestContentAwarePlacementStrategy" name="test_calculate_confidence" time="0.006" /><testcase classname="tests.latex_engine.core.images.test_content_aware_strategy.TestContentAwarePlacementStrategy" name="test_calculate_confidence_close_scores" time="0.002" /><testcase classname="tests.latex_engine.core.images.test_content_aware_strategy.TestContentAwarePlacementStrategy" name="test_strategy_initialization" time="0.004" /><testcase classname="tests.test_rules_intelligence.TestRulesIntelligence" name="test_register_rule_content_success" time="0.395" /><testcase classname="tests.renderers.latex.test_reference_resolver.TestReferenceResolver" name="test_find_unresolved_references_no_cross_ref_manager" time="0.200" /><testcase classname="tests.latex_engine.core.images.test_content_aware_strategy.TestContentAwarePlacementStrategy" name="test_concurrent_factor_analysis" time="0.014" /><testcase classname="tests.latex_engine.core.images.test_content_aware_strategy.TestContentAwarePlacementStrategy" name="test_error_handling_in_factors" time="0.016" /><testcase classname="tests.core.text.test_tag_parser.TestTagParser" name="test_grammar_file_exists" time="0.218" /><testcase classname="tests.renderers.latex.test_content_organizer.TestContentOrganizer" name="test_sort_spells" time="0.238" /><testcase classname="tests.renderers.latex.test_entry_processor_core.TestRecursiveEntryProcessor" name="test_process_text_with_tags_no_resolver" time="0.209" /><testcase classname="tests.unit.models.test_adventures.TestAdventure" name="test_adventure_creation_minimal" time="0.106" /><testcase classname="tests.core.references.test_hyperlink_manager.TestHyperlinkManager" name="test_should_create_hyperlink" time="0.160" /><testcase classname="tests.core.sources.test_github.TestGitHubSourceManager" name="test_list_content_files_no_repo" time="0.151" /><testcase classname="tests.renderers.latex.test_reference_resolver.TestReferenceResolver" name="test_find_unresolved_references_with_issues" time="0.136" /><testcase classname="tests.unit.models.test_adventures.TestAdventure" name="test_adventure_creation_full" time="0.069" /><testcase classname="tests.renderers.latex.test_entry_processor_core.TestRecursiveEntryProcessor" name="test_process_text_with_tags_empty_text" time="0.138" /><testcase classname="tests.renderers.latex.test_content_organizer.TestContentOrganizer" name="test_sort_creatures" time="0.163" /><testcase classname="tests.core.text.test_tag_parser.TestTagParser" name="test_parser_initialization_lark_error" time="0.201" /><testcase classname="tests.unit.models.test_adventures.TestAdventure" name="test_adventure_from_metadata_content_structure" time="0.050" /><testcase classname="tests.core.references.test_hyperlink_manager.TestHyperlinkManager" name="test_create_basic_hyperlink" time="0.144" /><testcase classname="tests.renderers.latex.test_reference_resolver.TestReferenceResolver" name="test_find_unresolved_references_with_content_no_definition_page" time="0.143" /><testcase classname="tests.core.sources.test_github.TestGitHubSourceManager" name="test_list_content_files_exclude_patterns" time="0.159" /><testcase classname="tests.unit.models.test_adventures.TestAdventure" name="test_adventure_from_content_only_structure" time="0.039" /><testcase classname="tests.test_rules_intelligence.TestRulesIntelligence" name="test_discover_rule_relationships" time="0.277" /><testcase classname="tests.unit.models.test_adventures.TestAdventure" name="test_adventure_from_metadata_only_structure" time="0.051" /><testcase classname="tests.renderers.latex.test_entry_processor_core.TestRecursiveEntryProcessor" name="test_escape_latex_special_characters" time="0.162" /><testcase classname="tests.renderers.latex.test_content_organizer.TestContentOrganizer" name="test_sort_creatures_string_cr" time="0.148" /><testcase classname="tests.renderers.latex.test_entry_processor_errors.TestRecursiveEntryProcessorEnhanced" name="test_initialization_with_validation_mode" time="0.148" /><testcase classname="tests.unit.models.test_adventures.TestAdventure" name="test_id_validation" time="0.063" /><testcase classname="tests.renderers.latex.test_reference_resolver.TestReferenceResolver" name
[...]
ls.TestImageCharacteristic" name="test_image_characteristic_coverage" time="0.001" /><testcase classname="tests.latex_engine.core.images.test_image_registry.TestImageCatalogEntry" name="test_basic_catalog_entry" time="0.225" /><testcase classname="tests.mcp.test_fastmcp_integration.TestToolRegistryIntegration" name="test_tool_registry_functionality" time="0.001" /><testcase classname="tests.mcp.test_fastmcp_integration.TestToolRegistryIntegration" name="test_registry_tool_listing_consistency" time="0.002" /><testcase classname="tests.mcp.test_fastmcp_integration.TestErrorHandling" name="test_search_error_handling" time="0.130" /><testcase classname="tests.latex_engine.core.images.test_image_registry.TestBatchProcessingJob" name="test_pending_job" time="0.261" /><testcase classname="tests.integration.test_adventure_conversion.TestAdventureConversion" name="test_latex_output_quality" time="10.349" /><testcase classname="tests.latex_engine.core.images.test_adventure_integration.TestAdventureImageIntegrationAsync" name="test_concurrent_processing" time="0.273" /><testcase classname="tests.mcp.test_fastmcp_integration.TestErrorHandling" name="test_tool_listing_error_resilience" time="0.001" /><testcase classname="tests.mcp.test_fastmcp_integration.TestPerformanceMonitoring" name="test_performance_metrics_collection" time="0.022" /><testcase classname="tests.mcp.test_fastmcp_integration.TestPerformanceMonitoring" name="test_performance_target_validation" time="0.000" /><testcase classname="tests.mcp.tools.encounter.test_migration_helpers.TestBalanceAnalysisConversions" name="test_dataclass_to_pydantic_basic" time="0.001" /><testcase classname="tests.mcp.tools.encounter.test_migration_helpers.TestBalanceAnalysisConversions" name="test_pydantic_to_dataclass_basic" time="0.001" /><testcase classname="tests.latex_engine.core.images.test_image_registry.TestImageCatalogEntry" name="test_processed_catalog_entry" time="0.251" /><testcase classname="tests.latex_engine.core.images.test_image_registry.TestImageCatalog" name="test_empty_catalog_creation" time="0.304" /><testcase classname="tests.latex_engine.core.images.test_image_registry.TestBatchProcessingJob" name="test_completed_job" time="0.257" /><testcase classname="tests.latex_engine.core.images.test_image_registry.TestBatchResult" name="test_successful_batch_result" time="0.275" /><testcase classname="tests.core.assets.test_image_enhancement.TestEnhancedImageManager" name="test_cache_info_integration" time="0.011" /><testcase classname="tests.core.assets.test_image_enhancement.TestEnhancedImageManager" name="test_cleanup_delegation" time="0.024" /><testcase classname="tests.renderers.core.test_enhancers.TestPipelineFactories" name="test_create_latex_enhancement_pipeline" time="0.003" /><testcase classname="tests.renderers.core.test_enhancers.TestPipelineFactories" name="test_create_plain_text_enhancement_pipeline" time="0.001" /><testcase classname="tests.renderers.core.test_handlers.TestCreatureTagHandler" name="test_creature_handler_initialization" time="0.002" /><testcase classname="tests.renderers.core.test_handlers.TestCreatureTagHandler" name="test_extract_content_info" time="0.002" /><testcase classname="tests.renderers.core.test_handlers.TestSpellTagHandler" name="test_spell_handler_initialization" time="0.000" /><testcase classname="tests.renderers.core.test_handlers.TestSpellTagHandler" name="test_extract_content_info" time="0.002" /><testcase classname="tests.renderers.core.test_handlers.TestItemTagHandler" name="test_item_handler_initialization" time="0.002" /><testcase classname="tests.renderers.core.test_handlers.TestItemTagHandler" name="test_extract_content_info" time="0.003" /><testcase classname="tests.latex_engine.core.images.test_image_registry.TestAdventureImageRegistryAsync" name="test_concurrent_cataloging" time="0.396" /><testcase classname="tests.latex_engine.core.images.test_image_registry.TestImageCatalog" name="test_populated_catalog" time="0.381" /><testcase classname="tests.mcp.test_fastmcp_integration.TestConfigurationToolIntegration" name="test_configuration_tools_available" time="0.001" /><testcase classname="tests.mcp.test_fastmcp_integration.TestConfigurationToolIntegration" name="test_configuration_tool_integration" time="0.002" /><testcase classname="tests.renderers.core.test_interfaces.TestRenderingContext" name="test_rendering_context_minimal" time="0.001" /><testcase classname="tests.renderers.core.test_interfaces.TestRenderingContext" name="test_rendering_context_with_services" time="0.000" /><testcase classname="tests.renderers.core.test_real_data_integration.TestRealDataPerformance" name="test_memory_usage_with_large_content" time="0.000"><skipped type="pytest.skip" message="Requires full 5etools data with sources ['xphb', 'xmm', 'xdmg']. Run 'make test-full-data' to test with full dataset (sets STUDIORUM_TEST_FULL_DATA=1).">/Users/sam/Code/studiorum/tests/renderers/core/test_real_data_integration.py:365: Requires full 5etools data with sources ['xphb', 'xmm', 'xdmg']. Run 'make test-full-data' to test with full dataset (sets STUDIORUM_TEST_FULL_DATA=1).</skipped></testcase><testcase classname="tests.renderers.core.test_real_data_integration.TestRealDataPerformance" name="test_concurrent_rendering_safety" time="0.001"><skipped type="pytest.skip" message="Requires full 5etools data with sources ['xphb', 'xmm', 'xdmg']. Run 'make test-full-data' to test with full dataset (sets STUDIORUM_TEST_FULL_DATA=1).">/Users/sam/Code/studiorum/tests/renderers/core/test_real_data_integration.py:415: Requires full 5etools data with sources ['xphb', 'xmm', 'xdmg']. Run 'make test-full-data' to test with full dataset (sets STUDIORUM_TEST_FULL_DATA=1).</skipped></testcase><testcase classname="tests.mcp.tools.test_config_tools.TestUtilityFunctions" name="test_ensure_presets_dir" time="0.507" /><testcase classname="tests.renderers.latex.images.test_image_placer.TestPlacementConfig" name="test_default_config" time="0.002" /><testcase classname="tests.renderers.latex.images.test_image_placer.TestPlacementConfig" name="test_custom_config" time="0.000" /><testcase classname="tests.renderers.latex.images.test_image_placer.TestPlacementResult" name="test_placement_result_creation" time="0.000" /><testcase classname="tests.renderers.latex.images.test_image_placer.TestPlacementResult" name="test_placement_result_with_caption" time="0.002" /><testcase classname="tests.renderers.latex.images.test_image_processor.TestProcessedImage" name="test_processed_image_creation" time="0.002" /><testcase classname="tests.renderers.latex.images.test_image_processor.TestProcessedImage" name="test_processed_image_with_caption" time="0.002" /><testcase classname="tests.renderers.latex.test_content_organizer.TestContentOrganizerIntegration" name="test_organize_mixed_content_for_book" time="0.006" /><testcase classname="tests.latex_engine.core.images.test_image_registry.TestAdventureImageRegistryIntegration" name="test_real_adventure_cataloging" time="0.332"><skipped type="pytest.skip" message="Requires real adventure data">/Users/sam/Code/studiorum/tests/latex_engine/core/images/test_image_registry.py:724: Requires real adventure data</skipped></testcase><testcase classname="tests.renderers.latex.test_content_organizer.TestContentOrganizerIntegration" name="test_organize_large_spell_collection" time="0.002" /><testcase classname="tests.renderers.latex.test_entry_renderers.TestBaseEntryRenderer" name="test_cannot_instantiate_base_renderer" time="0.000" /><testcase classname="tests.renderers.latex.test_entry_renderers.TestBaseEntryRenderer" name="test_base_renderer_interface" time="0.004" /><testcase classname="tests.renderers.latex.test_entry_renderers.TestCreatureEntryRenderer" name="test_get_template_name" time="0.002" /><testcase classname="tests.renderers.latex.test_entry_renderers.TestCreatureEntryRenderer" name="test_get_template_context" time="0.006" /><testcase classname="tests.renderers.latex.test_entry_renderers.TestItemEntryRenderer" name="test_get_template_name" time="0.001" /><testcase classname="tests.renderers.latex.test_entry_renderers.TestItemEntryRenderer" name="test_get_template_context" time="0.005" /><testcase classname="tests.latex_engine.core.images.test_image_registry.TestBatchResult" name="test_failed_batch_result" time="0.316" /><testcase classname="tests.mcp.tools.test_config_tools.TestConfigurationResponse" name="test_default_values" time="0.001" /><testcase classname="tests.renderers.latex.test_entry_renderers.TestRendererPerformance" name="test_renderer_reuse" time="0.006" /><testcase classname="tests.mcp.tools.test_config_tools.TestConfigurationResponse" name="test_custom_values" time="0.002" /><testcase classname="tests.renderers.latex.test_entry_renderers.TestRendererPerformance" name="test_memory_usage_with_large_content" time="0.008" /><testcase classname="tests.renderers.latex.test_reference_resolver.TestReferenceContext" name="test_init_defaults" time="0.003" /><testcase classname="tests.renderers.latex.test_reference_resolver.TestReferenceContext" name="test_init_custom_values" time="0.001" /><testcase classname="tests.renderers.core.test_handlers.TestDefaultCoreHandlers" name="test_get_default_core_handlers" time="0.277" /><testcase classname="tests.latex_engine.core.images.test_image_registry.TestAdventureImageRegistryAsync" name="test_registry_locking" time="0.330" /><testcase classname="tests.property_based.test_creature_properties.TestCreatureEdgeCases" name="test_edge_case_creatures" time="0.730" /><testcase classname="tests.latex_engine.core.images.test_image_registry.TestAdventureImageRegistryIntegration" name="test_large_batch_processing" time="0.277"><skipped type="pytest.skip" message="Requires large test dataset">/Users/sam/Code/studiorum/tests/latex_engine/core/images/test_image_registry.py:729: Requires large test dataset</skipped></testcase><testcase classname="tests.property_based.test_spell_properties.TestSpellEdgeCases" name="test_cantrip_level_zero_handling" time="0.002" /><testcase classname="tests.property_based.test_spell_properties.TestSpellEdgeCases" name="test_classic_spell_examples" time="0.506" /><testcase classname="tests.renderers.core.test_handlers.TestDefaultCoreHandlers" name="test_handlers_are_properly_typed" time="0.186" /><testcase classname="tests.renderers.core.test_interfaces.TestTagValidationError" name="test_tag_validation_error_creation" time="0.002" /><testcase classname="tests.renderers.core.test_interfaces.TestTagValidationError" name="test_tag_validation_error_minimal" time="0.000" /><testcase classname="tests.unit.services.test_lifecycle.TestServiceLifecycle" name="test_lifecycle_enum_values" time="0.002" /><testcase classname="tests.unit.services.test_lifecycle.TestServiceLifecycle" name="test_lifecycle_enum_completeness" time="0.002" /><testcase classname="tests.unit.services.test_lifecycle.TestCleanupPriority" name="test_priority_ordering" time="0.002" /><testcase classname="tests.unit.services.test_lifecycle.TestCleanupPriority" name="test_priority_values" time="0.001" /><testcase classname="tests.unit.services.test_lifecycle.TestServiceDescriptorValidation" name="test_valid_descriptor_passes" time="0.000" /><testcase classname="tests.unit.services.test_lifecycle.TestServiceDescriptorValidation" name="test_invalid_descriptor_raises" time="0.001" /><testcase classname="tests.unit.test_configurable_source_manager.TestFileSystemSourceManager" name="test_new_interface_methods_exist" time="0.005" /><testcase classname="tests.unit.test_configurable_source_manager.TestFileSystemSourceManager" name="test_filesystem_manager_dual_file_methods" time="0.001" /><testcase classname="tests.renderers.latex.test_tag_renderer.TestContentTypeStyleConfig" name="test_default_styles" time="0.324" /><testcase classname="tests.renderers.latex.test_reference_resolver.TestReferenceResolverEdgeCases" name="test_context_with_hyperlinks_disabled" time="0.363" /><testcase classname="tests.mcp.tools.test_config_tools.TestUtilityFunctions" name="test_get_current_config_dict" time="0.469" /><testcase classname="tests.unit.test_json_loader.TestJsonDataLoaderContentTypeValidation" name="test_spell_loader_with_spell_data_succeeds" time="0.186" /><testcase classname="tests.renderers.latex.test_tag_renderer.TestContentTypeStyleConfig" name="test_style_customization" time="0.284" /><testcase classname="tests.renderers.latex.test_reference_resolver.TestReferenceResolverEdgeCases" name="test_context_with_cross_ref_disabled" time="0.275" /><testcase classname="tests.unit.test_json_loader.TestJsonDataLoaderContentTypeValidation" name="test_spell_loader_with_class_data_should_fail" time="0.193" /><testcase classname="tests.unit.test_models.TestSource" name="test_source_creation" time="0.001" /><testcase classname="tests.unit.test_models.TestSource" name="test_source_str" time="0.001" /><testcase classname="tests.core.assets.test_image_enhancement" name="test_full_integration_scenario" time="30.048" /><testcase classname="tests.unit.core.test_validation_error_handling.TestBackwardCompatibility" name="test_existing_json_loader_behavior_preserved" time="0.007" /><testcase classname="tests.unit.core.test_validation_error_handling.TestBackwardCompatibility" name="test_existing_tests_still_pass" time="0.000" /><testcase classname="tests.core.loaders.test_content_sources.TestContentSourceMetadata" name="test_creation" time="0.001" /><testcase classname="tests.core.test_entry_registry.TestValidationMode" name="test_validation_modes_exist" time="0.000" /><testcase classname="tests.core.test_entry_registry.TestEntryTypeCategory" name="test_categories_exist" time="0.001" /><testcase classname="tests.core.test_exceptions.TestBaseError" name="test_basic_error" time="0.000" /><testcase classname="tests.performance.test_creature_collection_performance.TestCreatureProcessingBenchmarks" name="test_creature_stat_block_generation_performance" time="0.920" /><testcase classname="tests.renderers.latex.test_tag_renderer.TestConfigurableLaTeXTagRenderer" name="test_custom_style_configuration" time="0.304" /><testcase classname="tests.property_based.test_creature_properties.TestCreatureEdgeCases" name="test_minimum_viable_creature" time="0.002" /><testcase classname="tests.unit.core.test_validation_error_handling.TestPerformanceImpact" name="test_error_tracker_performance_with_many_errors" time="0.047" /><testcase classname="tests.latex_engine.core.images.test_image_registry.TestRegistryStats" name="test_registry_statistics" time="0.226" /><testcase classname="tests.mcp.tools.encounter.test_balancer_pydantic" name="test_comprehensive_analysis_workflow" time="0.004" /><testcase classname="tests.unit.core.test_validation_error_handling.TestPerformanceImpact" name="test_hash_collision_handling" time="0.001" /><testcase classname="tests.mcp.tools.encounter.test_migration_helpers" name="test_comprehensive_migration_workflow" time="0.002" /><testcase classname="tests.mcp.tools.encounter.test_themes_pydantic" name="test_integration_environmental_and_thematic" time="0.003" /><testcase classname="tests.mcp.tools.test_config_tools.TestPresetInfo" name="test_preset_info_creation" time="0.001" /><testcase classname="tests.property_based.test_content_stateful.TestStatefulContentManagement" name="test_content_resolution_state_machine" time="1.728" /><testcase classname="tests.security.test_latex_injection.TestSecureTemplatePatterns" name="test_secure_variable_usage" time="0.390" /><testcase classname="tests.renderers.latex.test_tag_renderer.TestConfigurableLaTeXTagRenderer" name="test_default_configuration" time="0.265" /><testcase classname="tests.performance.test_creature_scale_benchmarks.TestRenderingPerformanceScale" name="test_rendering_scalability_stress_test" time="0.311" /><testcase classname="tests.renderers.latex.images.test_format_converter.TestConversionResult" name="test_conversion_result_creation" time="0.001" /><testcase classname="tests.renderers.latex.test_compilation_config.TestLaTeXEngine" name="test_engine_values" time="0.002" /><testcase classname="tests.renderers.latex.test_error_parser.TestErrorCategory" name="test_category_values" time="0.001" /><testcase classname="tests.renderers.latex.test_progress_tracker.TestNoProgressReporter" name="test_no_op_methods" time="0.000" /><testcase classname="tests.security.test_latex_injection.TestLaTeXSecurityValidation" name="test_validate_safe_latex" time="0.002" /><testcase classname="tests.security.test_latex_injection.TestSecureTemplatePatterns" name="test_safe_content_handling" time="0.295" /><testcase classname="tests.cli.commands.test_convert_helpers.TestSpecialCases" name="test_phb_abbreviation_fallback" time="0.000"><skipped type="pytest.skip" message="Test requires proper isolation from global container">/Users/sam/Code/studiorum/tests/cli/commands/test_convert_helpers.py:131: Test requires proper isolation from global container</skipped></testcase><testcase classname="tests.renderers.latex.test_compilation_config.TestCompilationMode" name="test_mode_values" time="0.002" /><testcase classname="tests.unit.test_models.TestSpellComponent" name="test_material_component_parsing" time="0.002" /><testcase classname="tests.unit.test_renderers.TestRendererIntegration" name="test_full_rendering_pipeline" time="0.945" /><testcase classname="tests.unit.test_cli.TestCLIIntegration" name="test_quick_convert_integration" time="5.043" /><testcase classname="tests.unit.test_omnidexer.TestIndexEntry" name="test_index_entry_creation" time="0.307" /><testcase classname="tests.performance.test_creature_collection_performance.TestCreatureProcessingBenchmarks" name="test_multiple_creatures_processing_performance" time="0.759" /><testcase classname="tests.unit.test_omnidexer.TestOmnidexerMetadataOnlyLoading" name="test_omnidexer_loads_only_metadata_files" time="0.027" /><testcase classname="tests.unit.test_omnidexer.TestOmnidexerMetadataOnlyLoading" name="test_omnidexer_interface_separation" time="0.007" /><testcase classname="tests.unit.test_renderers.TestRendererIntegration" name="test_error_handling_unknown_content_type" time="0.291" /><testcase classname="tests.renderers.latex.test_error_parser.TestErrorSeverity" name="test_severity_values" time="0.002" /><testcase classname="tests.renderers.latex.images.test_format_converter.TestFormatConverterWithoutPIL" name="test_init_without_pil" time="0.005" /><testcase classname="tests.renderers.latex.images.test_image_processor.TestImageProcessorIntegration" name="test_full_pipeline_mock" time="0.299" /><testcase classname="tests.integration.test_book_conversion.TestBookConversion" name="test_no_hardcoded_phb_paths" time="8.880" /><testcase classname="tests.unit.test_content_source_manager.TestContentSourceManagerIntegration" name="test_directory_source_integration" time="0.010" /><testcase classname="tests.unit.test_json_loader.TestJsonDataLoaderBookIntegration" name="test_5etools_book_format_full_validation" time="0.177" /><testcase classname="tests.integration.test_adventure_conversion.TestAdventureConversion" name="test_error_handling_graceful_degradation" time="4.570" /><testcase classname="tests.integration.test_adventure_conversion.TestAdventureConversion" name="test_memory_usage_reasonable" time="7.545" /><testcase classname="tests.integration.test_book_conversion.TestBookConversion" name="test_book_error_handling" time="4.187" /><testcase classname="tests.integration.test_book_conversion.TestBookConversion" name="test_book_memory_usage_reasonable" time="7.187" /><testcase classname="tests.integration.test_book_conversion.TestBookConversion" name="test_book_vs_adventure_consistency" time="0.388" /><testcase classname="tests.core.assets.test_image_manager.TestImageAsset" name="test_image_asset_creation" time="0.001" /><testcase classname="tests.core.config.test_workflow_config.TestWorkflowUtilities" name="test_available_workflows" time="0.001" /></testsuite></testsuites>
